[Licensing::Module] Trying to connect to existing licensing client channel...
Built from '6000.3/staging' branch; Version is '6000.3.9f1 (7a9955a4f2fa) revision 8034645'; Using compiler version '194234433'; Build Type 'Release'
[Licensing::IpcConnector] Successfully connected to: "LicenseClient-沐" at "2026-03-26T08:53:02.8196204Z"
OS: 'Windows 11  (10.0.26200) CoreCountrySpecific' Language: 'zh' Physical Memory: 32475 MB
BatchMode: 1, IsHumanControllingUs: 0, StartBugReporterOnCrash: 0, Is64bit: 1
System  architecture: x64
Process architecture: x64
Date: 2026-03-26T08:53:02Z

COMMAND LINE ARGUMENTS:
D:\Unity Internnational\6000.3.9f1\Editor\Unity.exe
-adb2
-batchMode
-noUpm
-name
AssetImportWorker2
-projectPath
D:/unity/AssemblyRecorderDemo
-logFile
Logs/AssetImportWorker2.log
-srvPort
52822
-licensingIpc
LicenseClient-沐
-job-worker-count
13
-background-job-worker-count
8
-gc-helper-count
1
-name
AssetImport
Successfully changed project path to: D:/unity/AssemblyRecorderDemo
D:/unity/AssemblyRecorderDemo
[UnityMemory] Configuration Parameters - Can be set up in boot.config
    "memorysetup-temp-allocator-size-nav-mesh-worker=65536"
    "memorysetup-temp-allocator-size-audio-worker=65536"
    "memorysetup-temp-allocator-size-gfx=262144"
    "memorysetup-allocator-temp-initial-block-size-main=262144"
    "memorysetup-allocator-temp-initial-block-size-worker=262144"
    "memorysetup-temp-allocator-size-background-worker=32768"
    "memorysetup-temp-allocator-size-job-worker=262144"
    "memorysetup-temp-allocator-size-preload-manager=33554432"
    "memorysetup-temp-allocator-size-gi-baking-worker=262144"
    "memorysetup-temp-allocator-size-gi-baking-worker=262144"
    "memorysetup-temp-allocator-size-gi-baking-worker=262144"
    "memorysetup-temp-allocator-size-gi-baking-worker=262144"
    "memorysetup-temp-allocator-size-gi-baking-worker=262144"
    "memorysetup-bucket-allocator-granularity=16"
    "memorysetup-bucket-allocator-bucket-count=8"
    "memorysetup-bucket-allocator-block-size=33554432"
    "memorysetup-bucket-allocator-block-count=8"
    "memorysetup-main-allocator-block-size=16777216"
    "memorysetup-thread-allocator-block-size=16777216"
    "memorysetup-gfx-main-allocator-block-size=16777216"
    "memorysetup-gfx-thread-allocator-block-size=16777216"
    "memorysetup-cache-allocator-block-size=4194304"
    "memorysetup-typetree-allocator-block-size=2097152"
    "memorysetup-profiler-bucket-allocator-granularity=16"
    "memorysetup-profiler-bucket-allocator-bucket-count=8"
    "memorysetup-profiler-bucket-allocator-block-size=33554432"
    "memorysetup-profiler-bucket-allocator-block-count=8"
    "memorysetup-profiler-allocator-block-size=16777216"
    "memorysetup-profiler-editor-allocator-block-size=1048576"
    "memorysetup-temp-allocator-size-main=16777216"
    "memorysetup-job-temp-allocator-block-size=2097152"
    "memorysetup-job-temp-allocator-block-size-background=1048576"
    "memorysetup-job-temp-allocator-reduction-small-platforms=262144"
    "memorysetup-temp-allocator-size-cloud-worker=32768"
Player connection [23948]  Target information:

Player connection [23948]  * "[IP] 2.0.0.1 [Port] 0 [Flags] 2 [Guid] 180239653 [EditorId] 180239653 [Version] 1048832 [Id] WindowsEditor(7,LAPTOP) [Debug] 1 [PackageName] WindowsEditor [ProjectName] Editor" 

Player connection [23948]  * "[IP] 198.18.0.1 [Port] 0 [Flags] 2 [Guid] 180239653 [EditorId] 180239653 [Version] 1048832 [Id] WindowsEditor(7,LAPTOP) [Debug] 1 [PackageName] WindowsEditor [ProjectName] Editor" 

Player connection [23948]  * "[IP] 192.168.31.211 [Port] 0 [Flags] 2 [Guid] 180239653 [EditorId] 180239653 [Version] 1048832 [Id] WindowsEditor(7,LAPTOP) [Debug] 1 [PackageName] WindowsEditor [ProjectName] Editor" 

Player connection [23948] Host joined multi-casting on [225.0.0.222:54997]...
Player connection [23948] Host joined alternative multi-casting on [225.0.0.222:34997]...
JobSystem: Creating JobQueue using job-worker-count value 13
Input System module state changed to: Initialized.
[Physics::Module] Initialized fallback backend.
[Physics::Module] Id: 0xdecafbad
Library Redirect Path: Library/
[Physics::Module] Selected backend.
[Physics::Module] Name: PhysX
[Physics::Module] Id: 0xf2b8ea05
[Physics::Module] SDK Version: 4.1.2
[Physics::Module] Integration Version: 1.0.0
[Physics::Module] Threading Mode: Multi-Threaded
[Licensing::Module] Licensing is not yet initialized.
[Licensing::Client] Handshaking with LicensingClient:
  Version:                 1.17.4+4293ba1
  Session Id:              635e2b72f8694640b4613ef3a1b8753a
  Correlation Id:          e3fb0f90f8fc8afd447e889c7f61c996
  External correlation Id: 4686292999512883150
  Machine Id:              /K+uJUKyQ9AtqiujAhf/Di5Mf4g=
[Licensing::Module] Successfully connected to LicensingClient on channel: "LicenseClient-沐" (connect: 0.00s, validation: 0.00s, handshake: 1.68s)
[Licensing::IpcConnector] Successfully connected to: "LicenseClient-沐-notifications" at "2026-03-26T08:53:04.5052335Z"
[Licensing::Module] Licensing Background thread has ended after 1.69s
[Licensing::Module] Licensing is initialized (took 0.49s).
[Licensing::Client] Successfully resolved entitlement details
[Licensing::Module] License group:
  Id: F4-KSNM-8VVP-T5T8-2VBU-XXXX
  Product: Unity Personal
  Type: ULF
  Expiration: 2026-04-06T09:52:04Z
[Licensing::Module] License group:
  Id: ewogICJzdWJzR3JvdXAiIDogInVuaXR5IGVkaXRvciIsCiAgIm5hbWVzcGFjZSIgOiAidW5pdHlfZWRpdG9yIiwKICAidHlwZSIgOiAiRURJVE9SIiwKICAidGFnIiA6ICJVbml0eVBlcnNvbmFsXXXX
  Product: Unity Personal Version
  Type: Assigned
  Expiration: Unlimited
Refreshing native plugins compatible for Editor in 35.91 ms, found 14 plugins.
Preloading 2 native plugins for Editor in 3.00 ms.
Initialize engine version: 6000.3.9f1 (7a9955a4f2fa)
[Subsystems] Discovering subsystems at path D:/Unity Internnational/6000.3.9f1/Editor/Data/Resources/UnitySubsystems
[Subsystems] Discovering subsystems at path D:/unity/AssemblyRecorderDemo/Assets
GfxDevice: creating device client; kGfxThreadingModeNonThreaded
Direct3D:
    Version:  Direct3D 11.0 [level 11.1]
    Renderer: NVIDIA GeForce RTX 4070 Laptop GPU (ID=0x2860)
    Vendor:   NVIDIA
    VRAM:     7948 MB
    Driver:   32.0.15.8180
Initialize mono
Mono path[0] = 'D:/Unity Internnational/6000.3.9f1/Editor/Data/Managed'
Mono path[1] = 'D:/Unity Internnational/6000.3.9f1/Editor/Data/MonoBleedingEdge/lib/mono/unityjit-win32'
Mono config path = 'D:/Unity Internnational/6000.3.9f1/Editor/Data/MonoBleedingEdge/etc'
Using monoOptions --debugger-agent=transport=dt_socket,embedding=1,server=y,suspend=n,address=127.0.0.1:56680
Begin MonoManager ReloadAssembly
Registering precompiled unity dll's ...
Register platform support module: D:/Unity Internnational/6000.3.9f1/Editor/Data/PlaybackEngines/WindowsStandaloneSupport/UnityEditor.WindowsStandalone.Extensions.dll
Register platform support module: D:/Unity Internnational/6000.3.9f1/Editor/Data/PlaybackEngines/AndroidPlayer/UnityEditor.Android.Extensions.dll
Registered in 0.004492 seconds.
- Loaded All Assemblies, in  0.461 seconds
Native extension for Android target not found
Android Extension - Scanning For ADB Devices 358 ms
Native extension for WindowsStandalone target not found
ScheduleIndexationOnStartup MainProcess:False IndexOnStartup:True
Mono: successfully reloaded assembly
- Finished resetting the current domain, in  0.782 seconds
Domain Reload Profiling: 1237ms
	BeginReloadAssembly (188ms)
		ExecutionOrderSort (0ms)
		DisableScriptedObjects (0ms)
		BackupInstance (0ms)
		ReleaseScriptingObjects (0ms)
		CreateAndSetChildDomain (1ms)
	RebuildCommonClasses (36ms)
	RebuildNativeTypeToScriptingClass (11ms)
	initialDomainReloadingComplete (55ms)
	LoadAllAssembliesAndSetupDomain (165ms)
		LoadAssemblies (179ms)
		RebuildTransferFunctionScriptingTraits (0ms)
		AnalyzeDomain (162ms)
			TypeCache.Refresh (160ms)
				TypeCache.ScanAssembly (147ms)
			BuildScriptInfoCaches (0ms)
			ResolveRequiredComponents (1ms)
	FinalizeReload (783ms)
		ReleaseScriptCaches (0ms)
		RebuildScriptCaches (0ms)
		SetupLoadedEditorAssemblies (729ms)
			LogAssemblyErrors (0ms)
			InitializePlatformSupportModulesInManaged (451ms)
			SetLoadedEditorAssemblies (3ms)
			BeforeProcessingInitializeOnLoad (74ms)
			ProcessInitializeOnLoadAttributes (137ms)
			ProcessInitializeOnLoadMethodAttributes (63ms)
			AfterProcessingInitializeOnLoad (0ms)
			EditorAssembliesLoaded (0ms)
		ExecutionOrderSort2 (0ms)
		AwakeInstancesAfterBackupRestoration (0ms)
========================================================================
Worker process is ready to serve import requests
Import Worker Mode flag is 0x00
Begin MonoManager ReloadAssembly
[Licensing::Client] Successfully resolved entitlement details
[Licensing::Module] License group:
  Id: F4-KSNM-8VVP-T5T8-2VBU-XXXX
  Product: Unity Personal
  Type: ULF
  Expiration: 2026-04-06T09:52:04Z
[Licensing::Module] License group:
  Id: ewogICJzdWJzR3JvdXAiIDogInVuaXR5IGVkaXRvciIsCiAgIm5hbWVzcGFjZSIgOiAidW5pdHlfZWRpdG9yIiwKICAidHlwZSIgOiAiRURJVE9SIiwKICAidGFnIiA6ICJVbml0eVBlcnNvbmFsXXXX
  Product: Unity Personal Version
  Type: Assigned
  Expiration: Unlimited
Duplicate assembly 'System.Runtime.CompilerServices.Unsafe.dll' with different versions detected, using 'Packages/com.unity.ai.assistant/Plugins/Shared/System.Runtime.CompilerServices.Unsafe.dll, AssemblyName=System.Runtime.CompilerServices.Unsafe, Version=6.0.3.0, Culture=neutral, PublicKeyToken=b03f5f7f11d50a3a' and ignoring 'Packages/com.unity.collections/Unity.Collections.Tests/System.Runtime.CompilerServices.Unsafe/System.Runtime.CompilerServices.Unsafe.dll, AssemblyName=System.Runtime.CompilerServices.Unsafe, Version=6.0.0.0, Culture=neutral, PublicKeyToken=b03f5f7f11d50a3a'.Symbol file LoadedFromMemory is not a mono symbol file
Symbol file LoadedFromMemory is not a mono symbol file
- Loaded All Assemblies, in  1.745 seconds
Refreshing native plugins compatible for Editor in 15.57 ms, found 14 plugins.
Native extension for Android target not found
Native extension for WindowsStandalone target not found
Package Manager log level set to [2]
[Package Manager] Failed to launch server process. Reason: Unity was launched with the -noUpm command-line argument
[Package Manager] Unable to send message (not connected to server process).
[Package Manager] Cannot connect to Unity Package Manager local server
Duplicate assembly 'System.Runtime.CompilerServices.Unsafe.dll' with different versions detected, using 'Packages/com.unity.ai.assistant/Plugins/Shared/System.Runtime.CompilerServices.Unsafe.dll, AssemblyName=System.Runtime.CompilerServices.Unsafe, Version=6.0.3.0, Culture=neutral, PublicKeyToken=b03f5f7f11d50a3a' and ignoring 'Packages/com.unity.collections/Unity.Collections.Tests/System.Runtime.CompilerServices.Unsafe/System.Runtime.CompilerServices.Unsafe.dll, AssemblyName=System.Runtime.CompilerServices.Unsafe, Version=6.0.0.0, Culture=neutral, PublicKeyToken=b03f5f7f11d50a3a'.Refreshing native plugins compatible for Editor in 20.14 ms, found 14 plugins.
[Package Manager] Failed to launch server process. Reason: Unity was launched with the -noUpm command-line argument
[Package Manager] Unable to send message (not connected to server process).
[Package Manager] Cannot connect to Unity Package Manager local server
System.Reflection.TargetInvocationException: Exception has been thrown by the target of an invocation. ---> System.NullReferenceException: Object reference not set to an instance of an object
  at Unity.XR.Oculus.OculusLoader.AssetPathToAbsolutePath (System.String assetPath) [0x0003d] in .\Library\PackageCache\com.unity.xr.oculus@68ef97a4d91e\Runtime\OculusLoader.cs:312 
  at Unity.XR.Oculus.OculusLoader.EditorLoadOVRPlugin () [0x0008c] in .\Library\PackageCache\com.unity.xr.oculus@68ef97a4d91e\Runtime\OculusLoader.cs:297 
  at (wrapper managed-to-native) System.Reflection.RuntimeMethodInfo.InternalInvoke(System.Reflection.RuntimeMethodInfo,object,object[],System.Exception&)
  at System.Reflection.RuntimeMethodInfo.Invoke (System.Object obj, System.Reflection.BindingFlags invokeAttr, System.Reflection.Binder binder, System.Object[] parameters, System.Globalization.CultureInfo culture) [0x0006a] in <1eb9db207454431c84a47bcd81e79c37>:0 
   --- End of inner exception stack trace ---
  at System.Reflection.RuntimeMethodInfo.Invoke (System.Object obj, System.Reflection.BindingFlags invokeAttr, System.Reflection.Binder binder, System.Object[] parameters, System.Globalization.CultureInfo culture) [0x00083] in <1eb9db207454431c84a47bcd81e79c37>:0 
  at System.Reflection.MethodBase.Invoke (System.Object obj, System.Object[] parameters) [0x00000] in <1eb9db207454431c84a47bcd81e79c37>:0 
  at UnityEditor.EditorAssemblies.ProcessInitializeOnLoadMethodAttributes () [0x00087] in <5016c3a47c2a4a0cbfa8e12eb592279b>:0 
UnityEngine.Debug:ExtractStackTraceNoAlloc (byte*,int,string)
UnityEngine.StackTraceUtility:ExtractStackTrace ()
UnityEngine.DebugLogHandler:Internal_Log (UnityEngine.LogType,UnityEngine.LogOption,string,UnityEngine.Object)
UnityEngine.DebugLogHandler:LogFormat (UnityEngine.LogType,UnityEngine.Object,string,object[])
UnityEngine.Logger:Log (UnityEngine.LogType,object)
UnityEngine.Debug:LogError (object)
UnityEditor.EditorAssemblies:ProcessInitializeOnLoadMethodAttributes ()

ScheduleIndexationOnStartup MainProcess:False IndexOnStartup:True
Mono: successfully reloaded assembly
[Package Manager] Failed to launch server process. Reason: Unity was launched with the -noUpm command-line argument
[Package Manager] Unable to send message (not connected to server process).
[Package Manager] Cannot connect to Unity Package Manager local server
[Package Manager] Failed to launch server process. Reason: Unity was launched with the -noUpm command-line argument
[Package Manager] Unable to send message (not connected to server process).
[Package Manager] Cannot connect to Unity Package Manager local server
- Finished resetting the current domain, in  5.107 seconds
Domain Reload Profiling: 6821ms
	BeginReloadAssembly (271ms)
		ExecutionOrderSort (0ms)
		DisableScriptedObjects (4ms)
		BackupInstance (0ms)
		ReleaseScriptingObjects (0ms)
		CreateAndSetChildDomain (30ms)
	RebuildCommonClasses (36ms)
	RebuildNativeTypeToScriptingClass (11ms)
	initialDomainReloadingComplete (94ms)
	LoadAllAssembliesAndSetupDomain (1302ms)
		LoadAssemblies (910ms)
		RebuildTransferFunctionScriptingTraits (0ms)
		AnalyzeDomain (574ms)
			TypeCache.Refresh (437ms)
				TypeCache.ScanAssembly (404ms)
			BuildScriptInfoCaches (112ms)
			ResolveRequiredComponents (16ms)
	FinalizeReload (5108ms)
		ReleaseScriptCaches (0ms)
		RebuildScriptCaches (0ms)
		SetupLoadedEditorAssemblies (4828ms)
			LogAssemblyErrors (0ms)
			InitializePlatformSupportModulesInManaged (8ms)
			SetLoadedEditorAssemblies (4ms)
			BeforeProcessingInitializeOnLoad (352ms)
			ProcessInitializeOnLoadAttributes (4111ms)
			ProcessInitializeOnLoadMethodAttributes (338ms)
			AfterProcessingInitializeOnLoad (15ms)
			EditorAssembliesLoaded (0ms)
		ExecutionOrderSort2 (0ms)
		AwakeInstancesAfterBackupRestoration (6ms)
Launched and connected shader compiler UnityShaderCompiler.exe after 0.01 seconds
Refreshing native plugins compatible for Editor in 17.32 ms, found 14 plugins.
Preloading 2 native plugins for Editor in 0.21 ms.
Unloading 59 Unused Serialized files (Serialized files now loaded: 0)
Unloading 11443 unused Assets / (21.4 MB). Loaded Objects now: 12294.
Memory consumption went from 233.0 MB to 211.6 MB.
Total: 22.522800 ms (FindLiveObjects: 0.837700 ms CreateObjectMapping: 0.543900 ms MarkObjects: 14.929500 ms  DeleteObjects: 6.210400 ms)

========================================================================
Received Import Request.
  Time since last request: 214.503071 seconds.
  path: Assets/Allsky/Epic/Epic_SunsetDark/Epic_SunsetDark_Cam_1_Back-Z.png
  artifactKey: Guid(bad61d3ebb91b2047a69db033b3e42ef) Importer(815301076,1909f56bfc062723c751e8b465ee728b)
Start importing Assets/Allsky/Epic/Epic_SunsetDark/Epic_SunsetDark_Cam_1_Back-Z.png using Guid(bad61d3ebb91b2047a69db033b3e42ef) Importer(815301076,1909f56bfc062723c751e8b465ee728b) (PreviewImporter) -> (artifact id: 'a08dcb2c422fab4a5b989781f366eea9') in 0.065592 seconds
Number of updated asset objects reloaded before import = 0Number of asset objects unloaded after import = 2

========================================================================
Received Import Request.
  Time since last request: 0.000025 seconds.
  path: Assets/Allsky/Night Moon Low/Night Moon Low Summersky 3/Sky_Night Moon Low Summersky 3_Cam_0_Front+Z.png
  artifactKey: Guid(1c3b7ed9ae2a84034bfc57fd007df105) Importer(815301076,1909f56bfc062723c751e8b465ee728b)
Start importing Assets/Allsky/Night Moon Low/Night Moon Low Summersky 3/Sky_Night Moon Low Summersky 3_Cam_0_Front+Z.png using Guid(1c3b7ed9ae2a84034bfc57fd007df105) Importer(815301076,1909f56bfc062723c751e8b465ee728b) (PreviewImporter) -> (artifact id: '0e3b84664d505431f3a4e19902a4f458') in 0.0141002 seconds
Number of updated asset objects reloaded before import = 0Number of asset objects unloaded after import = 2

========================================================================
Received Import Request.
  Time since last request: 0.000014 seconds.
  path: Assets/Allsky/Night Moon Mid/Night Moon Mid EpicHigh/Sky_Night Moon Mid EpicHigh_Cam_3_Right-X.png
  artifactKey: Guid(3693f0680f5344ee689442edbd9763e8) Importer(815301076,1909f56bfc062723c751e8b465ee728b)
Start importing Assets/Allsky/Night Moon Mid/Night Moon Mid EpicHigh/Sky_Night Moon Mid EpicHigh_Cam_3_Right-X.png using Guid(3693f0680f5344ee689442edbd9763e8) Importer(815301076,1909f56bfc062723c751e8b465ee728b) (PreviewImporter) -> (artifact id: 'e58441a2cce3d6f6cbb0840093be7b53') in 0.0123004 seconds
Number of updated asset objects reloaded before import = 0Number of asset objects unloaded after import = 2

========================================================================
Received Import Request.
  Time since last request: 0.000023 seconds.
  path: Assets/Allsky/HDRIHaven/Tiber Island/Tiber Island__Cam_0_Front+Z.png
  artifactKey: Guid(3a256df760f8a47c1ad8ae857e294edf) Importer(815301076,1909f56bfc062723c751e8b465ee728b)
Start importing Assets/Allsky/HDRIHaven/Tiber Island/Tiber Island__Cam_0_Front+Z.png using Guid(3a256df760f8a47c1ad8ae857e294edf) Importer(815301076,1909f56bfc062723c751e8b465ee728b) (PreviewImporter) -> (artifact id: '17f6ca94d832632289f297f32426ee11') in 0.0299246 seconds
Number of updated asset objects reloaded before import = 0Number of asset objects unloaded after import = 2

========================================================================
Received Import Request.
  Time since last request: 0.000011 seconds.
  path: Assets/Allsky/Space/Space_Nebula_NuminousGlow/Sky_Space_Nebula_NuminousGlow_Cam_2_Left+X.png
  artifactKey: Guid(71f8bf66f88d84d90a1a2d539e3d389a) Importer(815301076,1909f56bfc062723c751e8b465ee728b)
Start importing Assets/Allsky/Space/Space_Nebula_NuminousGlow/Sky_Space_Nebula_NuminousGlow_Cam_2_Left+X.png using Guid(71f8bf66f88d84d90a1a2d539e3d389a) Importer(815301076,1909f56bfc062723c751e8b465ee728b) (PreviewImporter) -> (artifact id: '82435d5973d73eb0993171dd47e5ea30') in 0.0368482 seconds
Number of updated asset objects reloaded before import = 0Number of asset objects unloaded after import = 2

========================================================================
Received Import Request.
  Time since last request: 0.000017 seconds.
  path: Assets/Allsky/Version 4/Light Blue/Sky_LightBlue_Cam_2_Left+X.png
  artifactKey: Guid(18b5e4aecb003484c9a2498e01e7004f) Importer(815301076,1909f56bfc062723c751e8b465ee728b)
Start importing Assets/Allsky/Version 4/Light Blue/Sky_LightBlue_Cam_2_Left+X.png using Guid(18b5e4aecb003484c9a2498e01e7004f) Importer(815301076,1909f56bfc062723c751e8b465ee728b) (PreviewImporter) -> (artifact id: '8f44647a10d9a850f5c119c581ff6c56') in 0.0306001 seconds
Number of updated asset objects reloaded before import = 0Number of asset objects unloaded after import = 2

========================================================================
Received Import Request.
  Time since last request: 0.000026 seconds.
  path: Assets/Allsky/HDRIHaven/White Cliff Top/White Cliff Top__Cam_3_Right-X.png
  artifactKey: Guid(af3adcc83b6ad4cefa00ce342f747c1b) Importer(815301076,1909f56bfc062723c751e8b465ee728b)
Start importing Assets/Allsky/HDRIHaven/White Cliff Top/White Cliff Top__Cam_3_Right-X.png using Guid(af3adcc83b6ad4cefa00ce342f747c1b) Importer(815301076,1909f56bfc062723c751e8b465ee728b) (PreviewImporter) -> (artifact id: 'fb089f33053d3acec8f6fbd9d1ad4d3c') in 0.0185582 seconds
Number of updated asset objects reloaded before import = 0Number of asset objects unloaded after import = 2

========================================================================
Received Import Request.
  Time since last request: 0.000020 seconds.
  path: Assets/Allsky/Space/Space_Nebula_BlueRed/Sky_Space_Nebula_BlueRed_Cam_3_Right-X.png
  artifactKey: Guid(2f10d7e8dec204d16ba04a15539e6171) Importer(815301076,1909f56bfc062723c751e8b465ee728b)
Start importing Assets/Allsky/Space/Space_Nebula_BlueRed/Sky_Space_Nebula_BlueRed_Cam_3_Right-X.png using Guid(2f10d7e8dec204d16ba04a15539e6171) Importer(815301076,1909f56bfc062723c751e8b465ee728b) (PreviewImporter) -> (artifact id: 'cbee2711e149999eda43743222243053') in 0.0759374 seconds
Number of updated asset objects reloaded before import = 0Number of asset objects unloaded after import = 2

========================================================================
Received Import Request.
  Time since last request: 0.000017 seconds.
  path: Assets/Allsky/Space/Space_Nebula_OrangeBlue/Sky_Space_Nebula_OrangeBlue_Cam_0_Front+Z.png
  artifactKey: Guid(5908c4df95a92469e9049218cd670ed5) Importer(815301076,1909f56bfc062723c751e8b465ee728b)
Start importing Assets/Allsky/Space/Space_Nebula_OrangeBlue/Sky_Space_Nebula_OrangeBlue_Cam_0_Front+Z.png using Guid(5908c4df95a92469e9049218cd670ed5) Importer(815301076,1909f56bfc062723c751e8b465ee728b) (PreviewImporter) -> (artifact id: 'aea9fb26b3e862eebec6d076295a44d1') in 0.0228177 seconds
Number of updated asset objects reloaded before import = 0Number of asset objects unloaded after import = 2

========================================================================
Received Import Request.
  Time since last request: 0.000022 seconds.
  path: Assets/Allsky/Epic/Epic_BigCloudsSoft/Epic_BigCloudsSoft_Cam_5_Down-Y.png
  artifactKey: Guid(8937e16c6a5e98b46bfbc33309a8fbcb) Importer(815301076,1909f56bfc062723c751e8b465ee728b)
Start importing Assets/Allsky/Epic/Epic_BigCloudsSoft/Epic_BigCloudsSoft_Cam_5_Down-Y.png using Guid(8937e16c6a5e98b46bfbc33309a8fbcb) Importer(815301076,1909f56bfc062723c751e8b465ee728b) (PreviewImporter) -> (artifact id: '34ed12af13711980811f637784283f0c') in 0.0200819 seconds
Number of updated asset objects reloaded before import = 0Number of asset objects unloaded after import = 2

========================================================================
Received Import Request.
  Time since last request: 0.000015 seconds.
  path: Assets/Allsky/Night Moon Low/Night Moon Low Large/Sky_Night Moon Low Large_Cam_1_Back-Z.png
  artifactKey: Guid(3e2645f884c0a4048b86296dc8c55aec) Importer(815301076,1909f56bfc062723c751e8b465ee728b)
Start importing Assets/Allsky/Night Moon Low/Night Moon Low Large/Sky_Night Moon Low Large_Cam_1_Back-Z.png using Guid(3e2645f884c0a4048b86296dc8c55aec) Importer(815301076,1909f56bfc062723c751e8b465ee728b) (PreviewImporter) -> (artifact id: '1739486ee4bbdaf12018360cc61cd712') in 0.0099242 seconds
Number of updated asset objects reloaded before import = 0Number of asset objects unloaded after import = 2

========================================================================
Received Import Request.
  Time since last request: 0.000014 seconds.
  path: Assets/Allsky/Epic/Epic_CentreOfTheStorm/Epic_CentreOfTheStorm_Cam_2_Left+X.png
  artifactKey: Guid(0d8777f676da3b447a4fa920b917ebbd) Importer(815301076,1909f56bfc062723c751e8b465ee728b)
Start importing Assets/Allsky/Epic/Epic_CentreOfTheStorm/Epic_CentreOfTheStorm_Cam_2_Left+X.png using Guid(0d8777f676da3b447a4fa920b917ebbd) Importer(815301076,1909f56bfc062723c751e8b465ee728b) (PreviewImporter) -> (artifact id: '22e88dee7a2f16e5e2afc5928f692b9a') in 0.0272075 seconds
Number of updated asset objects reloaded before import = 0Number of asset objects unloaded after import = 2

========================================================================
Received Import Request.
  Time since last request: 0.000014 seconds.
  path: Assets/Allsky/Version 4/Golden Sunset/Sky_Golden Sunset_Cam_3_Right-X.png
  artifactKey: Guid(5471a3fa2864a47f2bf2f7cbdb3f0e50) Importer(815301076,1909f56bfc062723c751e8b465ee728b)
Start importing Assets/Allsky/Version 4/Golden Sunset/Sky_Golden Sunset_Cam_3_Right-X.png using Guid(5471a3fa2864a47f2bf2f7cbdb3f0e50) Importer(815301076,1909f56bfc062723c751e8b465ee728b) (PreviewImporter) -> (artifact id: 'b6984fdfea2cde9231d05a649839d13b') in 0.0307878 seconds
Number of updated asset objects reloaded before import = 0Number of asset objects unloaded after import = 2

========================================================================
Received Import Request.
  Time since last request: 0.000035 seconds.
  path: Assets/Allsky/Night Moon Low/Night Moon Low ClearHazy/Sky_Night Moon Low ClearHazy_Cam_0_Front+Z.png
  artifactKey: Guid(85a5b6be415844764a00df0a986ee416) Importer(815301076,1909f56bfc062723c751e8b465ee728b)
Start importing Assets/Allsky/Night Moon Low/Night Moon Low ClearHazy/Sky_Night Moon Low ClearHazy_Cam_0_Front+Z.png using Guid(85a5b6be415844764a00df0a986ee416) Importer(815301076,1909f56bfc062723c751e8b465ee728b) (PreviewImporter) -> (artifact id: '5f8120d5379bb4431677b22e348d79b3') in 0.0107746 seconds
Number of updated asset objects reloaded before import = 0Number of asset objects unloaded after import = 2

========================================================================
Received Import Request.
  Time since last request: 0.000018 seconds.
  path: Assets/Allsky/Version 4/Deep Dusk/Deep Dusk Equirect.png
  artifactKey: Guid(094c8398240d945eb8f2c9cb270f2edb) Importer(815301076,1909f56bfc062723c751e8b465ee728b)
Start importing Assets/Allsky/Version 4/Deep Dusk/Deep Dusk Equirect.png using Guid(094c8398240d945eb8f2c9cb270f2edb) Importer(815301076,1909f56bfc062723c751e8b465ee728b) (PreviewImporter) -> (artifact id: '0a4fbc156361cd2755fd12176594ce6a') in 0.5154454 seconds
Number of updated asset objects reloaded before import = 0Number of asset objects unloaded after import = 1

========================================================================
Received Import Request.
  Time since last request: 0.000088 seconds.
  path: Assets/Allsky/Version 4/Golden Sunset/Sky_Golden Sunset_Cam_1_Back-Z.png
  artifactKey: Guid(be6719eecea8b46a0a3bf190ccc4c722) Importer(815301076,1909f56bfc062723c751e8b465ee728b)
Start importing Assets/Allsky/Version 4/Golden Sunset/Sky_Golden Sunset_Cam_1_Back-Z.png using Guid(be6719eecea8b46a0a3bf190ccc4c722) Importer(815301076,1909f56bfc062723c751e8b465ee728b) (PreviewImporter) -> (artifact id: 'e46665bc06bed289b3ca10058c6c85d2') in 0.0322942 seconds
Number of updated asset objects reloaded before import = 0Number of asset objects unloaded after import = 2

========================================================================
Received Import Request.
  Time since last request: 0.000026 seconds.
  path: Assets/Allsky/Space/Space_Nebula_Red/Sky_Space_Nebula_Red_Cam_5_Down-Y.png
  artifactKey: Guid(40dffacac4be84f14b1537a049499a7b) Importer(815301076,1909f56bfc062723c751e8b465ee728b)
Start importing Assets/Allsky/Space/Space_Nebula_Red/Sky_Space_Nebula_Red_Cam_5_Down-Y.png using Guid(40dffacac4be84f14b1537a049499a7b) Importer(815301076,1909f56bfc062723c751e8b465ee728b) (PreviewImporter) -> (artifact id: '8588d3c1eeedd5cd2b86b0d80049b368') in 0.021114 seconds
Number of updated asset objects reloaded before import = 0Number of asset objects unloaded after import = 2

========================================================================
Received Import Request.
  Time since last request: 0.000018 seconds.
  path: Assets/Allsky/Version 4/Golden Sunset/Sky_Golden Sunset_Cam_5_Down-Y.png
  artifactKey: Guid(0d9be5837e9474e33a44fcb0136ccb2f) Importer(815301076,1909f56bfc062723c751e8b465ee728b)
Start importing Assets/Allsky/Version 4/Golden Sunset/Sky_Golden Sunset_Cam_5_Down-Y.png using Guid(0d9be5837e9474e33a44fcb0136ccb2f) Importer(815301076,1909f56bfc062723c751e8b465ee728b) (PreviewImporter) -> (artifact id: '4065d24629bb7baa26352578d4b8168b') in 0.0223228 seconds
Number of updated asset objects reloaded before import = 0Number of asset objects unloaded after import = 2

========================================================================
Received Import Request.
  Time since last request: 0.000032 seconds.
  path: Assets/Allsky/Night Moon Peak/Night Moon Peak Clear/Sky_Night Moon Peak Clear_Cam_3_Right-X.png
  artifactKey: Guid(5710ac4ba8cf24efb9a1837c2fab7b11) Importer(815301076,1909f56bfc062723c751e8b465ee728b)
Start importing Assets/Allsky/Night Moon Peak/Night Moon Peak Clear/Sky_Night Moon Peak Clear_Cam_3_Right-X.png using Guid(5710ac4ba8cf24efb9a1837c2fab7b11) Importer(815301076,1909f56bfc062723c751e8b465ee728b) (PreviewImporter) -> (artifact id: '44ace01f11536c52c20aee97a5169120') in 0.0149256 seconds
Number of updated asset objects reloaded before import = 0Number of asset objects unloaded after import = 2

========================================================================
Received Import Request.
  Time since last request: 0.000022 seconds.
  path: Assets/Allsky/Night Moon Mid/Night Moon Mid SimpleCloudLayer/Sky_Night Moon Mid SimpleCloudLayer_Cam_4_Up+Y.png
  artifactKey: Guid(fad1e4f53d8d64c92a4833046995d517) Importer(815301076,1909f56bfc062723c751e8b465ee728b)
Start importing Assets/Allsky/Night Moon Mid/Night Moon Mid SimpleCloudLayer/Sky_Night Moon Mid SimpleCloudLayer_Cam_4_Up+Y.png using Guid(fad1e4f53d8d64c92a4833046995d517) Importer(815301076,1909f56bfc062723c751e8b465ee728b) (PreviewImporter) -> (artifact id: 'a53d70e5e9ec0959b9caa22b7951da3e') in 0.0101234 seconds
Number of updated asset objects reloaded before import = 0Number of asset objects unloaded after import = 2

========================================================================
Received Import Request.
  Time since last request: 0.000031 seconds.
  path: Assets/Allsky/Fantasy/Fantasy Fire/Sky_FantasySky_Fire_Cam_5_Down-Y.png
  artifactKey: Guid(42681bd78fdee4ec880bad851ab17122) Importer(815301076,1909f56bfc062723c751e8b465ee728b)
Start importing Assets/Allsky/Fantasy/Fantasy Fire/Sky_FantasySky_Fire_Cam_5_Down-Y.png using Guid(42681bd78fdee4ec880bad851ab17122) Importer(815301076,1909f56bfc062723c751e8b465ee728b) (PreviewImporter) -> (artifact id: 'daf2983e98075777bb3f94d5c41baef8') in 0.0156597 seconds
Number of updated asset objects reloaded before import = 0Number of asset objects unloaded after import = 2

========================================================================
Received Import Request.
  Time since last request: 0.000025 seconds.
  path: Assets/Allsky/Night Moon Low/Night Moon Low HorizonRich/Sky_Night Moon Low HorizonRich_Cam_5_Down-Y.png
  artifactKey: Guid(8bfef3b46e7124d45a6c7d219ed26510) Importer(815301076,1909f56bfc062723c751e8b465ee728b)
Start importing Assets/Allsky/Night Moon Low/Night Moon Low HorizonRich/Sky_Night Moon Low HorizonRich_Cam_5_Down-Y.png using Guid(8bfef3b46e7124d45a6c7d219ed26510) Importer(815301076,1909f56bfc062723c751e8b465ee728b) (PreviewImporter) -> (artifact id: '3468c3eb77d1affca417d378512732bc') in 0.0089311 seconds
Number of updated asset objects reloaded before import = 0Number of asset objects unloaded after import = 2

========================================================================
Received Import Request.
  Time since last request: 0.000024 seconds.
  path: Assets/Allsky/Night Skyglow/Night Skyglow horizonrich/Sky_Night Skyglow horizonrich_Cam_3_Right-X.png
  artifactKey: Guid(4e9d411da27594974a9915bb6e6ddf16) Importer(815301076,1909f56bfc062723c751e8b465ee728b)
Start importing Assets/Allsky/Night Skyglow/Night Skyglow horizonrich/Sky_Night Skyglow horizonrich_Cam_3_Right-X.png using Guid(4e9d411da27594974a9915bb6e6ddf16) Importer(815301076,1909f56bfc062723c751e8b465ee728b) (PreviewImporter) -> (artifact id: 'af05021e957195ba78cc69f4d0617bc1') in 0.0124497 seconds
Number of updated asset objects reloaded before import = 0Number of asset objects unloaded after import = 2

========================================================================
Received Import Request.
  Time since last request: 0.000018 seconds.
  path: Assets/Allsky/Night Skyglow/Night Skyglow heavy/Sky_Night Skyglow heavy_Cam_0_Front+Z.png
  artifactKey: Guid(391fb57f393f84bd489b1b9a883456cc) Importer(815301076,1909f56bfc062723c751e8b465ee728b)
Start importing Assets/Allsky/Night Skyglow/Night Skyglow heavy/Sky_Night Skyglow heavy_Cam_0_Front+Z.png using Guid(391fb57f393f84bd489b1b9a883456cc) Importer(815301076,1909f56bfc062723c751e8b465ee728b) (PreviewImporter) -> (artifact id: 'ff15eb2101c91a5a392d05931c05c444') in 0.0095626 seconds
Number of updated asset objects reloaded before import = 0Number of asset objects unloaded after import = 2

========================================================================
Received Import Request.
  Time since last request: 0.000029 seconds.
  path: Assets/Allsky/Night Moon Low/Night Moon Low FogHigh/Sky_Night Moon Low FogHigh_Cam_5_Down-Y.png
  artifactKey: Guid(c781d21c6ea4f4b57bfc8fa25bc37ef9) Importer(815301076,1909f56bfc062723c751e8b465ee728b)
Start importing Assets/Allsky/Night Moon Low/Night Moon Low FogHigh/Sky_Night Moon Low FogHigh_Cam_5_Down-Y.png using Guid(c781d21c6ea4f4b57bfc8fa25bc37ef9) Importer(815301076,1909f56bfc062723c751e8b465ee728b) (PreviewImporter) -> (artifact id: 'd6dd7e903679e5d3ff39c220ec52e30a') in 0.0102752 seconds
Number of updated asset objects reloaded before import = 0Number of asset objects unloaded after import = 2

========================================================================
Received Import Request.
  Time since last request: 0.000017 seconds.
  path: Assets/Allsky/Fantasy/Fantasy Night/Sky_FantasySky_Night1_Cam_1_Back-Z.png
  artifactKey: Guid(456f39fbccd9e4bae9dab8fdb9a5cc08) Importer(815301076,1909f56bfc062723c751e8b465ee728b)
Start importing Assets/Allsky/Fantasy/Fantasy Night/Sky_FantasySky_Night1_Cam_1_Back-Z.png using Guid(456f39fbccd9e4bae9dab8fdb9a5cc08) Importer(815301076,1909f56bfc062723c751e8b465ee728b) (PreviewImporter) -> (artifact id: 'a175621b15c12e4fe6fdeee77379f285') in 0.0205119 seconds
Number of updated asset objects reloaded before import = 0Number of asset objects unloaded after import = 2

========================================================================
Received Import Request.
  Time since last request: 0.000027 seconds.
  path: Assets/Allsky/Fantasy/Fantasy Fire/Sky_FantasySky_Fire_Cam_4_Up+Y.png
  artifactKey: Guid(041970becced64b8eb9c45d1dcdeeb45) Importer(815301076,1909f56bfc062723c751e8b465ee728b)
Start importing Assets/Allsky/Fantasy/Fantasy Fire/Sky_FantasySky_Fire_Cam_4_Up+Y.png using Guid(041970becced64b8eb9c45d1dcdeeb45) Importer(815301076,1909f56bfc062723c751e8b465ee728b) (PreviewImporter) -> (artifact id: 'b4e401016d218ad65e9edb23b99f7872') in 0.0178391 seconds
Number of updated asset objects reloaded before import = 0Number of asset objects unloaded after import = 2

========================================================================
Received Import Request.
  Time since last request: 0.000023 seconds.
  path: Assets/Allsky/Night Moon Mid/Night Moon Mid BrewingStorm/Sky_Night Moon Mid BrewingStorm_Cam_3_Right-X.png
  artifactKey: Guid(3b83785ced37545ffb8f7315a49a71b3) Importer(815301076,1909f56bfc062723c751e8b465ee728b)
Start importing Assets/Allsky/Night Moon Mid/Night Moon Mid BrewingStorm/Sky_Night Moon Mid BrewingStorm_Cam_3_Right-X.png using Guid(3b83785ced37545ffb8f7315a49a71b3) Importer(815301076,1909f56bfc062723c751e8b465ee728b) (PreviewImporter) -> (artifact id: 'a619c82edf9236f7cc1e57e45976d0ad') in 0.0102661 seconds
Number of updated asset objects reloaded before import = 0Number of asset objects unloaded after import = 2

========================================================================
Received Import Request.
  Time since last request: 0.000026 seconds.
  path: Assets/Allsky/Night Moon Peak/Night Moon Peak Summersky/Sky_Night Moon Peak Summersky_Cam_5_Down-Y.png
  artifactKey: Guid(3ba4607c0c317445281e6efe9e31c09e) Importer(815301076,1909f56bfc062723c751e8b465ee728b)
Start importing Assets/Allsky/Night Moon Peak/Night Moon Peak Summersky/Sky_Night Moon Peak Summersky_Cam_5_Down-Y.png using Guid(3ba4607c0c317445281e6efe9e31c09e) Importer(815301076,1909f56bfc062723c751e8b465ee728b) (PreviewImporter) -> (artifact id: 'ca6a2e22860413532f71a7e6deb7415b') in 0.0095253 seconds
Number of updated asset objects reloaded before import = 0Number of asset objects unloaded after import = 2

========================================================================
Received Import Request.
  Time since last request: 0.000015 seconds.
  path: Assets/Allsky/Day Sun Sunset/Day Sun Sunset Clear/Day Sun Sunset Clear.png
  artifactKey: Guid(5c38f7576b69b4242a474b11cb76a839) Importer(815301076,1909f56bfc062723c751e8b465ee728b)
Start importing Assets/Allsky/Day Sun Sunset/Day Sun Sunset Clear/Day Sun Sunset Clear.png using Guid(5c38f7576b69b4242a474b11cb76a839) Importer(815301076,1909f56bfc062723c751e8b465ee728b) (PreviewImporter) -> (artifact id: '37a73c53f759c0bf683960a775868459') in 0.0989592 seconds
Number of updated asset objects reloaded before import = 0Number of asset objects unloaded after import = 1

========================================================================
Received Import Request.
  Time since last request: 0.000020 seconds.
  path: Assets/Allsky/Day Sun Sunset/Day Sun Sunset SummerSky 3/Day Sun Sunset SummerSky 3.png
  artifactKey: Guid(21323ee56658849d8be4b460dbb451b2) Importer(815301076,1909f56bfc062723c751e8b465ee728b)
Start importing Assets/Allsky/Day Sun Sunset/Day Sun Sunset SummerSky 3/Day Sun Sunset SummerSky 3.png using Guid(21323ee56658849d8be4b460dbb451b2) Importer(815301076,1909f56bfc062723c751e8b465ee728b) (PreviewImporter) -> (artifact id: 'e95ab4babc2e16b0554664bccc14841d') in 0.083503 seconds
Number of updated asset objects reloaded before import = 0Number of asset objects unloaded after import = 1

========================================================================
Received Import Request.
  Time since last request: 0.000036 seconds.
  path: Assets/Allsky/Night Moon Mid/Night Moon Mid Cumulus 2/Sky_Night Moon Mid Cumulus 2_Cam_2_Left+X.png
  artifactKey: Guid(f096649b949bd4c0c94025ff2615bf3d) Importer(815301076,1909f56bfc062723c751e8b465ee728b)
Start importing Assets/Allsky/Night Moon Mid/Night Moon Mid Cumulus 2/Sky_Night Moon Mid Cumulus 2_Cam_2_Left+X.png using Guid(f096649b949bd4c0c94025ff2615bf3d) Importer(815301076,1909f56bfc062723c751e8b465ee728b) (PreviewImporter) -> (artifact id: 'f9351181c530934269d59c5d68fe45fe') in 0.0121953 seconds
Number of updated asset objects reloaded before import = 0Number of asset objects unloaded after import = 2

========================================================================
Received Import Request.
  Time since last request: 0.000022 seconds.
  path: Assets/Allsky/Epic/Epic Sunset B/Epic Sunset B_Cam_1_Back-Z.png
  artifactKey: Guid(b909698e0f7974572b73e4f0f737be64) Importer(815301076,1909f56bfc062723c751e8b465ee728b)
Start importing Assets/Allsky/Epic/Epic Sunset B/Epic Sunset B_Cam_1_Back-Z.png using Guid(b909698e0f7974572b73e4f0f737be64) Importer(815301076,1909f56bfc062723c751e8b465ee728b) (PreviewImporter) -> (artifact id: '9fac96967d2b0a37e954abb7975439a9') in 0.0209289 seconds
Number of updated asset objects reloaded before import = 0Number of asset objects unloaded after import = 2

========================================================================
Received Import Request.
  Time since last request: 0.000031 seconds.
  path: Assets/Allsky/Night Moon Peak/Night Moon Peak Summersky/Sky_Night Moon Peak Summersky_Cam_2_Left+X.png
  artifactKey: Guid(1937e568967764deeb08be5e827e8808) Importer(815301076,1909f56bfc062723c751e8b465ee728b)
Start importing Assets/Allsky/Night Moon Peak/Night Moon Peak Summersky/Sky_Night Moon Peak Summersky_Cam_2_Left+X.png using Guid(1937e568967764deeb08be5e827e8808) Importer(815301076,1909f56bfc062723c751e8b465ee728b) (PreviewImporter) -> (artifact id: '07a82ef774d933ca42feeeb4a4a7158d') in 0.0091444 seconds
Number of updated asset objects reloaded before import = 0Number of asset objects unloaded after import = 2

========================================================================
Received Import Request.
  Time since last request: 0.000021 seconds.
  path: Assets/Allsky/Night Moon Low/Night Moon Low Summersky 3/Sky_Night Moon Low Summersky 3_Cam_3_Right-X.png
  artifactKey: Guid(c02ddb582a33645e3876e3a757758019) Importer(815301076,1909f56bfc062723c751e8b465ee728b)
Start importing Assets/Allsky/Night Moon Low/Night Moon Low Summersky 3/Sky_Night Moon Low Summersky 3_Cam_3_Right-X.png using Guid(c02ddb582a33645e3876e3a757758019) Importer(815301076,1909f56bfc062723c751e8b465ee728b) (PreviewImporter) -> (artifact id: 'd188cf93a93c2941c749d580b0e5a76a') in 0.0115547 seconds
Number of updated asset objects reloaded before import = 0Number of asset objects unloaded after import = 2

========================================================================
Received Import Request.
  Time since last request: 0.000030 seconds.
  path: Assets/Allsky/Night Moon Mid/Night Moon Mid Overcast 2/Sky_Night Moon Mid Overcast 2_Cam_5_Down-Y.png
  artifactKey: Guid(f3a1cfb9832c34f5697d85178a75c2aa) Importer(815301076,1909f56bfc062723c751e8b465ee728b)
Start importing Assets/Allsky/Night Moon Mid/Night Moon Mid Overcast 2/Sky_Night Moon Mid Overcast 2_Cam_5_Down-Y.png using Guid(f3a1cfb9832c34f5697d85178a75c2aa) Importer(815301076,1909f56bfc062723c751e8b465ee728b) (PreviewImporter) -> (artifact id: '1c78b2635f0450001bfa0b92209c69ac') in 0.0102578 seconds
Number of updated asset objects reloaded before import = 0Number of asset objects unloaded after import = 2

========================================================================
Received Import Request.
  Time since last request: 0.000016 seconds.
  path: Assets/Modern UI Pack/Editor/Icons/EditorAudio.png
  artifactKey: Guid(806def7b3acfbe340b6dc6888e966cc5) Importer(815301076,1909f56bfc062723c751e8b465ee728b)
Start importing Assets/Modern UI Pack/Editor/Icons/EditorAudio.png using Guid(806def7b3acfbe340b6dc6888e966cc5) Importer(815301076,1909f56bfc062723c751e8b465ee728b) (PreviewImporter) -> (artifact id: 'f21671b6e8b8ee80262482b56ae3720f') in 0.0070906 seconds
Number of updated asset objects reloaded before import = 0Number of asset objects unloaded after import = 2

========================================================================
Received Import Request.
  Time since last request: 0.000024 seconds.
  path: Assets/Allsky/Day Sun Mid/Day Sun Mid Summersky 2/Day Sun Mid Summersky 2.png
  artifactKey: Guid(50e27c36a1b6e485a8e5e4624c41bf8b) Importer(815301076,1909f56bfc062723c751e8b465ee728b)
Start importing Assets/Allsky/Day Sun Mid/Day Sun Mid Summersky 2/Day Sun Mid Summersky 2.png using Guid(50e27c36a1b6e485a8e5e4624c41bf8b) Importer(815301076,1909f56bfc062723c751e8b465ee728b) (PreviewImporter) -> (artifact id: 'a68d650471928469ea139888d57088c6') in 0.1218498 seconds
Number of updated asset objects reloaded before import = 0Number of asset objects unloaded after import = 1

========================================================================
Received Import Request.
  Time since last request: 0.000031 seconds.
  path: Assets/Allsky/Epic/Epic_NightStormMoonGlow/Epic_NightStormMoonGlow_Cam_1_Back-Z.png
  artifactKey: Guid(6532c6a865671164bac4a6e96fb807a7) Importer(815301076,1909f56bfc062723c751e8b465ee728b)
Start importing Assets/Allsky/Epic/Epic_NightStormMoonGlow/Epic_NightStormMoonGlow_Cam_1_Back-Z.png using Guid(6532c6a865671164bac4a6e96fb807a7) Importer(815301076,1909f56bfc062723c751e8b465ee728b) (PreviewImporter) -> (artifact id: 'f8e09a133a3adf69fae3d2fd690c88e2') in 0.033554 seconds
Number of updated asset objects reloaded before import = 0Number of asset objects unloaded after import = 2

========================================================================
Received Import Request.
  Time since last request: 0.000029 seconds.
  path: Assets/Allsky/Night Moon Mid/Night Moon Mid BrewingStorm/Sky_Night Moon Mid BrewingStorm_Cam_1_Back-Z.png
  artifactKey: Guid(ce3cb6772ae4547a7966952fb2b2d152) Importer(815301076,1909f56bfc062723c751e8b465ee728b)
Start importing Assets/Allsky/Night Moon Mid/Night Moon Mid BrewingStorm/Sky_Night Moon Mid BrewingStorm_Cam_1_Back-Z.png using Guid(ce3cb6772ae4547a7966952fb2b2d152) Importer(815301076,1909f56bfc062723c751e8b465ee728b) (PreviewImporter) -> (artifact id: 'de7b444979b421d855f96e4d94fd6e3d') in 0.0087396 seconds
Number of updated asset objects reloaded before import = 0Number of asset objects unloaded after import = 2

========================================================================
Received Import Request.
  Time since last request: 0.000018 seconds.
  path: Assets/Allsky/Version 4/Deep Dusk/Deep Dusk__Cam_2_Left+X.png
  artifactKey: Guid(3862aad59654a424db7e6df2b4a478f8) Importer(815301076,1909f56bfc062723c751e8b465ee728b)
Start importing Assets/Allsky/Version 4/Deep Dusk/Deep Dusk__Cam_2_Left+X.png using Guid(3862aad59654a424db7e6df2b4a478f8) Importer(815301076,1909f56bfc062723c751e8b465ee728b) (PreviewImporter) -> (artifact id: '650ba6724b2fef5058324b185786680d') in 0.0184849 seconds
Number of updated asset objects reloaded before import = 0Number of asset objects unloaded after import = 2

========================================================================
Received Import Request.
  Time since last request: 0.000017 seconds.
  path: Assets/Allsky/Night Moon Low/Night Moon Low SummerSky/Sky_Night Moon Low SummerSky_Cam_5_Down-Y.png
  artifactKey: Guid(29bcd646c577b4123b77f56daf7f005a) Importer(815301076,1909f56bfc062723c751e8b465ee728b)
Start importing Assets/Allsky/Night Moon Low/Night Moon Low SummerSky/Sky_Night Moon Low SummerSky_Cam_5_Down-Y.png using Guid(29bcd646c577b4123b77f56daf7f005a) Importer(815301076,1909f56bfc062723c751e8b465ee728b) (PreviewImporter) -> (artifact id: '6513bf1383bc88cec8ec0797ba024255') in 0.0111079 seconds
Number of updated asset objects reloaded before import = 0Number of asset objects unloaded after import = 2

========================================================================
Received Import Request.
  Time since last request: 0.000022 seconds.
  path: Assets/Allsky/Night Skyglow/Night Skyglow foghigh/Sky_Night Skyglow foghigh_Cam_3_Right-X.png
  artifactKey: Guid(e215ccc648a964dfb87ee2f3b2d52f2a) Importer(815301076,1909f56bfc062723c751e8b465ee728b)
Start importing Assets/Allsky/Night Skyglow/Night Skyglow foghigh/Sky_Night Skyglow foghigh_Cam_3_Right-X.png using Guid(e215ccc648a964dfb87ee2f3b2d52f2a) Importer(815301076,1909f56bfc062723c751e8b465ee728b) (PreviewImporter) -> (artifact id: '045bc19b25481dd9b357108e3c417001') in 0.0121057 seconds
Number of updated asset objects reloaded before import = 0Number of asset objects unloaded after import = 2

========================================================================
Received Import Request.
  Time since last request: 0.000028 seconds.
  path: Assets/Allsky/Space/Space_Nebula_Red/Sky_Space_Nebula_Red_Cam_2_Left+X.png
  artifactKey: Guid(6d2ab54013782454a8fb9af88c6e33e3) Importer(815301076,1909f56bfc062723c751e8b465ee728b)
Start importing Assets/Allsky/Space/Space_Nebula_Red/Sky_Space_Nebula_Red_Cam_2_Left+X.png using Guid(6d2ab54013782454a8fb9af88c6e33e3) Importer(815301076,1909f56bfc062723c751e8b465ee728b) (PreviewImporter) -> (artifact id: 'ef1aaaed772e1ef3183997c5eca6391c') in 0.027717 seconds
Number of updated asset objects reloaded before import = 0Number of asset objects unloaded after import = 2

========================================================================
Received Import Request.
  Time since last request: 0.000034 seconds.
  path: Assets/Real Stars Skybox/StarSkybox04Named/StarSkybox04Named4.png
  artifactKey: Guid(f479446fdaba63147be06b118936fde0) Importer(815301076,1909f56bfc062723c751e8b465ee728b)
Start importing Assets/Real Stars Skybox/StarSkybox04Named/StarSkybox04Named4.png using Guid(f479446fdaba63147be06b118936fde0) Importer(815301076,1909f56bfc062723c751e8b465ee728b) (PreviewImporter) -> (artifact id: 'c88323da7b95d28924cfd771796cc88c') in 0.0172873 seconds
Number of updated asset objects reloaded before import = 0Number of asset objects unloaded after import = 2

========================================================================
Received Import Request.
  Time since last request: 0.000060 seconds.
  path: Assets/Allsky/Epic/Epic_SunsetDark/Epic_SunsetDark_Cam_5_Down-Y.png
  artifactKey: Guid(7f0c0d9ec7904a4418b57fd630d2c174) Importer(815301076,1909f56bfc062723c751e8b465ee728b)
Start importing Assets/Allsky/Epic/Epic_SunsetDark/Epic_SunsetDark_Cam_5_Down-Y.png using Guid(7f0c0d9ec7904a4418b57fd630d2c174) Importer(815301076,1909f56bfc062723c751e8b465ee728b) (PreviewImporter) -> (artifact id: '80b27ad157084e19bd214d2810e8c61c') in 0.0264089 seconds
Number of updated asset objects reloaded before import = 0Number of asset objects unloaded after import = 2

========================================================================
Received Import Request.
  Time since last request: 0.000028 seconds.
  path: Assets/Allsky/Night Moon Low/Night Moon Low FogHigh/Sky_Night Moon Low FogHigh_Cam_4_Up+Y.png
  artifactKey: Guid(5f21c4189284943a3a03c588337910e3) Importer(815301076,1909f56bfc062723c751e8b465ee728b)
Start importing Assets/Allsky/Night Moon Low/Night Moon Low FogHigh/Sky_Night Moon Low FogHigh_Cam_4_Up+Y.png using Guid(5f21c4189284943a3a03c588337910e3) Importer(815301076,1909f56bfc062723c751e8b465ee728b) (PreviewImporter) -> (artifact id: '17f8d609c6df7df8a06ec7ad25b86c9d') in 0.0130487 seconds
Number of updated asset objects reloaded before import = 0Number of asset objects unloaded after import = 2

========================================================================
Received Import Request.
  Time since last request: 0.000019 seconds.
  path: Assets/Allsky/HDRIHaven/Tiber Island/tiber_island_16k.png
  artifactKey: Guid(e2b8401ff44c44037aeffd3f23337e10) Importer(815301076,1909f56bfc062723c751e8b465ee728b)
Start importing Assets/Allsky/HDRIHaven/Tiber Island/tiber_island_16k.png using Guid(e2b8401ff44c44037aeffd3f23337e10) Importer(815301076,1909f56bfc062723c751e8b465ee728b) (PreviewImporter) -> (artifact id: '887b680b9dcbb4c13d1dc84572ca824e') in 0.108057 seconds
Number of updated asset objects reloaded before import = 0Number of asset objects unloaded after import = 1

========================================================================
Received Import Request.
  Time since last request: 0.000023 seconds.
  path: Assets/Allsky/Night Moon Low/Night Moon Low CloudsLayer/Sky_Night Moon Low CloudsLayer_Cam_2_Left+X.png
  artifactKey: Guid(3480ba6a0f8e74fb587b59ea7adc4396) Importer(815301076,1909f56bfc062723c751e8b465ee728b)
Start importing Assets/Allsky/Night Moon Low/Night Moon Low CloudsLayer/Sky_Night Moon Low CloudsLayer_Cam_2_Left+X.png using Guid(3480ba6a0f8e74fb587b59ea7adc4396) Importer(815301076,1909f56bfc062723c751e8b465ee728b) (PreviewImporter) -> (artifact id: 'cc188dc1407f90e5e4e50c58d822d748') in 0.0108302 seconds
Number of updated asset objects reloaded before import = 0Number of asset objects unloaded after import = 2

========================================================================
Received Import Request.
  Time since last request: 0.000040 seconds.
  path: Assets/Modern UI Pack/Editor/Icons/EditorNotification.png
  artifactKey: Guid(adf3c8361dd31e1448483775ea241c10) Importer(815301076,1909f56bfc062723c751e8b465ee728b)
Start importing Assets/Modern UI Pack/Editor/Icons/EditorNotification.png using Guid(adf3c8361dd31e1448483775ea241c10) Importer(815301076,1909f56bfc062723c751e8b465ee728b) (PreviewImporter) -> (artifact id: 'b0ed911554a33267c30ddc03ae1a73d7') in 0.0078599 seconds
Number of updated asset objects reloaded before import = 0Number of asset objects unloaded after import = 2

Editor requested this worker to shutdown with reason: Scaling down because of idle timeout
AssetImportWorker is now disconnected from the server
Process exiting
Exiting without the bug reporter. Application will terminate with return code 0