[Licensing::Module] Trying to connect to existing licensing client channel...
[Licensing::IpcConnector] Successfully connected to: "LicenseClient-沐" at "2026-03-26T08:53:02.8621802Z"
Built from '6000.3/staging' branch; Version is '6000.3.9f1 (7a9955a4f2fa) revision 8034645'; Using compiler version '194234433'; Build Type 'Release'
OS: 'Windows 11  (10.0.26200) CoreCountrySpecific' Language: 'zh' Physical Memory: 32475 MB
BatchMode: 1, IsHumanControllingUs: 0, StartBugReporterOnCrash: 0, Is64bit: 1
System  architecture: x64
Process architecture: x64
Date: 2026-03-26T08:53:02Z

COMMAND LINE ARGUMENTS:
D:\Unity Internnational\6000.3.9f1\Editor\Unity.exe
-adb2
-batchMode
-noUpm
-name
AssetImportWorker5
-projectPath
D:/unity/AssemblyRecorderDemo
-logFile
Logs/AssetImportWorker5.log
-srvPort
52822
-licensingIpc
LicenseClient-沐
-job-worker-count
13
-background-job-worker-count
8
-gc-helper-count
1
-name
AssetImport
Successfully changed project path to: D:/unity/AssemblyRecorderDemo
D:/unity/AssemblyRecorderDemo
[UnityMemory] Configuration Parameters - Can be set up in boot.config
    "memorysetup-temp-allocator-size-nav-mesh-worker=65536"
    "memorysetup-temp-allocator-size-audio-worker=65536"
    "memorysetup-temp-allocator-size-gfx=262144"
    "memorysetup-allocator-temp-initial-block-size-main=262144"
    "memorysetup-allocator-temp-initial-block-size-worker=262144"
    "memorysetup-temp-allocator-size-background-worker=32768"
    "memorysetup-temp-allocator-size-job-worker=262144"
    "memorysetup-temp-allocator-size-preload-manager=33554432"
    "memorysetup-temp-allocator-size-gi-baking-worker=262144"
    "memorysetup-temp-allocator-size-gi-baking-worker=262144"
    "memorysetup-temp-allocator-size-gi-baking-worker=262144"
    "memorysetup-temp-allocator-size-gi-baking-worker=262144"
    "memorysetup-temp-allocator-size-gi-baking-worker=262144"
    "memorysetup-bucket-allocator-granularity=16"
    "memorysetup-bucket-allocator-bucket-count=8"
    "memorysetup-bucket-allocator-block-size=33554432"
    "memorysetup-bucket-allocator-block-count=8"
    "memorysetup-main-allocator-block-size=16777216"
    "memorysetup-thread-allocator-block-size=16777216"
    "memorysetup-gfx-main-allocator-block-size=16777216"
    "memorysetup-gfx-thread-allocator-block-size=16777216"
    "memorysetup-cache-allocator-block-size=4194304"
    "memorysetup-typetree-allocator-block-size=2097152"
    "memorysetup-profiler-bucket-allocator-granularity=16"
    "memorysetup-profiler-bucket-allocator-bucket-count=8"
    "memorysetup-profiler-bucket-allocator-block-size=33554432"
    "memorysetup-profiler-bucket-allocator-block-count=8"
    "memorysetup-profiler-allocator-block-size=16777216"
    "memorysetup-profiler-editor-allocator-block-size=1048576"
    "memorysetup-temp-allocator-size-main=16777216"
    "memorysetup-job-temp-allocator-block-size=2097152"
    "memorysetup-job-temp-allocator-block-size-background=1048576"
    "memorysetup-job-temp-allocator-reduction-small-platforms=262144"
    "memorysetup-temp-allocator-size-cloud-worker=32768"
Player connection [23288]  Target information:

Player connection [23288]  * "[IP] 2.0.0.1 [Port] 0 [Flags] 2 [Guid] 3872570683 [EditorId] 3872570683 [Version] 1048832 [Id] WindowsEditor(7,LAPTOP) [Debug] 1 [PackageName] WindowsEditor [ProjectName] Editor" 

Player connection [23288]  * "[IP] 198.18.0.1 [Port] 0 [Flags] 2 [Guid] 3872570683 [EditorId] 3872570683 [Version] 1048832 [Id] WindowsEditor(7,LAPTOP) [Debug] 1 [PackageName] WindowsEditor [ProjectName] Editor" 

Player connection [23288]  * "[IP] 192.168.31.211 [Port] 0 [Flags] 2 [Guid] 3872570683 [EditorId] 3872570683 [Version] 1048832 [Id] WindowsEditor(7,LAPTOP) [Debug] 1 [PackageName] WindowsEditor [ProjectName] Editor" 

Player connection [23288] Host joined multi-casting on [225.0.0.222:54997]...
Player connection [23288] Host joined alternative multi-casting on [225.0.0.222:34997]...
JobSystem: Creating JobQueue using job-worker-count value 13
Input System module state changed to: Initialized.
[Physics::Module] Initialized fallback backend.
[Physics::Module] Id: 0xdecafbad
Library Redirect Path: Library/
[Physics::Module] Selected backend.
[Physics::Module] Name: PhysX
[Physics::Module] Id: 0xf2b8ea05
[Physics::Module] SDK Version: 4.1.2
[Physics::Module] Integration Version: 1.0.0
[Physics::Module] Threading Mode: Multi-Threaded
[Licensing::Module] Licensing is not yet initialized.
[Licensing::Client] Handshaking with LicensingClient:
  Version:                 1.17.4+4293ba1
  Session Id:              576554f358b8421f9a524230ae552124
  Correlation Id:          e3fb0f90f8fc8afd447e889c7f61c996
  External correlation Id: 803742719788203699
  Machine Id:              /K+uJUKyQ9AtqiujAhf/Di5Mf4g=
[Licensing::Module] Successfully connected to LicensingClient on channel: "LicenseClient-沐" (connect: 0.00s, validation: 0.00s, handshake: 1.69s)
[Licensing::IpcConnector] Successfully connected to: "LicenseClient-沐-notifications" at "2026-03-26T08:53:04.5505235Z"
[Licensing::Module] Licensing Background thread has ended after 1.69s
[Licensing::Module] Licensing is initialized (took 0.51s).
[Licensing::Client] Successfully resolved entitlement details
[Licensing::Module] License group:
  Id: F4-KSNM-8VVP-T5T8-2VBU-XXXX
  Product: Unity Personal
  Type: ULF
  Expiration: 2026-04-06T09:52:04Z
[Licensing::Module] License group:
  Id: ewogICJzdWJzR3JvdXAiIDogInVuaXR5IGVkaXRvciIsCiAgIm5hbWVzcGFjZSIgOiAidW5pdHlfZWRpdG9yIiwKICAidHlwZSIgOiAiRURJVE9SIiwKICAidGFnIiA6ICJVbml0eVBlcnNvbmFsXXXX
  Product: Unity Personal Version
  Type: Assigned
  Expiration: Unlimited
Refreshing native plugins compatible for Editor in 39.13 ms, found 14 plugins.
Preloading 2 native plugins for Editor in 2.52 ms.
Initialize engine version: 6000.3.9f1 (7a9955a4f2fa)
[Subsystems] Discovering subsystems at path D:/Unity Internnational/6000.3.9f1/Editor/Data/Resources/UnitySubsystems
[Subsystems] Discovering subsystems at path D:/unity/AssemblyRecorderDemo/Assets
GfxDevice: creating device client; kGfxThreadingModeNonThreaded
Direct3D:
    Version:  Direct3D 11.0 [level 11.1]
    Renderer: NVIDIA GeForce RTX 4070 Laptop GPU (ID=0x2860)
    Vendor:   NVIDIA
    VRAM:     7948 MB
    Driver:   32.0.15.8180
Initialize mono
Mono path[0] = 'D:/Unity Internnational/6000.3.9f1/Editor/Data/Managed'
Mono path[1] = 'D:/Unity Internnational/6000.3.9f1/Editor/Data/MonoBleedingEdge/lib/mono/unityjit-win32'
Mono config path = 'D:/Unity Internnational/6000.3.9f1/Editor/Data/MonoBleedingEdge/etc'
Using monoOptions --debugger-agent=transport=dt_socket,embedding=1,server=y,suspend=n,address=127.0.0.1:56184
Begin MonoManager ReloadAssembly
Registering precompiled unity dll's ...
Register platform support module: D:/Unity Internnational/6000.3.9f1/Editor/Data/PlaybackEngines/WindowsStandaloneSupport/UnityEditor.WindowsStandalone.Extensions.dll
Register platform support module: D:/Unity Internnational/6000.3.9f1/Editor/Data/PlaybackEngines/AndroidPlayer/UnityEditor.Android.Extensions.dll
Registered in 0.003597 seconds.
- Loaded All Assemblies, in  0.488 seconds
Native extension for Android target not found
Android Extension - Scanning For ADB Devices 391 ms
Native extension for WindowsStandalone target not found
ScheduleIndexationOnStartup MainProcess:False IndexOnStartup:True
Mono: successfully reloaded assembly
- Finished resetting the current domain, in  0.823 seconds
Domain Reload Profiling: 1304ms
	BeginReloadAssembly (190ms)
		ExecutionOrderSort (0ms)
		DisableScriptedObjects (0ms)
		BackupInstance (0ms)
		ReleaseScriptingObjects (0ms)
		CreateAndSetChildDomain (1ms)
	RebuildCommonClasses (34ms)
	RebuildNativeTypeToScriptingClass (10ms)
	initialDomainReloadingComplete (59ms)
	LoadAllAssembliesAndSetupDomain (189ms)
		LoadAssemblies (173ms)
		RebuildTransferFunctionScriptingTraits (0ms)
		AnalyzeDomain (186ms)
			TypeCache.Refresh (185ms)
				TypeCache.ScanAssembly (169ms)
			BuildScriptInfoCaches (0ms)
			ResolveRequiredComponents (0ms)
	FinalizeReload (823ms)
		ReleaseScriptCaches (0ms)
		RebuildScriptCaches (0ms)
		SetupLoadedEditorAssemblies (769ms)
			LogAssemblyErrors (0ms)
			InitializePlatformSupportModulesInManaged (474ms)
			SetLoadedEditorAssemblies (3ms)
			BeforeProcessingInitializeOnLoad (88ms)
			ProcessInitializeOnLoadAttributes (139ms)
			ProcessInitializeOnLoadMethodAttributes (66ms)
			AfterProcessingInitializeOnLoad (0ms)
			EditorAssembliesLoaded (0ms)
		ExecutionOrderSort2 (0ms)
		AwakeInstancesAfterBackupRestoration (0ms)
========================================================================
Worker process is ready to serve import requests
Import Worker Mode flag is 0x00
Begin MonoManager ReloadAssembly
[Licensing::Client] Successfully resolved entitlement details
[Licensing::Module] License group:
  Id: F4-KSNM-8VVP-T5T8-2VBU-XXXX
  Product: Unity Personal
  Type: ULF
  Expiration: 2026-04-06T09:52:04Z
[Licensing::Module] License group:
  Id: ewogICJzdWJzR3JvdXAiIDogInVuaXR5IGVkaXRvciIsCiAgIm5hbWVzcGFjZSIgOiAidW5pdHlfZWRpdG9yIiwKICAidHlwZSIgOiAiRURJVE9SIiwKICAidGFnIiA6ICJVbml0eVBlcnNvbmFsXXXX
  Product: Unity Personal Version
  Type: Assigned
  Expiration: Unlimited
Duplicate assembly 'System.Runtime.CompilerServices.Unsafe.dll' with different versions detected, using 'Packages/com.unity.ai.assistant/Plugins/Shared/System.Runtime.CompilerServices.Unsafe.dll, AssemblyName=System.Runtime.CompilerServices.Unsafe, Version=6.0.3.0, Culture=neutral, PublicKeyToken=b03f5f7f11d50a3a' and ignoring 'Packages/com.unity.collections/Unity.Collections.Tests/System.Runtime.CompilerServices.Unsafe/System.Runtime.CompilerServices.Unsafe.dll, AssemblyName=System.Runtime.CompilerServices.Unsafe, Version=6.0.0.0, Culture=neutral, PublicKeyToken=b03f5f7f11d50a3a'.Symbol file LoadedFromMemory is not a mono symbol file
Symbol file LoadedFromMemory is not a mono symbol file
- Loaded All Assemblies, in  1.598 seconds
Refreshing native plugins compatible for Editor in 15.12 ms, found 14 plugins.
Native extension for Android target not found
Native extension for WindowsStandalone target not found
Package Manager log level set to [2]
[Package Manager] Failed to launch server process. Reason: Unity was launched with the -noUpm command-line argument
[Package Manager] Unable to send message (not connected to server process).
[Package Manager] Cannot connect to Unity Package Manager local server
Duplicate assembly 'System.Runtime.CompilerServices.Unsafe.dll' with different versions detected, using 'Packages/com.unity.ai.assistant/Plugins/Shared/System.Runtime.CompilerServices.Unsafe.dll, AssemblyName=System.Runtime.CompilerServices.Unsafe, Version=6.0.3.0, Culture=neutral, PublicKeyToken=b03f5f7f11d50a3a' and ignoring 'Packages/com.unity.collections/Unity.Collections.Tests/System.Runtime.CompilerServices.Unsafe/System.Runtime.CompilerServices.Unsafe.dll, AssemblyName=System.Runtime.CompilerServices.Unsafe, Version=6.0.0.0, Culture=neutral, PublicKeyToken=b03f5f7f11d50a3a'.Refreshing native plugins compatible for Editor in 19.70 ms, found 14 plugins.
[Package Manager] Failed to launch server process. Reason: Unity was launched with the -noUpm command-line argument
[Package Manager] Unable to send message (not connected to server process).
[Package Manager] Cannot connect to Unity Package Manager local server
System.Reflection.TargetInvocationException: Exception has been thrown by the target of an invocation. ---> System.NullReferenceException: Object reference not set to an instance of an object
  at Unity.XR.Oculus.OculusLoader.AssetPathToAbsolutePath (System.String assetPath) [0x0003d] in .\Library\PackageCache\com.unity.xr.oculus@68ef97a4d91e\Runtime\OculusLoader.cs:312 
  at Unity.XR.Oculus.OculusLoader.EditorLoadOVRPlugin () [0x0008c] in .\Library\PackageCache\com.unity.xr.oculus@68ef97a4d91e\Runtime\OculusLoader.cs:297 
  at (wrapper managed-to-native) System.Reflection.RuntimeMethodInfo.InternalInvoke(System.Reflection.RuntimeMethodInfo,object,object[],System.Exception&)
  at System.Reflection.RuntimeMethodInfo.Invoke (System.Object obj, System.Reflection.BindingFlags invokeAttr, System.Reflection.Binder binder, System.Object[] parameters, System.Globalization.CultureInfo culture) [0x0006a] in <1eb9db207454431c84a47bcd81e79c37>:0 
   --- End of inner exception stack trace ---
  at System.Reflection.RuntimeMethodInfo.Invoke (System.Object obj, System.Reflection.BindingFlags invokeAttr, System.Reflection.Binder binder, System.Object[] parameters, System.Globalization.CultureInfo culture) [0x00083] in <1eb9db207454431c84a47bcd81e79c37>:0 
  at System.Reflection.MethodBase.Invoke (System.Object obj, System.Object[] parameters) [0x00000] in <1eb9db207454431c84a47bcd81e79c37>:0 
  at UnityEditor.EditorAssemblies.ProcessInitializeOnLoadMethodAttributes () [0x00087] in <5016c3a47c2a4a0cbfa8e12eb592279b>:0 
UnityEngine.Debug:ExtractStackTraceNoAlloc (byte*,int,string)
UnityEngine.StackTraceUtility:ExtractStackTrace ()
UnityEngine.DebugLogHandler:Internal_Log (UnityEngine.LogType,UnityEngine.LogOption,string,UnityEngine.Object)
UnityEngine.DebugLogHandler:LogFormat (UnityEngine.LogType,UnityEngine.Object,string,object[])
UnityEngine.Logger:Log (UnityEngine.LogType,object)
UnityEngine.Debug:LogError (object)
UnityEditor.EditorAssemblies:ProcessInitializeOnLoadMethodAttributes ()

ScheduleIndexationOnStartup MainProcess:False IndexOnStartup:True
Mono: successfully reloaded assembly
[Package Manager] Failed to launch server process. Reason: Unity was launched with the -noUpm command-line argument
[Package Manager] Unable to send message (not connected to server process).
[Package Manager] Cannot connect to Unity Package Manager local server
[Package Manager] Failed to launch server process. Reason: Unity was launched with the -noUpm command-line argument
[Package Manager] Unable to send message (not connected to server process).
[Package Manager] Cannot connect to Unity Package Manager local server
- Finished resetting the current domain, in  5.093 seconds
Domain Reload Profiling: 6649ms
	BeginReloadAssembly (210ms)
		ExecutionOrderSort (0ms)
		DisableScriptedObjects (4ms)
		BackupInstance (0ms)
		ReleaseScriptingObjects (0ms)
		CreateAndSetChildDomain (27ms)
	RebuildCommonClasses (38ms)
	RebuildNativeTypeToScriptingClass (11ms)
	initialDomainReloadingComplete (86ms)
	LoadAllAssembliesAndSetupDomain (1210ms)
		LoadAssemblies (807ms)
		RebuildTransferFunctionScriptingTraits (0ms)
		AnalyzeDomain (537ms)
			TypeCache.Refresh (415ms)
				TypeCache.ScanAssembly (383ms)
			BuildScriptInfoCaches (101ms)
			ResolveRequiredComponents (14ms)
	FinalizeReload (5093ms)
		ReleaseScriptCaches (0ms)
		RebuildScriptCaches (0ms)
		SetupLoadedEditorAssemblies (4803ms)
			LogAssemblyErrors (0ms)
			InitializePlatformSupportModulesInManaged (10ms)
			SetLoadedEditorAssemblies (4ms)
			BeforeProcessingInitializeOnLoad (329ms)
			ProcessInitializeOnLoadAttributes (4091ms)
			ProcessInitializeOnLoadMethodAttributes (357ms)
			AfterProcessingInitializeOnLoad (13ms)
			EditorAssembliesLoaded (0ms)
		ExecutionOrderSort2 (0ms)
		AwakeInstancesAfterBackupRestoration (7ms)
Launched and connected shader compiler UnityShaderCompiler.exe after 0.01 seconds
Refreshing native plugins compatible for Editor in 17.33 ms, found 14 plugins.
Preloading 2 native plugins for Editor in 0.18 ms.
Unloading 59 Unused Serialized files (Serialized files now loaded: 0)
Unloading 11443 unused Assets / (19.8 MB). Loaded Objects now: 12294.
Memory consumption went from 234.9 MB to 215.1 MB.
Total: 26.008800 ms (FindLiveObjects: 1.648800 ms CreateObjectMapping: 0.778000 ms MarkObjects: 18.675200 ms  DeleteObjects: 4.905600 ms)

========================================================================
Received Import Request.
  Time since last request: 214.507925 seconds.
  path: Assets/Allsky/Night Moon High/Night Moon High SummerSky 3/Sky_Night Moon High SummerSky 3_Cam_5_Down-Y.png
  artifactKey: Guid(1e7a626c6679a4b8997db773cf00ea94) Importer(815301076,1909f56bfc062723c751e8b465ee728b)
Start importing Assets/Allsky/Night Moon High/Night Moon High SummerSky 3/Sky_Night Moon High SummerSky 3_Cam_5_Down-Y.png using Guid(1e7a626c6679a4b8997db773cf00ea94) Importer(815301076,1909f56bfc062723c751e8b465ee728b) (PreviewImporter) -> (artifact id: 'a2e1f0f4ec440d72321b0f1388ce4a34') in 0.050596 seconds
Number of updated asset objects reloaded before import = 0Number of asset objects unloaded after import = 2

========================================================================
Received Import Request.
  Time since last request: 0.000013 seconds.
  path: Assets/Allsky/Space/Space_Nebula_OrangeBlue/Sky_Space_Nebula_OrangeBlue_Cam_4_Up+Y.png
  artifactKey: Guid(dea36e8c7e0084f2ab4581257d2d87cc) Importer(815301076,1909f56bfc062723c751e8b465ee728b)
Start importing Assets/Allsky/Space/Space_Nebula_OrangeBlue/Sky_Space_Nebula_OrangeBlue_Cam_4_Up+Y.png using Guid(dea36e8c7e0084f2ab4581257d2d87cc) Importer(815301076,1909f56bfc062723c751e8b465ee728b) (PreviewImporter) -> (artifact id: 'ce9b706d2b01123566ddf070483642b7') in 0.0287248 seconds
Number of updated asset objects reloaded before import = 0Number of asset objects unloaded after import = 2

========================================================================
Received Import Request.
  Time since last request: 0.000028 seconds.
  path: Assets/Allsky/Night Skyglow/Night Skyglow horizonrich/Sky_Night Skyglow horizonrich_Cam_0_Front+Z.png
  artifactKey: Guid(a56e3f0b195b349539e7c2e7dbb15dac) Importer(815301076,1909f56bfc062723c751e8b465ee728b)
Start importing Assets/Allsky/Night Skyglow/Night Skyglow horizonrich/Sky_Night Skyglow horizonrich_Cam_0_Front+Z.png using Guid(a56e3f0b195b349539e7c2e7dbb15dac) Importer(815301076,1909f56bfc062723c751e8b465ee728b) (PreviewImporter) -> (artifact id: '372c230a79397252d3fefe4390c61ec2') in 0.009408 seconds
Number of updated asset objects reloaded before import = 0Number of asset objects unloaded after import = 2

========================================================================
Received Import Request.
  Time since last request: 0.000024 seconds.
  path: Assets/Allsky/Version 4/Deep Dusk/Deep Dusk__Cam_4_Up+Y.png
  artifactKey: Guid(e43cb7a57191b48deacd382c86361998) Importer(815301076,1909f56bfc062723c751e8b465ee728b)
Start importing Assets/Allsky/Version 4/Deep Dusk/Deep Dusk__Cam_4_Up+Y.png using Guid(e43cb7a57191b48deacd382c86361998) Importer(815301076,1909f56bfc062723c751e8b465ee728b) (PreviewImporter) -> (artifact id: 'b081e41c09a7215d7f1d8ef1586a82ca') in 0.028071 seconds
Number of updated asset objects reloaded before import = 0Number of asset objects unloaded after import = 2

========================================================================
Received Import Request.
  Time since last request: 0.000027 seconds.
  path: Assets/Allsky/Night Moon High/Night Moon High SummerSky 3/Sky_Night Moon High SummerSky 3_Cam_0_Front+Z.png
  artifactKey: Guid(2f2ccf1f861ad411bb920ba729c17e4e) Importer(815301076,1909f56bfc062723c751e8b465ee728b)
Start importing Assets/Allsky/Night Moon High/Night Moon High SummerSky 3/Sky_Night Moon High SummerSky 3_Cam_0_Front+Z.png using Guid(2f2ccf1f861ad411bb920ba729c17e4e) Importer(815301076,1909f56bfc062723c751e8b465ee728b) (PreviewImporter) -> (artifact id: 'f69a6d311d36d68e7787188eec5f6e48') in 0.0215375 seconds
Number of updated asset objects reloaded before import = 0Number of asset objects unloaded after import = 2

========================================================================
Received Import Request.
  Time since last request: 0.000027 seconds.
  path: Assets/Allsky/HDRIHaven/Umlanga Sunrise/Umlanga Sunrise__Cam_4_Up+Y.png
  artifactKey: Guid(c09aee523ea734e0a87b928ec5126c2c) Importer(815301076,1909f56bfc062723c751e8b465ee728b)
Start importing Assets/Allsky/HDRIHaven/Umlanga Sunrise/Umlanga Sunrise__Cam_4_Up+Y.png using Guid(c09aee523ea734e0a87b928ec5126c2c) Importer(815301076,1909f56bfc062723c751e8b465ee728b) (PreviewImporter) -> (artifact id: '3784b82dd56942a1ee4c0632a2b4c040') in 0.0242859 seconds
Number of updated asset objects reloaded before import = 0Number of asset objects unloaded after import = 2

========================================================================
Received Import Request.
  Time since last request: 0.000024 seconds.
  path: Assets/Allsky/Night Moon Low/Night Moon Low SimpleCloudLayer 2/Sky_Night Moon Low SimpleCloudLayer 2_Cam_3_Right-X.png
  artifactKey: Guid(08fd06d1580f94284aeb4f6367b62a16) Importer(815301076,1909f56bfc062723c751e8b465ee728b)
Start importing Assets/Allsky/Night Moon Low/Night Moon Low SimpleCloudLayer 2/Sky_Night Moon Low SimpleCloudLayer 2_Cam_3_Right-X.png using Guid(08fd06d1580f94284aeb4f6367b62a16) Importer(815301076,1909f56bfc062723c751e8b465ee728b) (PreviewImporter) -> (artifact id: '3f753616340168f9273abdd9a68afb72') in 0.0102491 seconds
Number of updated asset objects reloaded before import = 0Number of asset objects unloaded after import = 2

========================================================================
Received Import Request.
  Time since last request: 0.000019 seconds.
  path: Assets/Allsky/Night Moon Low/Night Moon Low SimpleCloudLayer 2/Sky_Night Moon Low SimpleCloudLayer 2_Cam_2_Left+X.png
  artifactKey: Guid(0bf8a551b17514883b8bbceb5fd7fa40) Importer(815301076,1909f56bfc062723c751e8b465ee728b)
Start importing Assets/Allsky/Night Moon Low/Night Moon Low SimpleCloudLayer 2/Sky_Night Moon Low SimpleCloudLayer 2_Cam_2_Left+X.png using Guid(0bf8a551b17514883b8bbceb5fd7fa40) Importer(815301076,1909f56bfc062723c751e8b465ee728b) (PreviewImporter) -> (artifact id: '7d2d123060b41dfc5496ea69d801d0c9') in 0.0256916 seconds
Number of updated asset objects reloaded before import = 0Number of asset objects unloaded after import = 2

========================================================================
Received Import Request.
  Time since last request: 0.000017 seconds.
  path: Assets/Allsky/Epic/Epic_SunsetGoldenLayers/Epic_SunsetGoldenLayers_Cam_1_Back-Z.png
  artifactKey: Guid(acbf89604add17f44b2a3295a0be3c8b) Importer(815301076,1909f56bfc062723c751e8b465ee728b)
Start importing Assets/Allsky/Epic/Epic_SunsetGoldenLayers/Epic_SunsetGoldenLayers_Cam_1_Back-Z.png using Guid(acbf89604add17f44b2a3295a0be3c8b) Importer(815301076,1909f56bfc062723c751e8b465ee728b) (PreviewImporter) -> (artifact id: '922c18b7693b4adbffff0dd4cdf87f05') in 0.0185508 seconds
Number of updated asset objects reloaded before import = 0Number of asset objects unloaded after import = 2

========================================================================
Received Import Request.
  Time since last request: 0.000017 seconds.
  path: Assets/Allsky/Night Moon Low/Night Moon Low HorizonRich 2/Sky_Night Moon Low HorizonRich 2_Cam_5_Down-Y.png
  artifactKey: Guid(30ee233ad9e0f4fe1a516d77a47686d1) Importer(815301076,1909f56bfc062723c751e8b465ee728b)
Start importing Assets/Allsky/Night Moon Low/Night Moon Low HorizonRich 2/Sky_Night Moon Low HorizonRich 2_Cam_5_Down-Y.png using Guid(30ee233ad9e0f4fe1a516d77a47686d1) Importer(815301076,1909f56bfc062723c751e8b465ee728b) (PreviewImporter) -> (artifact id: 'a95b04974280f5bd5386923cd326634a') in 0.0111622 seconds
Number of updated asset objects reloaded before import = 0Number of asset objects unloaded after import = 2

========================================================================
Received Import Request.
  Time since last request: 0.000029 seconds.
  path: Assets/Allsky/Epic/Epic_NightStormMoonGlow/Epic_NightStormMoonGlow_Cam_5_Down-Y.png
  artifactKey: Guid(79842d9e194b4124bbbd775148789cfa) Importer(815301076,1909f56bfc062723c751e8b465ee728b)
Start importing Assets/Allsky/Epic/Epic_NightStormMoonGlow/Epic_NightStormMoonGlow_Cam_5_Down-Y.png using Guid(79842d9e194b4124bbbd775148789cfa) Importer(815301076,1909f56bfc062723c751e8b465ee728b) (PreviewImporter) -> (artifact id: '82037840dd1a3730c0f2055e4849a69d') in 0.0192867 seconds
Number of updated asset objects reloaded before import = 0Number of asset objects unloaded after import = 2

========================================================================
Received Import Request.
  Time since last request: 0.000022 seconds.
  path: Assets/Allsky/Day Sun Mid/Day Sun Mid Cloudslayer/Day Sun Mid Cloudslayer.png
  artifactKey: Guid(c153fd1b2fd2a41d29e3c7f55a009b7e) Importer(815301076,1909f56bfc062723c751e8b465ee728b)
Start importing Assets/Allsky/Day Sun Mid/Day Sun Mid Cloudslayer/Day Sun Mid Cloudslayer.png using Guid(c153fd1b2fd2a41d29e3c7f55a009b7e) Importer(815301076,1909f56bfc062723c751e8b465ee728b) (PreviewImporter) -> (artifact id: 'e73300b9eb7e0579773ebe3b001d405d') in 0.5135164 seconds
Number of updated asset objects reloaded before import = 0Number of asset objects unloaded after import = 1

========================================================================
Received Import Request.
  Time since last request: 0.000031 seconds.
  path: Assets/Allsky/Night Moon Mid/Night Moon Mid CrepuscularStyle/Sky_Night Moon Mid CrepuscularStyle_Cam_4_Up+Y.png
  artifactKey: Guid(e6112740a10a94fe69611036c1762c60) Importer(815301076,1909f56bfc062723c751e8b465ee728b)
Start importing Assets/Allsky/Night Moon Mid/Night Moon Mid CrepuscularStyle/Sky_Night Moon Mid CrepuscularStyle_Cam_4_Up+Y.png using Guid(e6112740a10a94fe69611036c1762c60) Importer(815301076,1909f56bfc062723c751e8b465ee728b) (PreviewImporter) -> (artifact id: 'f4716e9687ec555b53ccc06fb925accd') in 0.0104431 seconds
Number of updated asset objects reloaded before import = 0Number of asset objects unloaded after import = 2

========================================================================
Received Import Request.
  Time since last request: 0.000027 seconds.
  path: Assets/Allsky/Version 4/Light Blue/Sky_LightBlue_Cam_5_Down-Y.png
  artifactKey: Guid(dfd05c1b027614f13800779b32392f81) Importer(815301076,1909f56bfc062723c751e8b465ee728b)
Start importing Assets/Allsky/Version 4/Light Blue/Sky_LightBlue_Cam_5_Down-Y.png using Guid(dfd05c1b027614f13800779b32392f81) Importer(815301076,1909f56bfc062723c751e8b465ee728b) (PreviewImporter) -> (artifact id: '733fae4655f72a407de8a73cc4bc3947') in 0.0224898 seconds
Number of updated asset objects reloaded before import = 0Number of asset objects unloaded after import = 2

========================================================================
Received Import Request.
  Time since last request: 0.000022 seconds.
  path: Assets/Allsky/Night Moon Mid/Night Moon Mid EpicDenseClouds/Sky_Night Moon Mid EpicDenseClouds_Cam_4_Up+Y.png
  artifactKey: Guid(0a24a0ef6463e4a75b8c2581e86d7b9d) Importer(815301076,1909f56bfc062723c751e8b465ee728b)
Start importing Assets/Allsky/Night Moon Mid/Night Moon Mid EpicDenseClouds/Sky_Night Moon Mid EpicDenseClouds_Cam_4_Up+Y.png using Guid(0a24a0ef6463e4a75b8c2581e86d7b9d) Importer(815301076,1909f56bfc062723c751e8b465ee728b) (PreviewImporter) -> (artifact id: 'c6f6516f9e140d40611524e0f9478d26') in 0.0087759 seconds
Number of updated asset objects reloaded before import = 0Number of asset objects unloaded after import = 2

========================================================================
Received Import Request.
  Time since last request: 0.000040 seconds.
  path: Assets/Allsky/Epic/Epic Sunset B/Epic Sunset B_Cam_0_Front+Z.png
  artifactKey: Guid(a0e1387cba94542ff9820ab22cf4d539) Importer(815301076,1909f56bfc062723c751e8b465ee728b)
Start importing Assets/Allsky/Epic/Epic Sunset B/Epic Sunset B_Cam_0_Front+Z.png using Guid(a0e1387cba94542ff9820ab22cf4d539) Importer(815301076,1909f56bfc062723c751e8b465ee728b) (PreviewImporter) -> (artifact id: '9ea044cb2234094f30a89557b462bc79') in 0.0222227 seconds
Number of updated asset objects reloaded before import = 0Number of asset objects unloaded after import = 2

========================================================================
Received Import Request.
  Time since last request: 0.000033 seconds.
  path: Assets/Allsky/Fantasy/Fantasy Night/Sky_FantasySky_Night1_Cam_3_Right-X.png
  artifactKey: Guid(b67aadfd0fb6142d081b99c98b6b5cbe) Importer(815301076,1909f56bfc062723c751e8b465ee728b)
Start importing Assets/Allsky/Fantasy/Fantasy Night/Sky_FantasySky_Night1_Cam_3_Right-X.png using Guid(b67aadfd0fb6142d081b99c98b6b5cbe) Importer(815301076,1909f56bfc062723c751e8b465ee728b) (PreviewImporter) -> (artifact id: '382a645c272ffffdb0aa0e46e31d69b9') in 0.0235569 seconds
Number of updated asset objects reloaded before import = 0Number of asset objects unloaded after import = 2

========================================================================
Received Import Request.
  Time since last request: 0.000030 seconds.
  path: Assets/Allsky/Night Skyglow/Night Skyglow Overcast/Sky_Night Skyglow Overcast_Cam_0_Front+Z.png
  artifactKey: Guid(21740e2db417b4859a72a5f0aa9a92c1) Importer(815301076,1909f56bfc062723c751e8b465ee728b)
Start importing Assets/Allsky/Night Skyglow/Night Skyglow Overcast/Sky_Night Skyglow Overcast_Cam_0_Front+Z.png using Guid(21740e2db417b4859a72a5f0aa9a92c1) Importer(815301076,1909f56bfc062723c751e8b465ee728b) (PreviewImporter) -> (artifact id: '0eb5754761a1286c240760bb7e3d530d') in 0.0097747 seconds
Number of updated asset objects reloaded before import = 0Number of asset objects unloaded after import = 2

========================================================================
Received Import Request.
  Time since last request: 0.000023 seconds.
  path: Assets/Allsky/Night Moon Low/Night Moon Low CloudsLayer/Sky_Night Moon Low CloudsLayer_Cam_3_Right-X.png
  artifactKey: Guid(d1d4ef2a2e12449c287a917d56e460f3) Importer(815301076,1909f56bfc062723c751e8b465ee728b)
Start importing Assets/Allsky/Night Moon Low/Night Moon Low CloudsLayer/Sky_Night Moon Low CloudsLayer_Cam_3_Right-X.png using Guid(d1d4ef2a2e12449c287a917d56e460f3) Importer(815301076,1909f56bfc062723c751e8b465ee728b) (PreviewImporter) -> (artifact id: 'd3a8dd5f9d45a145513ab082cabf2fd2') in 0.0110501 seconds
Number of updated asset objects reloaded before import = 0Number of asset objects unloaded after import = 2

========================================================================
Received Import Request.
  Time since last request: 0.000023 seconds.
  path: Assets/Allsky/Version 4/Sun Glow/Sky_Sun Glow_Cam_3_Right-X.png
  artifactKey: Guid(553096e3e0ba14d1d858720aca8fdffc) Importer(815301076,1909f56bfc062723c751e8b465ee728b)
Start importing Assets/Allsky/Version 4/Sun Glow/Sky_Sun Glow_Cam_3_Right-X.png using Guid(553096e3e0ba14d1d858720aca8fdffc) Importer(815301076,1909f56bfc062723c751e8b465ee728b) (PreviewImporter) -> (artifact id: '14fa4e61ba846dbe77997071cb3f87c0') in 0.0191274 seconds
Number of updated asset objects reloaded before import = 0Number of asset objects unloaded after import = 2

========================================================================
Received Import Request.
  Time since last request: 0.000038 seconds.
  path: Assets/Allsky/Night Moon Low/Night Moon Low Summersky 3/Sky_Night Moon Low Summersky 3_Cam_2_Left+X.png
  artifactKey: Guid(8e931d3c56fe54423bacc7d70b711a91) Importer(815301076,1909f56bfc062723c751e8b465ee728b)
Start importing Assets/Allsky/Night Moon Low/Night Moon Low Summersky 3/Sky_Night Moon Low Summersky 3_Cam_2_Left+X.png using Guid(8e931d3c56fe54423bacc7d70b711a91) Importer(815301076,1909f56bfc062723c751e8b465ee728b) (PreviewImporter) -> (artifact id: '59a86b81f3bab45c0856b6c59399934c') in 0.0171599 seconds
Number of updated asset objects reloaded before import = 0Number of asset objects unloaded after import = 2

========================================================================
Received Import Request.
  Time since last request: 0.000028 seconds.
  path: Assets/Allsky/Night Moon Low/Night Moon Low Overcast1/Sky_Night Moon Low Overcast1_Cam_3_Right-X.png
  artifactKey: Guid(9487baf76d94d4cdeb81179df4be13a7) Importer(815301076,1909f56bfc062723c751e8b465ee728b)
Start importing Assets/Allsky/Night Moon Low/Night Moon Low Overcast1/Sky_Night Moon Low Overcast1_Cam_3_Right-X.png using Guid(9487baf76d94d4cdeb81179df4be13a7) Importer(815301076,1909f56bfc062723c751e8b465ee728b) (PreviewImporter) -> (artifact id: 'bc3f7eaf8930fd544f64f2237757dec8') in 0.0107085 seconds
Number of updated asset objects reloaded before import = 0Number of asset objects unloaded after import = 2

========================================================================
Received Import Request.
  Time since last request: 0.000019 seconds.
  path: Assets/Allsky/Night Moon Mid/Night Moon Mid Clear/Sky_Night Moon Mid Clear_Cam_0_Front+Z.png
  artifactKey: Guid(4f6b2fcaca2b9456a8891a35564eeb16) Importer(815301076,1909f56bfc062723c751e8b465ee728b)
Start importing Assets/Allsky/Night Moon Mid/Night Moon Mid Clear/Sky_Night Moon Mid Clear_Cam_0_Front+Z.png using Guid(4f6b2fcaca2b9456a8891a35564eeb16) Importer(815301076,1909f56bfc062723c751e8b465ee728b) (PreviewImporter) -> (artifact id: '537a913b770b2f782911fff5ff89d1d9') in 0.0086489 seconds
Number of updated asset objects reloaded before import = 0Number of asset objects unloaded after import = 2

========================================================================
Received Import Request.
  Time since last request: 0.000056 seconds.
  path: Assets/Allsky/Night Moon Mid/Night Moon Mid StormyCumulus/Sky_Night Moon Mid StormyCumulus_Cam_4_Up+Y.png
  artifactKey: Guid(b1235a5b1b77a41de9759a9082bea60e) Importer(815301076,1909f56bfc062723c751e8b465ee728b)
Start importing Assets/Allsky/Night Moon Mid/Night Moon Mid StormyCumulus/Sky_Night Moon Mid StormyCumulus_Cam_4_Up+Y.png using Guid(b1235a5b1b77a41de9759a9082bea60e) Importer(815301076,1909f56bfc062723c751e8b465ee728b) (PreviewImporter) -> (artifact id: '9007cfc8e43da21e15d93573d8ec162d') in 0.015938 seconds
Number of updated asset objects reloaded before import = 0Number of asset objects unloaded after import = 2

========================================================================
Received Import Request.
  Time since last request: 0.000024 seconds.
  path: Assets/Allsky/Night Moon High/Night Moon High SimpleCloudLayer 2/Sky_Night Moon High SimpleCloudLayer 2_Cam_2_Left+X.png
  artifactKey: Guid(6ab13524fa3024841bbdf93e06687cdf) Importer(815301076,1909f56bfc062723c751e8b465ee728b)
Start importing Assets/Allsky/Night Moon High/Night Moon High SimpleCloudLayer 2/Sky_Night Moon High SimpleCloudLayer 2_Cam_2_Left+X.png using Guid(6ab13524fa3024841bbdf93e06687cdf) Importer(815301076,1909f56bfc062723c751e8b465ee728b) (PreviewImporter) -> (artifact id: 'c540cd8c93f63d0f7a65e0f04ba6cfb8') in 0.0107364 seconds
Number of updated asset objects reloaded before import = 0Number of asset objects unloaded after import = 2

========================================================================
Received Import Request.
  Time since last request: 0.000022 seconds.
  path: Assets/Allsky/Night Moon Low/Night Moon Low StormyCumulus/Sky_Night Moon Low StormyCumulus_Cam_0_Front+Z.png
  artifactKey: Guid(9d1f5a32c5be3455ebc4041b046f864a) Importer(815301076,1909f56bfc062723c751e8b465ee728b)
Start importing Assets/Allsky/Night Moon Low/Night Moon Low StormyCumulus/Sky_Night Moon Low StormyCumulus_Cam_0_Front+Z.png using Guid(9d1f5a32c5be3455ebc4041b046f864a) Importer(815301076,1909f56bfc062723c751e8b465ee728b) (PreviewImporter) -> (artifact id: '89709dc16c07fcdf732485838cdcab23') in 0.008939 seconds
Number of updated asset objects reloaded before import = 0Number of asset objects unloaded after import = 2

========================================================================
Received Import Request.
  Time since last request: 0.000030 seconds.
  path: Assets/Allsky/Day Sun Mid/Day Sun Mid FogHigh/Day Sun Mid FogHigh.png
  artifactKey: Guid(08fb9dd64bf4341a8b109aeee7e670eb) Importer(815301076,1909f56bfc062723c751e8b465ee728b)
Start importing Assets/Allsky/Day Sun Mid/Day Sun Mid FogHigh/Day Sun Mid FogHigh.png using Guid(08fb9dd64bf4341a8b109aeee7e670eb) Importer(815301076,1909f56bfc062723c751e8b465ee728b) (PreviewImporter) -> (artifact id: '1350edf365d4ad4741163f1c64dbdafa') in 0.0852889 seconds
Number of updated asset objects reloaded before import = 0Number of asset objects unloaded after import = 1

========================================================================
Received Import Request.
  Time since last request: 0.000025 seconds.
  path: Assets/Allsky/Space/Space_Nebula_Red/Sky_Space_Nebula_Red_Cam_0_Front+Z.png
  artifactKey: Guid(43abedf6c8ece480e9f1a77c53e3ed30) Importer(815301076,1909f56bfc062723c751e8b465ee728b)
Start importing Assets/Allsky/Space/Space_Nebula_Red/Sky_Space_Nebula_Red_Cam_0_Front+Z.png using Guid(43abedf6c8ece480e9f1a77c53e3ed30) Importer(815301076,1909f56bfc062723c751e8b465ee728b) (PreviewImporter) -> (artifact id: '34dafa1b93da90258baa7760fefc040e') in 0.0216067 seconds
Number of updated asset objects reloaded before import = 0Number of asset objects unloaded after import = 2

========================================================================
Received Import Request.
  Time since last request: 0.000028 seconds.
  path: Assets/Allsky/Fantasy/Fantasy Night/Sky_FantasySky_Night1_Cam_5_Down-Y.png
  artifactKey: Guid(c4b1ecac76f85466da820af6a0f085ed) Importer(815301076,1909f56bfc062723c751e8b465ee728b)
Start importing Assets/Allsky/Fantasy/Fantasy Night/Sky_FantasySky_Night1_Cam_5_Down-Y.png using Guid(c4b1ecac76f85466da820af6a0f085ed) Importer(815301076,1909f56bfc062723c751e8b465ee728b) (PreviewImporter) -> (artifact id: '0c48d2704f7931f137c5e873bbacb92f') in 0.0148113 seconds
Number of updated asset objects reloaded before import = 0Number of asset objects unloaded after import = 2

========================================================================
Received Import Request.
  Time since last request: 0.000025 seconds.
  path: Assets/Allsky/Night Moon Low/Night Moon Low SimpleCloudLayer 2/Sky_Night Moon Low SimpleCloudLayer 2_Cam_0_Front+Z.png
  artifactKey: Guid(72c018d732c3141c4a3a8236b99462e9) Importer(815301076,1909f56bfc062723c751e8b465ee728b)
Start importing Assets/Allsky/Night Moon Low/Night Moon Low SimpleCloudLayer 2/Sky_Night Moon Low SimpleCloudLayer 2_Cam_0_Front+Z.png using Guid(72c018d732c3141c4a3a8236b99462e9) Importer(815301076,1909f56bfc062723c751e8b465ee728b) (PreviewImporter) -> (artifact id: 'bf6a028ddf096b8fb64a5de9222dce5e') in 0.012186 seconds
Number of updated asset objects reloaded before import = 0Number of asset objects unloaded after import = 2

========================================================================
Received Import Request.
  Time since last request: 0.000017 seconds.
  path: Assets/Allsky/Night Moon Peak/Night Moon Peak Summersky/Sky_Night Moon Peak Summersky_Cam_4_Up+Y.png
  artifactKey: Guid(ce62bde5780314ad2959701417f6ff06) Importer(815301076,1909f56bfc062723c751e8b465ee728b)
Start importing Assets/Allsky/Night Moon Peak/Night Moon Peak Summersky/Sky_Night Moon Peak Summersky_Cam_4_Up+Y.png using Guid(ce62bde5780314ad2959701417f6ff06) Importer(815301076,1909f56bfc062723c751e8b465ee728b) (PreviewImporter) -> (artifact id: 'f27bd1314db52748dd83e82c1339e3de') in 0.0106975 seconds
Number of updated asset objects reloaded before import = 0Number of asset objects unloaded after import = 2

========================================================================
Received Import Request.
  Time since last request: 0.000026 seconds.
  path: Assets/Allsky/Night Moon Mid/Night Moon Mid Heavy/Sky_Night Moon Mid Heavy_Cam_4_Up+Y.png
  artifactKey: Guid(e729b6d5704ba484d9363deca94d12e2) Importer(815301076,1909f56bfc062723c751e8b465ee728b)
Start importing Assets/Allsky/Night Moon Mid/Night Moon Mid Heavy/Sky_Night Moon Mid Heavy_Cam_4_Up+Y.png using Guid(e729b6d5704ba484d9363deca94d12e2) Importer(815301076,1909f56bfc062723c751e8b465ee728b) (PreviewImporter) -> (artifact id: '934e34b91622912febda116fc288845c') in 0.0123514 seconds
Number of updated asset objects reloaded before import = 0Number of asset objects unloaded after import = 2

========================================================================
Received Import Request.
  Time since last request: 0.000024 seconds.
  path: Assets/Allsky/Version 4/Sun Glow/Sky_Sun Glow_Cam_5_Down-Y.png
  artifactKey: Guid(3f24f4ff515ec4a7fb71ea9176c94450) Importer(815301076,1909f56bfc062723c751e8b465ee728b)
Start importing Assets/Allsky/Version 4/Sun Glow/Sky_Sun Glow_Cam_5_Down-Y.png using Guid(3f24f4ff515ec4a7fb71ea9176c94450) Importer(815301076,1909f56bfc062723c751e8b465ee728b) (PreviewImporter) -> (artifact id: '02866a6ed46d4596f746e34f6c21382d') in 0.0203135 seconds
Number of updated asset objects reloaded before import = 0Number of asset objects unloaded after import = 2

========================================================================
Received Import Request.
  Time since last request: 0.000032 seconds.
  path: Assets/Allsky/Epic/Epic_CentreOfTheStorm/Epic_CentreOfTheStorm_Cam_3_Right-X.png
  artifactKey: Guid(bfb1cf2cadb3a7e40a4a7c93c22f6b3f) Importer(815301076,1909f56bfc062723c751e8b465ee728b)
Start importing Assets/Allsky/Epic/Epic_CentreOfTheStorm/Epic_CentreOfTheStorm_Cam_3_Right-X.png using Guid(bfb1cf2cadb3a7e40a4a7c93c22f6b3f) Importer(815301076,1909f56bfc062723c751e8b465ee728b) (PreviewImporter) -> (artifact id: '254213c0c3c4d20fb1a9358fb151930a') in 0.0246624 seconds
Number of updated asset objects reloaded before import = 0Number of asset objects unloaded after import = 2

========================================================================
Received Import Request.
  Time since last request: 0.000025 seconds.
  path: Assets/Allsky/HDRIHaven/Tiber Island/Tiber Island__Cam_4_Up+Y.png
  artifactKey: Guid(e46fd955068084e2e9fb7cc4efaa5f6a) Importer(815301076,1909f56bfc062723c751e8b465ee728b)
Start importing Assets/Allsky/HDRIHaven/Tiber Island/Tiber Island__Cam_4_Up+Y.png using Guid(e46fd955068084e2e9fb7cc4efaa5f6a) Importer(815301076,1909f56bfc062723c751e8b465ee728b) (PreviewImporter) -> (artifact id: '34f0f2d083b44ee574f33c2bc0364b50') in 0.0207453 seconds
Number of updated asset objects reloaded before import = 0Number of asset objects unloaded after import = 2

========================================================================
Received Import Request.
  Time since last request: 0.000023 seconds.
  path: Assets/Allsky/Epic/Epic_CentreOfTheStorm/Epic_CentreOfTheStorm_Cam_5_Down-Y.png
  artifactKey: Guid(432a24599e7a6244e94d5ed8c353e548) Importer(815301076,1909f56bfc062723c751e8b465ee728b)
Start importing Assets/Allsky/Epic/Epic_CentreOfTheStorm/Epic_CentreOfTheStorm_Cam_5_Down-Y.png using Guid(432a24599e7a6244e94d5ed8c353e548) Importer(815301076,1909f56bfc062723c751e8b465ee728b) (PreviewImporter) -> (artifact id: '9534177bcdde2dd26f801be423b49406') in 0.022311 seconds
Number of updated asset objects reloaded before import = 0Number of asset objects unloaded after import = 2

========================================================================
Received Import Request.
  Time since last request: 0.000039 seconds.
  path: Assets/Allsky/Night Skyglow/Night Skyglow highcoldcirrus/Sky_Night Skyglow highcoldcirrus_Cam_3_Right-X.png
  artifactKey: Guid(18355882ecaf644fea4f82f882bb86ea) Importer(815301076,1909f56bfc062723c751e8b465ee728b)
Start importing Assets/Allsky/Night Skyglow/Night Skyglow highcoldcirrus/Sky_Night Skyglow highcoldcirrus_Cam_3_Right-X.png using Guid(18355882ecaf644fea4f82f882bb86ea) Importer(815301076,1909f56bfc062723c751e8b465ee728b) (PreviewImporter) -> (artifact id: '175140856fe2345a6d1bb97d95c550f9') in 0.0125082 seconds
Number of updated asset objects reloaded before import = 0Number of asset objects unloaded after import = 2

========================================================================
Received Import Request.
  Time since last request: 0.000029 seconds.
  path: Assets/Allsky/Night Skyglow/Night Skyglow Overcast/Sky_Night Skyglow Overcast_Cam_5_Down-Y.png
  artifactKey: Guid(d093036e4d14f428bbe499f4872562d1) Importer(815301076,1909f56bfc062723c751e8b465ee728b)
Start importing Assets/Allsky/Night Skyglow/Night Skyglow Overcast/Sky_Night Skyglow Overcast_Cam_5_Down-Y.png using Guid(d093036e4d14f428bbe499f4872562d1) Importer(815301076,1909f56bfc062723c751e8b465ee728b) (PreviewImporter) -> (artifact id: '600d8e3ffad749abc2e1d793b4c5d256') in 0.0129018 seconds
Number of updated asset objects reloaded before import = 0Number of asset objects unloaded after import = 2

========================================================================
Received Import Request.
  Time since last request: 0.000020 seconds.
  path: Assets/Allsky/HDRIHaven/Winter Lake/Winter Lake__Cam_5_Down-Y.png
  artifactKey: Guid(f9a35b28e1aac4559acc635f9d0d4747) Importer(815301076,1909f56bfc062723c751e8b465ee728b)
Start importing Assets/Allsky/HDRIHaven/Winter Lake/Winter Lake__Cam_5_Down-Y.png using Guid(f9a35b28e1aac4559acc635f9d0d4747) Importer(815301076,1909f56bfc062723c751e8b465ee728b) (PreviewImporter) -> (artifact id: '7302c63000cad8a6082a032d1a1e0b15') in 0.0238304 seconds
Number of updated asset objects reloaded before import = 0Number of asset objects unloaded after import = 2

========================================================================
Received Import Request.
  Time since last request: 0.000027 seconds.
  path: Assets/Allsky/Night Moon Mid/Night Moon Mid Heavy/Sky_Night Moon Mid Heavy_Cam_5_Down-Y.png
  artifactKey: Guid(cca1c3bff149140599da2041d2c1ce73) Importer(815301076,1909f56bfc062723c751e8b465ee728b)
Start importing Assets/Allsky/Night Moon Mid/Night Moon Mid Heavy/Sky_Night Moon Mid Heavy_Cam_5_Down-Y.png using Guid(cca1c3bff149140599da2041d2c1ce73) Importer(815301076,1909f56bfc062723c751e8b465ee728b) (PreviewImporter) -> (artifact id: '4a616d687b4f08c78aa500c4a3fe0b3a') in 0.0121877 seconds
Number of updated asset objects reloaded before import = 0Number of asset objects unloaded after import = 2

========================================================================
Received Import Request.
  Time since last request: 0.000044 seconds.
  path: Assets/Allsky/Night Moon Mid/Night Moon Mid StormyCumulus/Sky_Night Moon Mid StormyCumulus_Cam_0_Front+Z.png
  artifactKey: Guid(94f0c0b43ea2e4e4b868e25d867305a1) Importer(815301076,1909f56bfc062723c751e8b465ee728b)
Start importing Assets/Allsky/Night Moon Mid/Night Moon Mid StormyCumulus/Sky_Night Moon Mid StormyCumulus_Cam_0_Front+Z.png using Guid(94f0c0b43ea2e4e4b868e25d867305a1) Importer(815301076,1909f56bfc062723c751e8b465ee728b) (PreviewImporter) -> (artifact id: '592971d487a14f505e41eafea9a16785') in 0.0120455 seconds
Number of updated asset objects reloaded before import = 0Number of asset objects unloaded after import = 2

========================================================================
Received Import Request.
  Time since last request: 0.000030 seconds.
  path: Assets/Allsky/Epic/Epic_BlueSunset/Epic_BlueSunset_Cam_0_Front+Z.png
  artifactKey: Guid(de7e553aa8d485643916abef15974850) Importer(815301076,1909f56bfc062723c751e8b465ee728b)
Start importing Assets/Allsky/Epic/Epic_BlueSunset/Epic_BlueSunset_Cam_0_Front+Z.png using Guid(de7e553aa8d485643916abef15974850) Importer(815301076,1909f56bfc062723c751e8b465ee728b) (PreviewImporter) -> (artifact id: '562c5ae4f678213d533c5daed4a0748d') in 0.0260781 seconds
Number of updated asset objects reloaded before import = 0Number of asset objects unloaded after import = 2

========================================================================
Received Import Request.
  Time since last request: 0.000024 seconds.
  path: Assets/Allsky/Night Moon Low/Night Moon Low Heavy/Sky_Night Moon Low Heavy_Cam_4_Up+Y.png
  artifactKey: Guid(87599b40398914c39b0b6b8f79833931) Importer(815301076,1909f56bfc062723c751e8b465ee728b)
Start importing Assets/Allsky/Night Moon Low/Night Moon Low Heavy/Sky_Night Moon Low Heavy_Cam_4_Up+Y.png using Guid(87599b40398914c39b0b6b8f79833931) Importer(815301076,1909f56bfc062723c751e8b465ee728b) (PreviewImporter) -> (artifact id: '0700399afdf0cff1d9e254a75ef0ba56') in 0.0098305 seconds
Number of updated asset objects reloaded before import = 0Number of asset objects unloaded after import = 2

========================================================================
Received Import Request.
  Time since last request: 0.000030 seconds.
  path: Assets/Allsky/Night Moon Low/Night Moon Low Cumulus2/Sky_Night Moon Low Cumulus2_Cam_5_Down-Y.png
  artifactKey: Guid(72c141f9ac39945a7b6ec418d3cbaa66) Importer(815301076,1909f56bfc062723c751e8b465ee728b)
Start importing Assets/Allsky/Night Moon Low/Night Moon Low Cumulus2/Sky_Night Moon Low Cumulus2_Cam_5_Down-Y.png using Guid(72c141f9ac39945a7b6ec418d3cbaa66) Importer(815301076,1909f56bfc062723c751e8b465ee728b) (PreviewImporter) -> (artifact id: 'f8ad8e35ad73b4f5c1825d889242beca') in 0.0093046 seconds
Number of updated asset objects reloaded before import = 0Number of asset objects unloaded after import = 2

========================================================================
Received Import Request.
  Time since last request: 0.000046 seconds.
  path: Assets/Allsky/Night Moon Mid/Night Moon Mid HighColdCirrus/Sky_Night Moon Mid HighColdCirrus_Cam_1_Back-Z.png
  artifactKey: Guid(bb464a72b4c9949c2877692c2bdb2402) Importer(815301076,1909f56bfc062723c751e8b465ee728b)
Start importing Assets/Allsky/Night Moon Mid/Night Moon Mid HighColdCirrus/Sky_Night Moon Mid HighColdCirrus_Cam_1_Back-Z.png using Guid(bb464a72b4c9949c2877692c2bdb2402) Importer(815301076,1909f56bfc062723c751e8b465ee728b) (PreviewImporter) -> (artifact id: '1c3644c15a8fdfe812ccfe43d797477e') in 0.0111482 seconds
Number of updated asset objects reloaded before import = 0Number of asset objects unloaded after import = 2

========================================================================
Received Import Request.
  Time since last request: 0.000018 seconds.
  path: Assets/Allsky/Space/Space Starfield/Space Starfield_Cam_2_Left+X.png
  artifactKey: Guid(d3b16fd27c26b4167821214902943ae3) Importer(815301076,1909f56bfc062723c751e8b465ee728b)
Start importing Assets/Allsky/Space/Space Starfield/Space Starfield_Cam_2_Left+X.png using Guid(d3b16fd27c26b4167821214902943ae3) Importer(815301076,1909f56bfc062723c751e8b465ee728b) (PreviewImporter) -> (artifact id: '3d3de7971115be8bed22871f2322fe19') in 0.0220762 seconds
Number of updated asset objects reloaded before import = 0Number of asset objects unloaded after import = 2

========================================================================
Received Import Request.
  Time since last request: 0.000020 seconds.
  path: Assets/Allsky/Epic/Epic_BlueSunset/Epic_BlueSunset_EquiRect_flat.png
  artifactKey: Guid(8e895c3ec5027447099f99ca0fab5cdd) Importer(815301076,1909f56bfc062723c751e8b465ee728b)
Start importing Assets/Allsky/Epic/Epic_BlueSunset/Epic_BlueSunset_EquiRect_flat.png using Guid(8e895c3ec5027447099f99ca0fab5cdd) Importer(815301076,1909f56bfc062723c751e8b465ee728b) (PreviewImporter) -> (artifact id: 'c0847bc5018641fdfa133c6571189458') in 0.1284692 seconds
Number of updated asset objects reloaded before import = 0Number of asset objects unloaded after import = 1

========================================================================
Received Import Request.
  Time since last request: 0.000036 seconds.
  path: Assets/Allsky/Space/Space_Nebula_DeepBlack/Space_Nebula_DeepBlack Equirect.png
  artifactKey: Guid(4e9c33a72a4bb407ab5432a5ae4d7dfc) Importer(815301076,1909f56bfc062723c751e8b465ee728b)
Start importing Assets/Allsky/Space/Space_Nebula_DeepBlack/Space_Nebula_DeepBlack Equirect.png using Guid(4e9c33a72a4bb407ab5432a5ae4d7dfc) Importer(815301076,1909f56bfc062723c751e8b465ee728b) (PreviewImporter) -> (artifact id: '11c10f1da3a0f09820761e60b44db066') in 0.0816509 seconds
Number of updated asset objects reloaded before import = 0Number of asset objects unloaded after import = 1

========================================================================
Received Import Request.
  Time since last request: 0.000030 seconds.
  path: Assets/Allsky/Sunless_Moonless/Sunless_BlueSky_02/Sunless_BlueSky_02_Cam_1_Back-Z.png
  artifactKey: Guid(a07b59afdcaeeb74daebc793bb4f9ea7) Importer(815301076,1909f56bfc062723c751e8b465ee728b)
Start importing Assets/Allsky/Sunless_Moonless/Sunless_BlueSky_02/Sunless_BlueSky_02_Cam_1_Back-Z.png using Guid(a07b59afdcaeeb74daebc793bb4f9ea7) Importer(815301076,1909f56bfc062723c751e8b465ee728b) (PreviewImporter) -> (artifact id: '1113d860262163ca1b18b19d9b79fb0d') in 0.0233588 seconds
Number of updated asset objects reloaded before import = 0Number of asset objects unloaded after import = 2

========================================================================
Received Import Request.
  Time since last request: 0.000025 seconds.
  path: Assets/Modern UI Pack/Editor/Icons/SwitchOff.png
  artifactKey: Guid(c72f1ae5731c1034887c0be3dfd557a7) Importer(815301076,1909f56bfc062723c751e8b465ee728b)
Start importing Assets/Modern UI Pack/Editor/Icons/SwitchOff.png using Guid(c72f1ae5731c1034887c0be3dfd557a7) Importer(815301076,1909f56bfc062723c751e8b465ee728b) (PreviewImporter) -> (artifact id: '5768379efb19b8c23a6c47a6886e1c12') in 0.0074668 seconds
Number of updated asset objects reloaded before import = 0Number of asset objects unloaded after import = 2

========================================================================
Received Import Request.
  Time since last request: 0.000026 seconds.
  path: Assets/TextMesh Pro/Sprites/EmojiOne.png
  artifactKey: Guid(dffef66376be4fa480fb02b19edbe903) Importer(815301076,1909f56bfc062723c751e8b465ee728b)
Start importing Assets/TextMesh Pro/Sprites/EmojiOne.png using Guid(dffef66376be4fa480fb02b19edbe903) Importer(815301076,1909f56bfc062723c751e8b465ee728b) (PreviewImporter) -> (artifact id: 'a6fffc80ef90a8d0584bdb234f956d46') in 0.0157448 seconds
Number of updated asset objects reloaded before import = 0Number of asset objects unloaded after import = 2

========================================================================
Received Import Request.
  Time since last request: 0.000030 seconds.
  path: Assets/Allsky/Version 4/Sun Glow/Sky_Sun Glow_Cam_1_Back-Z.png
  artifactKey: Guid(b5dd1efeb95274bea94cb49ca3728c70) Importer(815301076,1909f56bfc062723c751e8b465ee728b)
Start importing Assets/Allsky/Version 4/Sun Glow/Sky_Sun Glow_Cam_1_Back-Z.png using Guid(b5dd1efeb95274bea94cb49ca3728c70) Importer(815301076,1909f56bfc062723c751e8b465ee728b) (PreviewImporter) -> (artifact id: 'b4ff3673b23497a8d394468166aadc92') in 0.0213976 seconds
Number of updated asset objects reloaded before import = 0Number of asset objects unloaded after import = 2

========================================================================
Received Import Request.
  Time since last request: 0.000026 seconds.
  path: Assets/Allsky/Space/Space_Nebula_Green/Sky_Space_Nebula_Green_Cam_2_Left+X.png
  artifactKey: Guid(00256e1831a4242caba997289b8cd667) Importer(815301076,1909f56bfc062723c751e8b465ee728b)
Start importing Assets/Allsky/Space/Space_Nebula_Green/Sky_Space_Nebula_Green_Cam_2_Left+X.png using Guid(00256e1831a4242caba997289b8cd667) Importer(815301076,1909f56bfc062723c751e8b465ee728b) (PreviewImporter) -> (artifact id: '8eff6889846a61ca61c78a1b09fc118e') in 0.0185817 seconds
Number of updated asset objects reloaded before import = 0Number of asset objects unloaded after import = 2

Editor requested this worker to shutdown with reason: Scaling down because of idle timeout
AssetImportWorkerClient::OnTransportError - code=2 error=End of file
AssetImportWorker is now disconnected from the server
Process exiting
Exiting without the bug reporter. Application will terminate with return code 0