[Licensing::Module] Trying to connect to existing licensing client channel...
Built from '6000.3/staging' branch; Version is '6000.3.9f1 (7a9955a4f2fa) revision 8034645'; Using compiler version '194234433'; Build Type 'Release'
[Licensing::IpcConnector] Successfully connected to: "LicenseClient-沐" at "2026-03-26T08:53:02.8357202Z"
OS: 'Windows 11  (10.0.26200) CoreCountrySpecific' Language: 'zh' Physical Memory: 32475 MB
BatchMode: 1, IsHumanControllingUs: 0, StartBugReporterOnCrash: 0, Is64bit: 1
System  architecture: x64
Process architecture: x64
Date: 2026-03-26T08:53:02Z

COMMAND LINE ARGUMENTS:
D:\Unity Internnational\6000.3.9f1\Editor\Unity.exe
-adb2
-batchMode
-noUpm
-name
AssetImportWorker3
-projectPath
D:/unity/AssemblyRecorderDemo
-logFile
Logs/AssetImportWorker3.log
-srvPort
52822
-licensingIpc
LicenseClient-沐
-job-worker-count
13
-background-job-worker-count
8
-gc-helper-count
1
-name
AssetImport
Successfully changed project path to: D:/unity/AssemblyRecorderDemo
D:/unity/AssemblyRecorderDemo
[UnityMemory] Configuration Parameters - Can be set up in boot.config
    "memorysetup-temp-allocator-size-nav-mesh-worker=65536"
    "memorysetup-temp-allocator-size-audio-worker=65536"
    "memorysetup-temp-allocator-size-gfx=262144"
    "memorysetup-allocator-temp-initial-block-size-main=262144"
    "memorysetup-allocator-temp-initial-block-size-worker=262144"
    "memorysetup-temp-allocator-size-background-worker=32768"
    "memorysetup-temp-allocator-size-job-worker=262144"
    "memorysetup-temp-allocator-size-preload-manager=33554432"
    "memorysetup-temp-allocator-size-gi-baking-worker=262144"
    "memorysetup-temp-allocator-size-gi-baking-worker=262144"
    "memorysetup-temp-allocator-size-gi-baking-worker=262144"
    "memorysetup-temp-allocator-size-gi-baking-worker=262144"
    "memorysetup-temp-allocator-size-gi-baking-worker=262144"
    "memorysetup-bucket-allocator-granularity=16"
    "memorysetup-bucket-allocator-bucket-count=8"
    "memorysetup-bucket-allocator-block-size=33554432"
    "memorysetup-bucket-allocator-block-count=8"
    "memorysetup-main-allocator-block-size=16777216"
    "memorysetup-thread-allocator-block-size=16777216"
    "memorysetup-gfx-main-allocator-block-size=16777216"
    "memorysetup-gfx-thread-allocator-block-size=16777216"
    "memorysetup-cache-allocator-block-size=4194304"
    "memorysetup-typetree-allocator-block-size=2097152"
    "memorysetup-profiler-bucket-allocator-granularity=16"
    "memorysetup-profiler-bucket-allocator-bucket-count=8"
    "memorysetup-profiler-bucket-allocator-block-size=33554432"
    "memorysetup-profiler-bucket-allocator-block-count=8"
    "memorysetup-profiler-allocator-block-size=16777216"
    "memorysetup-profiler-editor-allocator-block-size=1048576"
    "memorysetup-temp-allocator-size-main=16777216"
    "memorysetup-job-temp-allocator-block-size=2097152"
    "memorysetup-job-temp-allocator-block-size-background=1048576"
    "memorysetup-job-temp-allocator-reduction-small-platforms=262144"
    "memorysetup-temp-allocator-size-cloud-worker=32768"
Player connection [24840]  Target information:

Player connection [24840]  * "[IP] 2.0.0.1 [Port] 0 [Flags] 2 [Guid] 719690260 [EditorId] 719690260 [Version] 1048832 [Id] WindowsEditor(7,LAPTOP) [Debug] 1 [PackageName] WindowsEditor [ProjectName] Editor" 

Player connection [24840]  * "[IP] 198.18.0.1 [Port] 0 [Flags] 2 [Guid] 719690260 [EditorId] 719690260 [Version] 1048832 [Id] WindowsEditor(7,LAPTOP) [Debug] 1 [PackageName] WindowsEditor [ProjectName] Editor" 

Player connection [24840]  * "[IP] 192.168.31.211 [Port] 0 [Flags] 2 [Guid] 719690260 [EditorId] 719690260 [Version] 1048832 [Id] WindowsEditor(7,LAPTOP) [Debug] 1 [PackageName] WindowsEditor [ProjectName] Editor" 

Player connection [24840] Host joined multi-casting on [225.0.0.222:54997]...
Player connection [24840] Host joined alternative multi-casting on [225.0.0.222:34997]...
JobSystem: Creating JobQueue using job-worker-count value 13
Input System module state changed to: Initialized.
[Physics::Module] Initialized fallback backend.
[Physics::Module] Id: 0xdecafbad
Library Redirect Path: Library/
[Physics::Module] Selected backend.
[Physics::Module] Name: PhysX
[Physics::Module] Id: 0xf2b8ea05
[Physics::Module] SDK Version: 4.1.2
[Physics::Module] Integration Version: 1.0.0
[Physics::Module] Threading Mode: Multi-Threaded
[Licensing::Module] Licensing is not yet initialized.
[Licensing::Client] Handshaking with LicensingClient:
  Version:                 1.17.4+4293ba1
  Session Id:              9627d018868647c8ac666c063b113cb7
  Correlation Id:          e3fb0f90f8fc8afd447e889c7f61c996
  External correlation Id: 3829773806734881475
  Machine Id:              /K+uJUKyQ9AtqiujAhf/Di5Mf4g=
[Licensing::Module] Successfully connected to LicensingClient on channel: "LicenseClient-沐" (connect: 0.00s, validation: 0.00s, handshake: 1.66s)
[Licensing::IpcConnector] Successfully connected to: "LicenseClient-沐-notifications" at "2026-03-26T08:53:04.5008332Z"
[Licensing::Module] Licensing Background thread has ended after 1.67s
[Licensing::Module] Licensing is initialized (took 0.51s).
[Licensing::Client] Successfully resolved entitlement details
[Licensing::Module] License group:
  Id: F4-KSNM-8VVP-T5T8-2VBU-XXXX
  Product: Unity Personal
  Type: ULF
  Expiration: 2026-04-06T09:52:04Z
[Licensing::Module] License group:
  Id: ewogICJzdWJzR3JvdXAiIDogInVuaXR5IGVkaXRvciIsCiAgIm5hbWVzcGFjZSIgOiAidW5pdHlfZWRpdG9yIiwKICAidHlwZSIgOiAiRURJVE9SIiwKICAidGFnIiA6ICJVbml0eVBlcnNvbmFsXXXX
  Product: Unity Personal Version
  Type: Assigned
  Expiration: Unlimited
Refreshing native plugins compatible for Editor in 29.60 ms, found 14 plugins.
Preloading 2 native plugins for Editor in 3.08 ms.
Initialize engine version: 6000.3.9f1 (7a9955a4f2fa)
[Subsystems] Discovering subsystems at path D:/Unity Internnational/6000.3.9f1/Editor/Data/Resources/UnitySubsystems
[Subsystems] Discovering subsystems at path D:/unity/AssemblyRecorderDemo/Assets
GfxDevice: creating device client; kGfxThreadingModeNonThreaded
Direct3D:
    Version:  Direct3D 11.0 [level 11.1]
    Renderer: NVIDIA GeForce RTX 4070 Laptop GPU (ID=0x2860)
    Vendor:   NVIDIA
    VRAM:     7948 MB
    Driver:   32.0.15.8180
Initialize mono
Mono path[0] = 'D:/Unity Internnational/6000.3.9f1/Editor/Data/Managed'
Mono path[1] = 'D:/Unity Internnational/6000.3.9f1/Editor/Data/MonoBleedingEdge/lib/mono/unityjit-win32'
Mono config path = 'D:/Unity Internnational/6000.3.9f1/Editor/Data/MonoBleedingEdge/etc'
Using monoOptions --debugger-agent=transport=dt_socket,embedding=1,server=y,suspend=n,address=127.0.0.1:56732
Begin MonoManager ReloadAssembly
Registering precompiled unity dll's ...
Register platform support module: D:/Unity Internnational/6000.3.9f1/Editor/Data/PlaybackEngines/WindowsStandaloneSupport/UnityEditor.WindowsStandalone.Extensions.dll
Register platform support module: D:/Unity Internnational/6000.3.9f1/Editor/Data/PlaybackEngines/AndroidPlayer/UnityEditor.Android.Extensions.dll
Registered in 0.004459 seconds.
- Loaded All Assemblies, in  0.454 seconds
Native extension for Android target not found
Android Extension - Scanning For ADB Devices 371 ms
Native extension for WindowsStandalone target not found
ScheduleIndexationOnStartup MainProcess:False IndexOnStartup:True
Mono: successfully reloaded assembly
- Finished resetting the current domain, in  0.823 seconds
Domain Reload Profiling: 1268ms
	BeginReloadAssembly (187ms)
		ExecutionOrderSort (0ms)
		DisableScriptedObjects (0ms)
		BackupInstance (0ms)
		ReleaseScriptingObjects (0ms)
		CreateAndSetChildDomain (1ms)
	RebuildCommonClasses (32ms)
	RebuildNativeTypeToScriptingClass (11ms)
	initialDomainReloadingComplete (52ms)
	LoadAllAssembliesAndSetupDomain (163ms)
		LoadAssemblies (178ms)
		RebuildTransferFunctionScriptingTraits (0ms)
		AnalyzeDomain (160ms)
			TypeCache.Refresh (159ms)
				TypeCache.ScanAssembly (147ms)
			BuildScriptInfoCaches (0ms)
			ResolveRequiredComponents (0ms)
	FinalizeReload (823ms)
		ReleaseScriptCaches (0ms)
		RebuildScriptCaches (0ms)
		SetupLoadedEditorAssemblies (773ms)
			LogAssemblyErrors (0ms)
			InitializePlatformSupportModulesInManaged (472ms)
			SetLoadedEditorAssemblies (4ms)
			BeforeProcessingInitializeOnLoad (78ms)
			ProcessInitializeOnLoadAttributes (143ms)
			ProcessInitializeOnLoadMethodAttributes (76ms)
			AfterProcessingInitializeOnLoad (0ms)
			EditorAssembliesLoaded (0ms)
		ExecutionOrderSort2 (0ms)
		AwakeInstancesAfterBackupRestoration (0ms)
========================================================================
Worker process is ready to serve import requests
Import Worker Mode flag is 0x00
Begin MonoManager ReloadAssembly
[Licensing::Client] Successfully resolved entitlement details
[Licensing::Module] License group:
  Id: F4-KSNM-8VVP-T5T8-2VBU-XXXX
  Product: Unity Personal
  Type: ULF
  Expiration: 2026-04-06T09:52:04Z
[Licensing::Module] License group:
  Id: ewogICJzdWJzR3JvdXAiIDogInVuaXR5IGVkaXRvciIsCiAgIm5hbWVzcGFjZSIgOiAidW5pdHlfZWRpdG9yIiwKICAidHlwZSIgOiAiRURJVE9SIiwKICAidGFnIiA6ICJVbml0eVBlcnNvbmFsXXXX
  Product: Unity Personal Version
  Type: Assigned
  Expiration: Unlimited
Duplicate assembly 'System.Runtime.CompilerServices.Unsafe.dll' with different versions detected, using 'Packages/com.unity.ai.assistant/Plugins/Shared/System.Runtime.CompilerServices.Unsafe.dll, AssemblyName=System.Runtime.CompilerServices.Unsafe, Version=6.0.3.0, Culture=neutral, PublicKeyToken=b03f5f7f11d50a3a' and ignoring 'Packages/com.unity.collections/Unity.Collections.Tests/System.Runtime.CompilerServices.Unsafe/System.Runtime.CompilerServices.Unsafe.dll, AssemblyName=System.Runtime.CompilerServices.Unsafe, Version=6.0.0.0, Culture=neutral, PublicKeyToken=b03f5f7f11d50a3a'.Symbol file LoadedFromMemory is not a mono symbol file
Symbol file LoadedFromMemory is not a mono symbol file
- Loaded All Assemblies, in  1.711 seconds
Refreshing native plugins compatible for Editor in 15.34 ms, found 14 plugins.
Native extension for Android target not found
Native extension for WindowsStandalone target not found
Package Manager log level set to [2]
[Package Manager] Failed to launch server process. Reason: Unity was launched with the -noUpm command-line argument
[Package Manager] Unable to send message (not connected to server process).
[Package Manager] Cannot connect to Unity Package Manager local server
Duplicate assembly 'System.Runtime.CompilerServices.Unsafe.dll' with different versions detected, using 'Packages/com.unity.ai.assistant/Plugins/Shared/System.Runtime.CompilerServices.Unsafe.dll, AssemblyName=System.Runtime.CompilerServices.Unsafe, Version=6.0.3.0, Culture=neutral, PublicKeyToken=b03f5f7f11d50a3a' and ignoring 'Packages/com.unity.collections/Unity.Collections.Tests/System.Runtime.CompilerServices.Unsafe/System.Runtime.CompilerServices.Unsafe.dll, AssemblyName=System.Runtime.CompilerServices.Unsafe, Version=6.0.0.0, Culture=neutral, PublicKeyToken=b03f5f7f11d50a3a'.Refreshing native plugins compatible for Editor in 20.79 ms, found 14 plugins.
[Package Manager] Failed to launch server process. Reason: Unity was launched with the -noUpm command-line argument
[Package Manager] Unable to send message (not connected to server process).
[Package Manager] Cannot connect to Unity Package Manager local server
System.Reflection.TargetInvocationException: Exception has been thrown by the target of an invocation. ---> System.NullReferenceException: Object reference not set to an instance of an object
  at Unity.XR.Oculus.OculusLoader.AssetPathToAbsolutePath (System.String assetPath) [0x0003d] in .\Library\PackageCache\com.unity.xr.oculus@68ef97a4d91e\Runtime\OculusLoader.cs:312 
  at Unity.XR.Oculus.OculusLoader.EditorLoadOVRPlugin () [0x0008c] in .\Library\PackageCache\com.unity.xr.oculus@68ef97a4d91e\Runtime\OculusLoader.cs:297 
  at (wrapper managed-to-native) System.Reflection.RuntimeMethodInfo.InternalInvoke(System.Reflection.RuntimeMethodInfo,object,object[],System.Exception&)
  at System.Reflection.RuntimeMethodInfo.Invoke (System.Object obj, System.Reflection.BindingFlags invokeAttr, System.Reflection.Binder binder, System.Object[] parameters, System.Globalization.CultureInfo culture) [0x0006a] in <1eb9db207454431c84a47bcd81e79c37>:0 
   --- End of inner exception stack trace ---
  at System.Reflection.RuntimeMethodInfo.Invoke (System.Object obj, System.Reflection.BindingFlags invokeAttr, System.Reflection.Binder binder, System.Object[] parameters, System.Globalization.CultureInfo culture) [0x00083] in <1eb9db207454431c84a47bcd81e79c37>:0 
  at System.Reflection.MethodBase.Invoke (System.Object obj, System.Object[] parameters) [0x00000] in <1eb9db207454431c84a47bcd81e79c37>:0 
  at UnityEditor.EditorAssemblies.ProcessInitializeOnLoadMethodAttributes () [0x00087] in <5016c3a47c2a4a0cbfa8e12eb592279b>:0 
UnityEngine.Debug:ExtractStackTraceNoAlloc (byte*,int,string)
UnityEngine.StackTraceUtility:ExtractStackTrace ()
UnityEngine.DebugLogHandler:Internal_Log (UnityEngine.LogType,UnityEngine.LogOption,string,UnityEngine.Object)
UnityEngine.DebugLogHandler:LogFormat (UnityEngine.LogType,UnityEngine.Object,string,object[])
UnityEngine.Logger:Log (UnityEngine.LogType,object)
UnityEngine.Debug:LogError (object)
UnityEditor.EditorAssemblies:ProcessInitializeOnLoadMethodAttributes ()

ScheduleIndexationOnStartup MainProcess:False IndexOnStartup:True
Mono: successfully reloaded assembly
[Package Manager] Failed to launch server process. Reason: Unity was launched with the -noUpm command-line argument
[Package Manager] Unable to send message (not connected to server process).
[Package Manager] Cannot connect to Unity Package Manager local server
[Package Manager] Failed to launch server process. Reason: Unity was launched with the -noUpm command-line argument
[Package Manager] Unable to send message (not connected to server process).
[Package Manager] Cannot connect to Unity Package Manager local server
- Finished resetting the current domain, in  5.060 seconds
Domain Reload Profiling: 6733ms
	BeginReloadAssembly (264ms)
		ExecutionOrderSort (0ms)
		DisableScriptedObjects (4ms)
		BackupInstance (0ms)
		ReleaseScriptingObjects (0ms)
		CreateAndSetChildDomain (32ms)
	RebuildCommonClasses (37ms)
	RebuildNativeTypeToScriptingClass (11ms)
	initialDomainReloadingComplete (82ms)
	LoadAllAssembliesAndSetupDomain (1281ms)
		LoadAssemblies (899ms)
		RebuildTransferFunctionScriptingTraits (0ms)
		AnalyzeDomain (553ms)
			TypeCache.Refresh (425ms)
				TypeCache.ScanAssembly (393ms)
			BuildScriptInfoCaches (109ms)
			ResolveRequiredComponents (13ms)
	FinalizeReload (5060ms)
		ReleaseScriptCaches (0ms)
		RebuildScriptCaches (0ms)
		SetupLoadedEditorAssemblies (4778ms)
			LogAssemblyErrors (0ms)
			InitializePlatformSupportModulesInManaged (9ms)
			SetLoadedEditorAssemblies (4ms)
			BeforeProcessingInitializeOnLoad (356ms)
			ProcessInitializeOnLoadAttributes (4048ms)
			ProcessInitializeOnLoadMethodAttributes (346ms)
			AfterProcessingInitializeOnLoad (15ms)
			EditorAssembliesLoaded (1ms)
		ExecutionOrderSort2 (0ms)
		AwakeInstancesAfterBackupRestoration (8ms)
Launched and connected shader compiler UnityShaderCompiler.exe after 0.01 seconds
Refreshing native plugins compatible for Editor in 16.31 ms, found 14 plugins.
Preloading 2 native plugins for Editor in 0.19 ms.
Unloading 59 Unused Serialized files (Serialized files now loaded: 0)
Unloading 11443 unused Assets / (19.5 MB). Loaded Objects now: 12294.
Memory consumption went from 238.8 MB to 219.2 MB.
Total: 28.484900 ms (FindLiveObjects: 1.310400 ms CreateObjectMapping: 7.553700 ms MarkObjects: 14.941000 ms  DeleteObjects: 4.678800 ms)

========================================================================
Received Import Request.
  Time since last request: 214.424264 seconds.
  path: Assets/Allsky/Night Moon Mid/Night Moon Mid Overcast 1/Sky_Night Moon Mid Overcast 1_Cam_1_Back-Z.png
  artifactKey: Guid(abfd004d092c44f02b7b278c2c3837af) Importer(815301076,1909f56bfc062723c751e8b465ee728b)
Start importing Assets/Allsky/Night Moon Mid/Night Moon Mid Overcast 1/Sky_Night Moon Mid Overcast 1_Cam_1_Back-Z.png using Guid(abfd004d092c44f02b7b278c2c3837af) Importer(815301076,1909f56bfc062723c751e8b465ee728b) (PreviewImporter) -> (artifact id: 'dd6c694cab679962a94d1e19044e1889') in 0.0565621 seconds
Number of updated asset objects reloaded before import = 0Number of asset objects unloaded after import = 2

========================================================================
Received Import Request.
  Time since last request: 0.000023 seconds.
  path: Assets/Allsky/Space/Space Planet C/Space Planet C_Cam_2_Left+X.png
  artifactKey: Guid(aa580dfad9f0f4c5e8f48fefcf549e4c) Importer(815301076,1909f56bfc062723c751e8b465ee728b)
Start importing Assets/Allsky/Space/Space Planet C/Space Planet C_Cam_2_Left+X.png using Guid(aa580dfad9f0f4c5e8f48fefcf549e4c) Importer(815301076,1909f56bfc062723c751e8b465ee728b) (PreviewImporter) -> (artifact id: 'b9f7cc2e9e307fbdbbb2ece544420e98') in 0.0264001 seconds
Number of updated asset objects reloaded before import = 0Number of asset objects unloaded after import = 2

========================================================================
Received Import Request.
  Time since last request: 0.000019 seconds.
  path: Assets/Allsky/Night Moon Peak/Night Moon Peak Clear/Sky_Night Moon Peak Clear_Cam_0_Front+Z.png
  artifactKey: Guid(eeeff5c713649464d97f649aaceee891) Importer(815301076,1909f56bfc062723c751e8b465ee728b)
Start importing Assets/Allsky/Night Moon Peak/Night Moon Peak Clear/Sky_Night Moon Peak Clear_Cam_0_Front+Z.png using Guid(eeeff5c713649464d97f649aaceee891) Importer(815301076,1909f56bfc062723c751e8b465ee728b) (PreviewImporter) -> (artifact id: '6414fa87f6d20d3ea18487dfbd32194c') in 0.0112367 seconds
Number of updated asset objects reloaded before import = 0Number of asset objects unloaded after import = 2

========================================================================
Received Import Request.
  Time since last request: 0.000028 seconds.
  path: Assets/Allsky/Version 4/Deep Dusk/Deep Dusk__Cam_5_Down-Y.png
  artifactKey: Guid(65f71fbc242aa4d1584605bdc6746a3f) Importer(815301076,1909f56bfc062723c751e8b465ee728b)
Start importing Assets/Allsky/Version 4/Deep Dusk/Deep Dusk__Cam_5_Down-Y.png using Guid(65f71fbc242aa4d1584605bdc6746a3f) Importer(815301076,1909f56bfc062723c751e8b465ee728b) (PreviewImporter) -> (artifact id: 'b02c5da7d6104a405620f57a409c436b') in 0.0159622 seconds
Number of updated asset objects reloaded before import = 0Number of asset objects unloaded after import = 2

========================================================================
Received Import Request.
  Time since last request: 0.000010 seconds.
  path: Assets/Allsky/Night Moon Peak/Night Moon Peak Summersky/Sky_Night Moon Peak Summersky_Cam_1_Back-Z.png
  artifactKey: Guid(dfe6f0362a5a14eb7ab26b74a0895157) Importer(815301076,1909f56bfc062723c751e8b465ee728b)
Start importing Assets/Allsky/Night Moon Peak/Night Moon Peak Summersky/Sky_Night Moon Peak Summersky_Cam_1_Back-Z.png using Guid(dfe6f0362a5a14eb7ab26b74a0895157) Importer(815301076,1909f56bfc062723c751e8b465ee728b) (PreviewImporter) -> (artifact id: '3b506ad4570df95da4e0bbd2c6d7f089') in 0.0151904 seconds
Number of updated asset objects reloaded before import = 0Number of asset objects unloaded after import = 2

========================================================================
Received Import Request.
  Time since last request: 0.000014 seconds.
  path: Assets/Allsky/Night Moon Low/Night Moon Low Overcast2/Sky_Night Moon Low Overcast2_Cam_2_Left+X.png
  artifactKey: Guid(da9c0f955207542b9bc8510e0f98cd20) Importer(815301076,1909f56bfc062723c751e8b465ee728b)
Start importing Assets/Allsky/Night Moon Low/Night Moon Low Overcast2/Sky_Night Moon Low Overcast2_Cam_2_Left+X.png using Guid(da9c0f955207542b9bc8510e0f98cd20) Importer(815301076,1909f56bfc062723c751e8b465ee728b) (PreviewImporter) -> (artifact id: '70586580aad51d1bda587cb561a51d27') in 0.0194273 seconds
Number of updated asset objects reloaded before import = 0Number of asset objects unloaded after import = 2

========================================================================
Received Import Request.
  Time since last request: 0.000026 seconds.
  path: Assets/Allsky/Night Moon Low/Night Moon Low ClearHazy/Sky_Night Moon Low ClearHazy_Cam_3_Right-X.png
  artifactKey: Guid(21b8211b17bad44d1a4658af5d3405bf) Importer(815301076,1909f56bfc062723c751e8b465ee728b)
Start importing Assets/Allsky/Night Moon Low/Night Moon Low ClearHazy/Sky_Night Moon Low ClearHazy_Cam_3_Right-X.png using Guid(21b8211b17bad44d1a4658af5d3405bf) Importer(815301076,1909f56bfc062723c751e8b465ee728b) (PreviewImporter) -> (artifact id: 'a857e5d9f76be4029f2672815c79369b') in 0.0144331 seconds
Number of updated asset objects reloaded before import = 0Number of asset objects unloaded after import = 2

========================================================================
Received Import Request.
  Time since last request: 0.000035 seconds.
  path: Assets/Allsky/HDRIHaven/Umlanga Sunrise/Umlanga Sunrise__Cam_2_Left+X.png
  artifactKey: Guid(c6de9c03f78714fbca7cb8f3f728dd48) Importer(815301076,1909f56bfc062723c751e8b465ee728b)
Start importing Assets/Allsky/HDRIHaven/Umlanga Sunrise/Umlanga Sunrise__Cam_2_Left+X.png using Guid(c6de9c03f78714fbca7cb8f3f728dd48) Importer(815301076,1909f56bfc062723c751e8b465ee728b) (PreviewImporter) -> (artifact id: 'd33e82f71e741e91f26790f541946f4d') in 0.0203783 seconds
Number of updated asset objects reloaded before import = 0Number of asset objects unloaded after import = 2

========================================================================
Received Import Request.
  Time since last request: 0.000015 seconds.
  path: Assets/Allsky/Day Sun Mid/Day Sun Mid Clear/Day Sun Mid Clear.png
  artifactKey: Guid(6ef7c25d50b564035a1a13470b2e2ded) Importer(815301076,1909f56bfc062723c751e8b465ee728b)
Start importing Assets/Allsky/Day Sun Mid/Day Sun Mid Clear/Day Sun Mid Clear.png using Guid(6ef7c25d50b564035a1a13470b2e2ded) Importer(815301076,1909f56bfc062723c751e8b465ee728b) (PreviewImporter) -> (artifact id: '2c37b1886c428ce459f46a3711a8fac2') in 0.5581016 seconds
Number of updated asset objects reloaded before import = 0Number of asset objects unloaded after import = 1

========================================================================
Received Import Request.
  Time since last request: 0.000022 seconds.
  path: Assets/Allsky/Night Moon Mid/Night Moon Mid Autumnal/Sky_Night Moon Mid Autumnal_Cam_1_Back-Z.png
  artifactKey: Guid(3cbf126f845cf4a08a7993b67a703ec1) Importer(815301076,1909f56bfc062723c751e8b465ee728b)
Start importing Assets/Allsky/Night Moon Mid/Night Moon Mid Autumnal/Sky_Night Moon Mid Autumnal_Cam_1_Back-Z.png using Guid(3cbf126f845cf4a08a7993b67a703ec1) Importer(815301076,1909f56bfc062723c751e8b465ee728b) (PreviewImporter) -> (artifact id: '7198c521e0a494898080aeba332614a6') in 0.0120401 seconds
Number of updated asset objects reloaded before import = 0Number of asset objects unloaded after import = 2

========================================================================
Received Import Request.
  Time since last request: 0.000026 seconds.
  path: Assets/Allsky/Night Moon Mid/Night Moon Mid Heavy/Sky_Night Moon Mid Heavy_Cam_1_Back-Z.png
  artifactKey: Guid(87d3a19ea557347468b6fa1546a849cf) Importer(815301076,1909f56bfc062723c751e8b465ee728b)
Start importing Assets/Allsky/Night Moon Mid/Night Moon Mid Heavy/Sky_Night Moon Mid Heavy_Cam_1_Back-Z.png using Guid(87d3a19ea557347468b6fa1546a849cf) Importer(815301076,1909f56bfc062723c751e8b465ee728b) (PreviewImporter) -> (artifact id: '2ca0612a5de9e351b865bf07fe534a50') in 0.0099065 seconds
Number of updated asset objects reloaded before import = 0Number of asset objects unloaded after import = 2

========================================================================
Received Import Request.
  Time since last request: 0.000030 seconds.
  path: Assets/Allsky/Night Moon High/Night Moon High HorizonRich 2/Sky_Night Moon High HorizonRich 2_Cam_5_Down-Y.png
  artifactKey: Guid(cfa8babd04abf43f3ba5546077236214) Importer(815301076,1909f56bfc062723c751e8b465ee728b)
Start importing Assets/Allsky/Night Moon High/Night Moon High HorizonRich 2/Sky_Night Moon High HorizonRich 2_Cam_5_Down-Y.png using Guid(cfa8babd04abf43f3ba5546077236214) Importer(815301076,1909f56bfc062723c751e8b465ee728b) (PreviewImporter) -> (artifact id: '920fe58f70f37b56f1288de4f05cd106') in 0.0104301 seconds
Number of updated asset objects reloaded before import = 0Number of asset objects unloaded after import = 2

========================================================================
Received Import Request.
  Time since last request: 0.000026 seconds.
  path: Assets/Allsky/Epic/Epic_BigCloudsSoft/Epic_BigCloudsSoft_Cam_1_Back-Z.png
  artifactKey: Guid(84c1b2603c0210a43913544d6d7f20a9) Importer(815301076,1909f56bfc062723c751e8b465ee728b)
Start importing Assets/Allsky/Epic/Epic_BigCloudsSoft/Epic_BigCloudsSoft_Cam_1_Back-Z.png using Guid(84c1b2603c0210a43913544d6d7f20a9) Importer(815301076,1909f56bfc062723c751e8b465ee728b) (PreviewImporter) -> (artifact id: '6db51e1603f416ecc8e73ec9841f1c9c') in 0.0221295 seconds
Number of updated asset objects reloaded before import = 0Number of asset objects unloaded after import = 2

========================================================================
Received Import Request.
  Time since last request: 0.000030 seconds.
  path: Assets/Allsky/Night Moon Low/Night Moon Low EpicHigh/Sky_Night Moon Low EpicHigh_Cam_5_Down-Y.png
  artifactKey: Guid(c75ea15ef1ab64feb88bf13b77f265d8) Importer(815301076,1909f56bfc062723c751e8b465ee728b)
Start importing Assets/Allsky/Night Moon Low/Night Moon Low EpicHigh/Sky_Night Moon Low EpicHigh_Cam_5_Down-Y.png using Guid(c75ea15ef1ab64feb88bf13b77f265d8) Importer(815301076,1909f56bfc062723c751e8b465ee728b) (PreviewImporter) -> (artifact id: 'b574c779ecb6cf8cf8cc64ab5f371db7') in 0.0122325 seconds
Number of updated asset objects reloaded before import = 0Number of asset objects unloaded after import = 2

========================================================================
Received Import Request.
  Time since last request: 0.000043 seconds.
  path: Assets/Allsky/Day Twilight/Day Twilight Summersky/Day Twilight Summersky.png
  artifactKey: Guid(cc515b595f33a4ea19bac1bc9e252c13) Importer(815301076,1909f56bfc062723c751e8b465ee728b)
Start importing Assets/Allsky/Day Twilight/Day Twilight Summersky/Day Twilight Summersky.png using Guid(cc515b595f33a4ea19bac1bc9e252c13) Importer(815301076,1909f56bfc062723c751e8b465ee728b) (PreviewImporter) -> (artifact id: '3dc8c6cf252802dce6fbebb13fe85d17') in 0.1158642 seconds
Number of updated asset objects reloaded before import = 0Number of asset objects unloaded after import = 1

========================================================================
Received Import Request.
  Time since last request: 0.000019 seconds.
  path: Assets/Allsky/Day Sun Low/Day Sun Low Overcast 2/Day Sun Low Overcast 2.png
  artifactKey: Guid(08cdd25381d4a40979e8dda471bab3d3) Importer(815301076,1909f56bfc062723c751e8b465ee728b)
Start importing Assets/Allsky/Day Sun Low/Day Sun Low Overcast 2/Day Sun Low Overcast 2.png using Guid(08cdd25381d4a40979e8dda471bab3d3) Importer(815301076,1909f56bfc062723c751e8b465ee728b) (PreviewImporter) -> (artifact id: '1492b8c21a1f4df6590d93beba49e46d') in 0.0998037 seconds
Number of updated asset objects reloaded before import = 0Number of asset objects unloaded after import = 1

========================================================================
Received Import Request.
  Time since last request: 0.000056 seconds.
  path: Assets/Allsky/Night Moon Low/Night Moon Low FogHigh/Sky_Night Moon Low FogHigh_Cam_3_Right-X.png
  artifactKey: Guid(1902b403c1d26440199a17d04a0235b0) Importer(815301076,1909f56bfc062723c751e8b465ee728b)
Start importing Assets/Allsky/Night Moon Low/Night Moon Low FogHigh/Sky_Night Moon Low FogHigh_Cam_3_Right-X.png using Guid(1902b403c1d26440199a17d04a0235b0) Importer(815301076,1909f56bfc062723c751e8b465ee728b) (PreviewImporter) -> (artifact id: '4974b86e7594dbd1b7d25030bf05edf8') in 0.0127648 seconds
Number of updated asset objects reloaded before import = 0Number of asset objects unloaded after import = 2

========================================================================
Received Import Request.
  Time since last request: 0.000037 seconds.
  path: Assets/Allsky/Night Moon Rise/Night Moon Rise Clear/Sky_Night Moon Rise Clear_Cam_1_Back-Z.png
  artifactKey: Guid(23bfe58bc8b0243a8a3781e8d6368806) Importer(815301076,1909f56bfc062723c751e8b465ee728b)
Start importing Assets/Allsky/Night Moon Rise/Night Moon Rise Clear/Sky_Night Moon Rise Clear_Cam_1_Back-Z.png using Guid(23bfe58bc8b0243a8a3781e8d6368806) Importer(815301076,1909f56bfc062723c751e8b465ee728b) (PreviewImporter) -> (artifact id: '67f338e8602d9c34300d7675158349e9') in 0.009359 seconds
Number of updated asset objects reloaded before import = 0Number of asset objects unloaded after import = 2

========================================================================
Received Import Request.
  Time since last request: 0.000020 seconds.
  path: Assets/Allsky/Night Moon Low/Night Moon Low CloudsLayered/Sky_Night Moon Low CloudsLayered_Cam_5_Down-Y.png
  artifactKey: Guid(39d97f90415fc49b4873a9c2f0b4e8b6) Importer(815301076,1909f56bfc062723c751e8b465ee728b)
Start importing Assets/Allsky/Night Moon Low/Night Moon Low CloudsLayered/Sky_Night Moon Low CloudsLayered_Cam_5_Down-Y.png using Guid(39d97f90415fc49b4873a9c2f0b4e8b6) Importer(815301076,1909f56bfc062723c751e8b465ee728b) (PreviewImporter) -> (artifact id: '089045dae46281a8bff66b0a49f4bb61') in 0.0104903 seconds
Number of updated asset objects reloaded before import = 0Number of asset objects unloaded after import = 2

========================================================================
Received Import Request.
  Time since last request: 0.000038 seconds.
  path: Assets/Allsky/Night Skyglow/Night Skyglow Overcast/Sky_Night Skyglow Overcast_Cam_2_Left+X.png
  artifactKey: Guid(5eac4fd8ea3b74f3da3db2fe354930a9) Importer(815301076,1909f56bfc062723c751e8b465ee728b)
Start importing Assets/Allsky/Night Skyglow/Night Skyglow Overcast/Sky_Night Skyglow Overcast_Cam_2_Left+X.png using Guid(5eac4fd8ea3b74f3da3db2fe354930a9) Importer(815301076,1909f56bfc062723c751e8b465ee728b) (PreviewImporter) -> (artifact id: '1cc8128c227ed75f714b797fc9a8b6d3') in 0.0105206 seconds
Number of updated asset objects reloaded before import = 0Number of asset objects unloaded after import = 2

========================================================================
Received Import Request.
  Time since last request: 0.000022 seconds.
  path: Assets/Allsky/Night Moon Low/Night Moon Low Cumulus2/Sky_Night Moon Low Cumulus2_Cam_4_Up+Y.png
  artifactKey: Guid(3e9e11778baad49f1b7edd8bdd14949d) Importer(815301076,1909f56bfc062723c751e8b465ee728b)
Start importing Assets/Allsky/Night Moon Low/Night Moon Low Cumulus2/Sky_Night Moon Low Cumulus2_Cam_4_Up+Y.png using Guid(3e9e11778baad49f1b7edd8bdd14949d) Importer(815301076,1909f56bfc062723c751e8b465ee728b) (PreviewImporter) -> (artifact id: '2626272f9aede5b098041da72b89ab49') in 0.0132225 seconds
Number of updated asset objects reloaded before import = 0Number of asset objects unloaded after import = 2

========================================================================
Received Import Request.
  Time since last request: 0.000049 seconds.
  path: Assets/Allsky/Night Moon High/Night Moon High SummerSky 3/Sky_Night Moon High SummerSky 3_Cam_1_Back-Z.png
  artifactKey: Guid(f87666a30afe94c92baae01d62f7e80c) Importer(815301076,1909f56bfc062723c751e8b465ee728b)
Start importing Assets/Allsky/Night Moon High/Night Moon High SummerSky 3/Sky_Night Moon High SummerSky 3_Cam_1_Back-Z.png using Guid(f87666a30afe94c92baae01d62f7e80c) Importer(815301076,1909f56bfc062723c751e8b465ee728b) (PreviewImporter) -> (artifact id: 'e22b9fe0f40474ab545d5ee428c8f925') in 0.0098039 seconds
Number of updated asset objects reloaded before import = 0Number of asset objects unloaded after import = 2

========================================================================
Received Import Request.
  Time since last request: 0.000027 seconds.
  path: Assets/Allsky/Night Moon Low/Night Moon Low EpicHigh/Sky_Night Moon Low EpicHigh_Cam_4_Up+Y.png
  artifactKey: Guid(100784e19e5e740618a5384364ee61a6) Importer(815301076,1909f56bfc062723c751e8b465ee728b)
Start importing Assets/Allsky/Night Moon Low/Night Moon Low EpicHigh/Sky_Night Moon Low EpicHigh_Cam_4_Up+Y.png using Guid(100784e19e5e740618a5384364ee61a6) Importer(815301076,1909f56bfc062723c751e8b465ee728b) (PreviewImporter) -> (artifact id: '233e538af9e41ddb0d51b8c0afba80fc') in 0.008762 seconds
Number of updated asset objects reloaded before import = 0Number of asset objects unloaded after import = 2

========================================================================
Received Import Request.
  Time since last request: 0.000026 seconds.
  path: Assets/Allsky/Night Skyglow/Night Skyglow clearhazy/Sky_Night Skyglow clearhazy_Cam_4_Up+Y.png
  artifactKey: Guid(034e962df1bca4eb9ae92164be861197) Importer(815301076,1909f56bfc062723c751e8b465ee728b)
Start importing Assets/Allsky/Night Skyglow/Night Skyglow clearhazy/Sky_Night Skyglow clearhazy_Cam_4_Up+Y.png using Guid(034e962df1bca4eb9ae92164be861197) Importer(815301076,1909f56bfc062723c751e8b465ee728b) (PreviewImporter) -> (artifact id: '90168899dd23d635704d66dc1a7fd153') in 0.0311412 seconds
Number of updated asset objects reloaded before import = 0Number of asset objects unloaded after import = 2

========================================================================
Received Import Request.
  Time since last request: 0.000018 seconds.
  path: Assets/Allsky/Night Moon Mid/Night Moon Mid StormyCumulus/Sky_Night Moon Mid StormyCumulus_Cam_1_Back-Z.png
  artifactKey: Guid(7522fe1e070324d13bb005dcf6e4e60d) Importer(815301076,1909f56bfc062723c751e8b465ee728b)
Start importing Assets/Allsky/Night Moon Mid/Night Moon Mid StormyCumulus/Sky_Night Moon Mid StormyCumulus_Cam_1_Back-Z.png using Guid(7522fe1e070324d13bb005dcf6e4e60d) Importer(815301076,1909f56bfc062723c751e8b465ee728b) (PreviewImporter) -> (artifact id: 'd7470469f0da839b0bdb7830c217157a') in 0.0100527 seconds
Number of updated asset objects reloaded before import = 0Number of asset objects unloaded after import = 2

========================================================================
Received Import Request.
  Time since last request: 0.000027 seconds.
  path: Assets/Allsky/Night Moon Mid/Night Moon Mid HighColdCirrus/Sky_Night Moon Mid HighColdCirrus_Cam_5_Down-Y.png
  artifactKey: Guid(336b14c8a84074f959e5569bf0062a3b) Importer(815301076,1909f56bfc062723c751e8b465ee728b)
Start importing Assets/Allsky/Night Moon Mid/Night Moon Mid HighColdCirrus/Sky_Night Moon Mid HighColdCirrus_Cam_5_Down-Y.png using Guid(336b14c8a84074f959e5569bf0062a3b) Importer(815301076,1909f56bfc062723c751e8b465ee728b) (PreviewImporter) -> (artifact id: '8523d954931d46ad85d98125615c8610') in 0.0087945 seconds
Number of updated asset objects reloaded before import = 0Number of asset objects unloaded after import = 2

========================================================================
Received Import Request.
  Time since last request: 0.000026 seconds.
  path: Assets/Allsky/Night Moon Low/Night Moon Low Overcast2/Sky_Night Moon Low Overcast2_Cam_4_Up+Y.png
  artifactKey: Guid(c663a65f2e0a3475ca21ec17d52cf206) Importer(815301076,1909f56bfc062723c751e8b465ee728b)
Start importing Assets/Allsky/Night Moon Low/Night Moon Low Overcast2/Sky_Night Moon Low Overcast2_Cam_4_Up+Y.png using Guid(c663a65f2e0a3475ca21ec17d52cf206) Importer(815301076,1909f56bfc062723c751e8b465ee728b) (PreviewImporter) -> (artifact id: '4df497baa917a3c92a0f4acc70c0c799') in 0.0116499 seconds
Number of updated asset objects reloaded before import = 0Number of asset objects unloaded after import = 2

========================================================================
Received Import Request.
  Time since last request: 0.000026 seconds.
  path: Assets/Allsky/Night Moon Low/Night Moon Low CloudsLayered/Sky_Night Moon Low CloudsLayered_Cam_2_Left+X.png
  artifactKey: Guid(6d173f234dc474db88f025088eccbe25) Importer(815301076,1909f56bfc062723c751e8b465ee728b)
Start importing Assets/Allsky/Night Moon Low/Night Moon Low CloudsLayered/Sky_Night Moon Low CloudsLayered_Cam_2_Left+X.png using Guid(6d173f234dc474db88f025088eccbe25) Importer(815301076,1909f56bfc062723c751e8b465ee728b) (PreviewImporter) -> (artifact id: '1a5682174825dd9268e9acf5e52185ae') in 0.0154815 seconds
Number of updated asset objects reloaded before import = 0Number of asset objects unloaded after import = 2

========================================================================
Received Import Request.
  Time since last request: 0.000021 seconds.
  path: Assets/Allsky/Night Moon Mid/Night Moon Mid EpicHigh/Sky_Night Moon Mid EpicHigh_Cam_5_Down-Y.png
  artifactKey: Guid(2db05e0280a514095917998a6646e11f) Importer(815301076,1909f56bfc062723c751e8b465ee728b)
Start importing Assets/Allsky/Night Moon Mid/Night Moon Mid EpicHigh/Sky_Night Moon Mid EpicHigh_Cam_5_Down-Y.png using Guid(2db05e0280a514095917998a6646e11f) Importer(815301076,1909f56bfc062723c751e8b465ee728b) (PreviewImporter) -> (artifact id: 'ea35253b22f461c47587d0c89a44b6b0') in 0.0106661 seconds
Number of updated asset objects reloaded before import = 0Number of asset objects unloaded after import = 2

========================================================================
Received Import Request.
  Time since last request: 0.000034 seconds.
  path: Assets/Modern UI Pack/Editor/Icons/EditorButton.png
  artifactKey: Guid(98d001ce6b3b53242911dcc3d1415f59) Importer(815301076,1909f56bfc062723c751e8b465ee728b)
Start importing Assets/Modern UI Pack/Editor/Icons/EditorButton.png using Guid(98d001ce6b3b53242911dcc3d1415f59) Importer(815301076,1909f56bfc062723c751e8b465ee728b) (PreviewImporter) -> (artifact id: '227e9429193d81a1eb1e52d97f6ed1db') in 0.0084346 seconds
Number of updated asset objects reloaded before import = 0Number of asset objects unloaded after import = 2

========================================================================
Received Import Request.
  Time since last request: 0.000019 seconds.
  path: Assets/Allsky/Night Moon Mid/Night Moon Mid Large/Sky_Night Moon Mid Large_Cam_0_Front+Z.png
  artifactKey: Guid(3d5b0397737314795ab8c1271905ef92) Importer(815301076,1909f56bfc062723c751e8b465ee728b)
Start importing Assets/Allsky/Night Moon Mid/Night Moon Mid Large/Sky_Night Moon Mid Large_Cam_0_Front+Z.png using Guid(3d5b0397737314795ab8c1271905ef92) Importer(815301076,1909f56bfc062723c751e8b465ee728b) (PreviewImporter) -> (artifact id: 'f7e32383a6fd037544614a7eacd1f20d') in 0.0104932 seconds
Number of updated asset objects reloaded before import = 0Number of asset objects unloaded after import = 2

========================================================================
Received Import Request.
  Time since last request: 0.000017 seconds.
  path: Assets/Allsky/Night Moon Peak/Night Moon Peak Clear/Sky_Night Moon Peak Clear_Cam_4_Up+Y.png
  artifactKey: Guid(af95aa5045b9f4da894a605c3525bd9e) Importer(815301076,1909f56bfc062723c751e8b465ee728b)
Start importing Assets/Allsky/Night Moon Peak/Night Moon Peak Clear/Sky_Night Moon Peak Clear_Cam_4_Up+Y.png using Guid(af95aa5045b9f4da894a605c3525bd9e) Importer(815301076,1909f56bfc062723c751e8b465ee728b) (PreviewImporter) -> (artifact id: 'b61b7b036f500502338d5eff352a1c71') in 0.0112486 seconds
Number of updated asset objects reloaded before import = 0Number of asset objects unloaded after import = 2

========================================================================
Received Import Request.
  Time since last request: 0.000027 seconds.
  path: Assets/Modern UI Pack/Editor/Icons/EditorIcon.png
  artifactKey: Guid(3ed3bfb48269e2646b4dc2130299c956) Importer(815301076,1909f56bfc062723c751e8b465ee728b)
Start importing Assets/Modern UI Pack/Editor/Icons/EditorIcon.png using Guid(3ed3bfb48269e2646b4dc2130299c956) Importer(815301076,1909f56bfc062723c751e8b465ee728b) (PreviewImporter) -> (artifact id: 'b5aeb7e25143b0e3bc4e25d7bfa8a579') in 0.009153 seconds
Number of updated asset objects reloaded before import = 0Number of asset objects unloaded after import = 2

========================================================================
Received Import Request.
  Time since last request: 0.000032 seconds.
  path: Assets/Allsky/Epic/Epic_NightStormMoonGlow/Epic_NightStormMoonGlow_Cam_3_Right-X.png
  artifactKey: Guid(5c970936a0f48f44ab9bbd3887eb3ad6) Importer(815301076,1909f56bfc062723c751e8b465ee728b)
Start importing Assets/Allsky/Epic/Epic_NightStormMoonGlow/Epic_NightStormMoonGlow_Cam_3_Right-X.png using Guid(5c970936a0f48f44ab9bbd3887eb3ad6) Importer(815301076,1909f56bfc062723c751e8b465ee728b) (PreviewImporter) -> (artifact id: '5ee4b27c4256c9129b32c4bfee10f69a') in 0.0217507 seconds
Number of updated asset objects reloaded before import = 0Number of asset objects unloaded after import = 2

========================================================================
Received Import Request.
  Time since last request: 0.000027 seconds.
  path: Assets/Allsky/Night Moon Mid/Night Moon Mid Clear/Sky_Night Moon Mid Clear_Cam_4_Up+Y.png
  artifactKey: Guid(c3071967d5c0a460a83e8ef41f642dd6) Importer(815301076,1909f56bfc062723c751e8b465ee728b)
Start importing Assets/Allsky/Night Moon Mid/Night Moon Mid Clear/Sky_Night Moon Mid Clear_Cam_4_Up+Y.png using Guid(c3071967d5c0a460a83e8ef41f642dd6) Importer(815301076,1909f56bfc062723c751e8b465ee728b) (PreviewImporter) -> (artifact id: 'f165357d046d7d4c5c019527d570b991') in 0.0152478 seconds
Number of updated asset objects reloaded before import = 0Number of asset objects unloaded after import = 2

========================================================================
Received Import Request.
  Time since last request: 0.000018 seconds.
  path: Assets/Allsky/Night Moon Mid/Night Moon Mid FogHigh/Sky_Night Moon Mid FogHigh_Cam_3_Right-X.png
  artifactKey: Guid(6ff3695d199e84ecfb8075c816b73896) Importer(815301076,1909f56bfc062723c751e8b465ee728b)
Start importing Assets/Allsky/Night Moon Mid/Night Moon Mid FogHigh/Sky_Night Moon Mid FogHigh_Cam_3_Right-X.png using Guid(6ff3695d199e84ecfb8075c816b73896) Importer(815301076,1909f56bfc062723c751e8b465ee728b) (PreviewImporter) -> (artifact id: '9f2ea26e2fc428f70ac81b534bd2dc2a') in 0.0137357 seconds
Number of updated asset objects reloaded before import = 0Number of asset objects unloaded after import = 2

========================================================================
Received Import Request.
  Time since last request: 0.000019 seconds.
  path: Assets/Allsky/Night Moon High/Night Moon High HorizonRich 2/Sky_Night Moon High HorizonRich 2_Cam_2_Left+X.png
  artifactKey: Guid(5635ee60097974c5e8ffced2ee5c25ce) Importer(815301076,1909f56bfc062723c751e8b465ee728b)
Start importing Assets/Allsky/Night Moon High/Night Moon High HorizonRich 2/Sky_Night Moon High HorizonRich 2_Cam_2_Left+X.png using Guid(5635ee60097974c5e8ffced2ee5c25ce) Importer(815301076,1909f56bfc062723c751e8b465ee728b) (PreviewImporter) -> (artifact id: '0358ac7c3b92e18c034570e801b8480b') in 0.0096508 seconds
Number of updated asset objects reloaded before import = 0Number of asset objects unloaded after import = 2

========================================================================
Received Import Request.
  Time since last request: 0.000026 seconds.
  path: Assets/Allsky/Day Sun Mid/Day Sun Mid Heavy/Day Sun Mid Heavy.png
  artifactKey: Guid(5d770a4e365aa4c3e8aef8a68cbbe78c) Importer(815301076,1909f56bfc062723c751e8b465ee728b)
Start importing Assets/Allsky/Day Sun Mid/Day Sun Mid Heavy/Day Sun Mid Heavy.png using Guid(5d770a4e365aa4c3e8aef8a68cbbe78c) Importer(815301076,1909f56bfc062723c751e8b465ee728b) (PreviewImporter) -> (artifact id: '294a07accaff72475b3e90ade47cadde') in 0.1155412 seconds
Number of updated asset objects reloaded before import = 0Number of asset objects unloaded after import = 1

========================================================================
Received Import Request.
  Time since last request: 0.000021 seconds.
  path: Assets/Allsky/Night Moon Mid/Night Moon Mid Clouds Layered/Sky_Night Moon Mid Clouds Layered_Cam_4_Up+Y.png
  artifactKey: Guid(4fb3e01422f8a43e1a55eacdc33d4812) Importer(815301076,1909f56bfc062723c751e8b465ee728b)
Start importing Assets/Allsky/Night Moon Mid/Night Moon Mid Clouds Layered/Sky_Night Moon Mid Clouds Layered_Cam_4_Up+Y.png using Guid(4fb3e01422f8a43e1a55eacdc33d4812) Importer(815301076,1909f56bfc062723c751e8b465ee728b) (PreviewImporter) -> (artifact id: '8b3e7c472c9a5105917d481ebf7b6e66') in 0.011264 seconds
Number of updated asset objects reloaded before import = 0Number of asset objects unloaded after import = 2

========================================================================
Received Import Request.
  Time since last request: 0.000028 seconds.
  path: Assets/Allsky/Night Moon Low/Night Moon Low Cumulus2/Sky_Night Moon Low Cumulus2_Cam_2_Left+X.png
  artifactKey: Guid(cca11205fe53d4ab98c1eed8dc816587) Importer(815301076,1909f56bfc062723c751e8b465ee728b)
Start importing Assets/Allsky/Night Moon Low/Night Moon Low Cumulus2/Sky_Night Moon Low Cumulus2_Cam_2_Left+X.png using Guid(cca11205fe53d4ab98c1eed8dc816587) Importer(815301076,1909f56bfc062723c751e8b465ee728b) (PreviewImporter) -> (artifact id: 'd5472fcc19dc36fe467034c1166fe9d3') in 0.0151228 seconds
Number of updated asset objects reloaded before import = 0Number of asset objects unloaded after import = 2

========================================================================
Received Import Request.
  Time since last request: 0.000027 seconds.
  path: Assets/Allsky/Night Moon Low/Night Moon Low Overcast2/Sky_Night Moon Low Overcast2_Cam_1_Back-Z.png
  artifactKey: Guid(676209ff7434c4f4e931f464bed1126a) Importer(815301076,1909f56bfc062723c751e8b465ee728b)
Start importing Assets/Allsky/Night Moon Low/Night Moon Low Overcast2/Sky_Night Moon Low Overcast2_Cam_1_Back-Z.png using Guid(676209ff7434c4f4e931f464bed1126a) Importer(815301076,1909f56bfc062723c751e8b465ee728b) (PreviewImporter) -> (artifact id: '29053d18969df4f2dcaf14f1793bcf12') in 0.0141578 seconds
Number of updated asset objects reloaded before import = 0Number of asset objects unloaded after import = 2

========================================================================
Received Import Request.
  Time since last request: 0.000021 seconds.
  path: Assets/Allsky/Sunless_Moonless/Sunless_BlueSky_02/Sunless_BlueSky_02_flat.png
  artifactKey: Guid(42427799df1a04e59a313d6d0ace7ccd) Importer(815301076,1909f56bfc062723c751e8b465ee728b)
Start importing Assets/Allsky/Sunless_Moonless/Sunless_BlueSky_02/Sunless_BlueSky_02_flat.png using Guid(42427799df1a04e59a313d6d0ace7ccd) Importer(815301076,1909f56bfc062723c751e8b465ee728b) (PreviewImporter) -> (artifact id: '356391820266534a506ff6578d0fd9da') in 0.1037446 seconds
Number of updated asset objects reloaded before import = 0Number of asset objects unloaded after import = 1

========================================================================
Received Import Request.
  Time since last request: 0.000021 seconds.
  path: Assets/Allsky/Space/Space_Nebula_OrangeBlue/Sky_Space_Nebula_OrangeBlue_Cam_2_Left+X.png
  artifactKey: Guid(d0b82a5a617654bd4b9926d9dde8d999) Importer(815301076,1909f56bfc062723c751e8b465ee728b)
Start importing Assets/Allsky/Space/Space_Nebula_OrangeBlue/Sky_Space_Nebula_OrangeBlue_Cam_2_Left+X.png using Guid(d0b82a5a617654bd4b9926d9dde8d999) Importer(815301076,1909f56bfc062723c751e8b465ee728b) (PreviewImporter) -> (artifact id: '3435ce3981d75cc35b03491cbe00298d') in 0.0216112 seconds
Number of updated asset objects reloaded before import = 0Number of asset objects unloaded after import = 2

========================================================================
Received Import Request.
  Time since last request: 0.000025 seconds.
  path: Assets/Allsky/Night Moon High/Night Moon High SimpleCloudLayer 2/Sky_Night Moon High SimpleCloudLayer 2_Cam_3_Right-X.png
  artifactKey: Guid(b9256dc353e394470a2d23ba0e1fed03) Importer(815301076,1909f56bfc062723c751e8b465ee728b)
Start importing Assets/Allsky/Night Moon High/Night Moon High SimpleCloudLayer 2/Sky_Night Moon High SimpleCloudLayer 2_Cam_3_Right-X.png using Guid(b9256dc353e394470a2d23ba0e1fed03) Importer(815301076,1909f56bfc062723c751e8b465ee728b) (PreviewImporter) -> (artifact id: '02af8f09f7e8c51e41f4fd75c028c82f') in 0.0123241 seconds
Number of updated asset objects reloaded before import = 0Number of asset objects unloaded after import = 2

========================================================================
Received Import Request.
  Time since last request: 0.000020 seconds.
  path: Assets/Allsky/Night Moon Mid/Night Moon Mid Overcast 1/Sky_Night Moon Mid Overcast 1_Cam_3_Right-X.png
  artifactKey: Guid(7e0372dce913c45048d6d6d1790a2ead) Importer(815301076,1909f56bfc062723c751e8b465ee728b)
Start importing Assets/Allsky/Night Moon Mid/Night Moon Mid Overcast 1/Sky_Night Moon Mid Overcast 1_Cam_3_Right-X.png using Guid(7e0372dce913c45048d6d6d1790a2ead) Importer(815301076,1909f56bfc062723c751e8b465ee728b) (PreviewImporter) -> (artifact id: 'effac4c05017df676c6174cfaa1d305e') in 0.0127451 seconds
Number of updated asset objects reloaded before import = 0Number of asset objects unloaded after import = 2

========================================================================
Received Import Request.
  Time since last request: 0.000018 seconds.
  path: Assets/Allsky/Space/Space_Nebula_Green/Sky_Space_Nebula_Green_Cam_4_Up+Y.png
  artifactKey: Guid(077a23f9fe68a4a8896d93fc1089422c) Importer(815301076,1909f56bfc062723c751e8b465ee728b)
Start importing Assets/Allsky/Space/Space_Nebula_Green/Sky_Space_Nebula_Green_Cam_4_Up+Y.png using Guid(077a23f9fe68a4a8896d93fc1089422c) Importer(815301076,1909f56bfc062723c751e8b465ee728b) (PreviewImporter) -> (artifact id: 'ddd21c7cc0839dcea05b2fa770702215') in 0.0315408 seconds
Number of updated asset objects reloaded before import = 0Number of asset objects unloaded after import = 2

========================================================================
Received Import Request.
  Time since last request: 0.000030 seconds.
  path: Assets/Allsky/Night Moon Mid/Night Moon Mid SimpleCloudLayer/Sky_Night Moon Mid SimpleCloudLayer_Cam_3_Right-X.png
  artifactKey: Guid(a992e78dc76d4420bb74a4f452968055) Importer(815301076,1909f56bfc062723c751e8b465ee728b)
Start importing Assets/Allsky/Night Moon Mid/Night Moon Mid SimpleCloudLayer/Sky_Night Moon Mid SimpleCloudLayer_Cam_3_Right-X.png using Guid(a992e78dc76d4420bb74a4f452968055) Importer(815301076,1909f56bfc062723c751e8b465ee728b) (PreviewImporter) -> (artifact id: 'e33c4f21712524edcff9f383d50701f5') in 0.0110819 seconds
Number of updated asset objects reloaded before import = 0Number of asset objects unloaded after import = 2

========================================================================
Received Import Request.
  Time since last request: 0.000030 seconds.
  path: Assets/Allsky/Night Moon Low/Night Moon Low Overcast2/Sky_Night Moon Low Overcast2_Cam_5_Down-Y.png
  artifactKey: Guid(b92ffe30dfb0e41cfac07e1cbd5e1624) Importer(815301076,1909f56bfc062723c751e8b465ee728b)
Start importing Assets/Allsky/Night Moon Low/Night Moon Low Overcast2/Sky_Night Moon Low Overcast2_Cam_5_Down-Y.png using Guid(b92ffe30dfb0e41cfac07e1cbd5e1624) Importer(815301076,1909f56bfc062723c751e8b465ee728b) (PreviewImporter) -> (artifact id: '0ac85bd1002b938b959f5628c0d1d9c3') in 0.0116505 seconds
Number of updated asset objects reloaded before import = 0Number of asset objects unloaded after import = 2

========================================================================
Received Import Request.
  Time since last request: 0.000021 seconds.
  path: Assets/Allsky/Space/Space_Nebula_OrangeBlue/Sky_Space_Nebula_OrangeBlue_Cam_1_Back-Z.png
  artifactKey: Guid(02e9b3dd9983b48ba886ec5d10678300) Importer(815301076,1909f56bfc062723c751e8b465ee728b)
Start importing Assets/Allsky/Space/Space_Nebula_OrangeBlue/Sky_Space_Nebula_OrangeBlue_Cam_1_Back-Z.png using Guid(02e9b3dd9983b48ba886ec5d10678300) Importer(815301076,1909f56bfc062723c751e8b465ee728b) (PreviewImporter) -> (artifact id: '3cf506b74e7f4a7f4da4ab79404cc137') in 0.0199904 seconds
Number of updated asset objects reloaded before import = 0Number of asset objects unloaded after import = 2

========================================================================
Received Import Request.
  Time since last request: 0.000019 seconds.
  path: Assets/Allsky/Night Moon Mid/Night Moon Mid BrewingStorm/Sky_Night Moon Mid BrewingStorm_Cam_2_Left+X.png
  artifactKey: Guid(c324e31ab40374b3ba50a22dc06f1b57) Importer(815301076,1909f56bfc062723c751e8b465ee728b)
Start importing Assets/Allsky/Night Moon Mid/Night Moon Mid BrewingStorm/Sky_Night Moon Mid BrewingStorm_Cam_2_Left+X.png using Guid(c324e31ab40374b3ba50a22dc06f1b57) Importer(815301076,1909f56bfc062723c751e8b465ee728b) (PreviewImporter) -> (artifact id: 'd9e013813e5ca5048d6718e6280dd760') in 0.0141733 seconds
Number of updated asset objects reloaded before import = 0Number of asset objects unloaded after import = 2

========================================================================
Received Import Request.
  Time since last request: 0.000024 seconds.
  path: Assets/Allsky/Epic/Epic_SunsetGoldenLayers/Epic_SunsetGoldenLayers_Cam_0_Front+Z.png
  artifactKey: Guid(7b9f06ea6bf93f84da27ec37d7071765) Importer(815301076,1909f56bfc062723c751e8b465ee728b)
Start importing Assets/Allsky/Epic/Epic_SunsetGoldenLayers/Epic_SunsetGoldenLayers_Cam_0_Front+Z.png using Guid(7b9f06ea6bf93f84da27ec37d7071765) Importer(815301076,1909f56bfc062723c751e8b465ee728b) (PreviewImporter) -> (artifact id: '4ed2507fe410a181c004ebf697207985') in 0.0237444 seconds
Number of updated asset objects reloaded before import = 0Number of asset objects unloaded after import = 2

========================================================================
Received Import Request.
  Time since last request: 0.000036 seconds.
  path: Assets/Allsky/Night Skyglow/Night Skyglow horizonrich/Sky_Night Skyglow horizonrich_Cam_4_Up+Y.png
  artifactKey: Guid(647ea246f68a741faa6753ff103077e6) Importer(815301076,1909f56bfc062723c751e8b465ee728b)
Start importing Assets/Allsky/Night Skyglow/Night Skyglow horizonrich/Sky_Night Skyglow horizonrich_Cam_4_Up+Y.png using Guid(647ea246f68a741faa6753ff103077e6) Importer(815301076,1909f56bfc062723c751e8b465ee728b) (PreviewImporter) -> (artifact id: 'f10e93a7767d81979143c1d301fdaf92') in 0.0108331 seconds
Number of updated asset objects reloaded before import = 0Number of asset objects unloaded after import = 2

========================================================================
Received Import Request.
  Time since last request: 0.000018 seconds.
  path: Assets/Allsky/Day Sun Mid/Day Sun Mid EpicHigh 3/Day Sun Mid EpicHigh 3.png
  artifactKey: Guid(2f19328405bce4548b72c893726fe80b) Importer(815301076,1909f56bfc062723c751e8b465ee728b)
Start importing Assets/Allsky/Day Sun Mid/Day Sun Mid EpicHigh 3/Day Sun Mid EpicHigh 3.png using Guid(2f19328405bce4548b72c893726fe80b) Importer(815301076,1909f56bfc062723c751e8b465ee728b) (PreviewImporter) -> (artifact id: '8a0d8a642d88d40b058dd9a121773054') in 0.1015302 seconds
Number of updated asset objects reloaded before import = 0Number of asset objects unloaded after import = 1

========================================================================
Received Import Request.
  Time since last request: 170.552514 seconds.
  path: Assets/Scenes/PhoneScene.unity
  artifactKey: Guid(5164c9bb53116c1448e4de6ffd0c6432) Importer(2089858483,b0f066a214c2f5e87bad3c948f4d605d)
Start importing Assets/Scenes/PhoneScene.unity using Guid(5164c9bb53116c1448e4de6ffd0c6432) Importer(2089858483,b0f066a214c2f5e87bad3c948f4d605d) (ScriptedImporter) -> (artifact id: 'b5982f4df50dec3332310827542ba470') in 0.044349 seconds
Number of updated asset objects reloaded before import = 0Number of asset objects unloaded after import = 1

========================================================================
Received Prepare
Refreshing native plugins compatible for Editor in 16.60 ms, found 14 plugins.
Preloading 2 native plugins for Editor in 0.19 ms.
Unloading 59 Unused Serialized files (Serialized files now loaded: 0)
Unloading 11368 unused Assets / (19.7 MB). Loaded Objects now: 12435.
Memory consumption went from 256.4 MB to 236.6 MB.
Total: 53.903600 ms (FindLiveObjects: 0.994300 ms CreateObjectMapping: 0.467700 ms MarkObjects: 48.755500 ms  DeleteObjects: 3.685000 ms)

Prepare: number of updated asset objects reloaded= 0
========================================================================
Received Prepare
[Licensing::Client] Successfully resolved entitlement details
[Licensing::Module] License group:
  Id: F4-KSNM-8VVP-T5T8-2VBU-XXXX
  Product: Unity Personal
  Type: ULF
  Expiration: 2026-04-06T10:17:24Z
[Licensing::Module] License group:
  Id: ewogICJzdWJzR3JvdXAiIDogInVuaXR5IGVkaXRvciIsCiAgIm5hbWVzcGFjZSIgOiAidW5pdHlfZWRpdG9yIiwKICAidHlwZSIgOiAiRURJVE9SIiwKICAidGFnIiA6ICJVbml0eVBlcnNvbmFsXXXX
  Product: Unity Personal Version
  Type: Assigned
  Expiration: Unlimited
Begin MonoManager ReloadAssembly
[Licensing::Client] Successfully resolved entitlement details
[Licensing::Module] License group:
  Id: F4-KSNM-8VVP-T5T8-2VBU-XXXX
  Product: Unity Personal
  Type: ULF
  Expiration: 2026-04-06T10:17:24Z
[Licensing::Module] License group:
  Id: ewogICJzdWJzR3JvdXAiIDogInVuaXR5IGVkaXRvciIsCiAgIm5hbWVzcGFjZSIgOiAidW5pdHlfZWRpdG9yIiwKICAidHlwZSIgOiAiRURJVE9SIiwKICAidGFnIiA6ICJVbml0eVBlcnNvbmFsXXXX
  Product: Unity Personal Version
  Type: Assigned
  Expiration: Unlimited
Duplicate assembly 'System.Runtime.CompilerServices.Unsafe.dll' with different versions detected, using 'Packages/com.unity.ai.assistant/Plugins/Shared/System.Runtime.CompilerServices.Unsafe.dll, AssemblyName=System.Runtime.CompilerServices.Unsafe, Version=6.0.3.0, Culture=neutral, PublicKeyToken=b03f5f7f11d50a3a' and ignoring 'Packages/com.unity.collections/Unity.Collections.Tests/System.Runtime.CompilerServices.Unsafe/System.Runtime.CompilerServices.Unsafe.dll, AssemblyName=System.Runtime.CompilerServices.Unsafe, Version=6.0.0.0, Culture=neutral, PublicKeyToken=b03f5f7f11d50a3a'.Symbol file LoadedFromMemory is not a mono symbol file
Symbol file LoadedFromMemory is not a mono symbol file
- Loaded All Assemblies, in  1.474 seconds
Refreshing native plugins compatible for Editor in 15.68 ms, found 15 plugins.
Native extension for Android target not found
Native extension for WindowsStandalone target not found
[Package Manager] Failed to launch server process. Reason: Unity was launched with the -noUpm command-line argument
[Package Manager] Unable to send message (not connected to server process).
[Package Manager] Cannot connect to Unity Package Manager local server
Duplicate assembly 'System.Runtime.CompilerServices.Unsafe.dll' with different versions detected, using 'Packages/com.unity.ai.assistant/Plugins/Shared/System.Runtime.CompilerServices.Unsafe.dll, AssemblyName=System.Runtime.CompilerServices.Unsafe, Version=6.0.3.0, Culture=neutral, PublicKeyToken=b03f5f7f11d50a3a' and ignoring 'Packages/com.unity.collections/Unity.Collections.Tests/System.Runtime.CompilerServices.Unsafe/System.Runtime.CompilerServices.Unsafe.dll, AssemblyName=System.Runtime.CompilerServices.Unsafe, Version=6.0.0.0, Culture=neutral, PublicKeyToken=b03f5f7f11d50a3a'.Refreshing native plugins compatible for Editor in 16.14 ms, found 15 plugins.
[Package Manager] Failed to launch server process. Reason: Unity was launched with the -noUpm command-line argument
[Package Manager] Unable to send message (not connected to server process).
[Package Manager] Cannot connect to Unity Package Manager local server
System.Reflection.TargetInvocationException: Exception has been thrown by the target of an invocation. ---> System.NullReferenceException: Object reference not set to an instance of an object
  at Unity.XR.Oculus.OculusLoader.AssetPathToAbsolutePath (System.String assetPath) [0x0003d] in .\Library\PackageCache\com.unity.xr.oculus@68ef97a4d91e\Runtime\OculusLoader.cs:312 
  at Unity.XR.Oculus.OculusLoader.EditorLoadOVRPlugin () [0x0008c] in .\Library\PackageCache\com.unity.xr.oculus@68ef97a4d91e\Runtime\OculusLoader.cs:297 
  at (wrapper managed-to-native) System.Reflection.RuntimeMethodInfo.InternalInvoke(System.Reflection.RuntimeMethodInfo,object,object[],System.Exception&)
  at System.Reflection.RuntimeMethodInfo.Invoke (System.Object obj, System.Reflection.BindingFlags invokeAttr, System.Reflection.Binder binder, System.Object[] parameters, System.Globalization.CultureInfo culture) [0x0006a] in <1eb9db207454431c84a47bcd81e79c37>:0 
   --- End of inner exception stack trace ---
  at System.Reflection.RuntimeMethodInfo.Invoke (System.Object obj, System.Reflection.BindingFlags invokeAttr, System.Reflection.Binder binder, System.Object[] parameters, System.Globalization.CultureInfo culture) [0x00083] in <1eb9db207454431c84a47bcd81e79c37>:0 
  at System.Reflection.MethodBase.Invoke (System.Object obj, System.Object[] parameters) [0x00000] in <1eb9db207454431c84a47bcd81e79c37>:0 
  at UnityEditor.EditorAssemblies.ProcessInitializeOnLoadMethodAttributes () [0x00087] in <5016c3a47c2a4a0cbfa8e12eb592279b>:0 
UnityEngine.Debug:ExtractStackTraceNoAlloc (byte*,int,string)
UnityEngine.StackTraceUtility:ExtractStackTrace ()
UnityEngine.DebugLogHandler:Internal_Log (UnityEngine.LogType,UnityEngine.LogOption,string,UnityEngine.Object)
UnityEngine.DebugLogHandler:LogFormat (UnityEngine.LogType,UnityEngine.Object,string,object[])
UnityEngine.Logger:Log (UnityEngine.LogType,object)
UnityEngine.Debug:LogError (object)
UnityEditor.EditorAssemblies:ProcessInitializeOnLoadMethodAttributes ()

ScheduleIndexationOnStartup MainProcess:False IndexOnStartup:True
Mono: successfully reloaded assembly
[Package Manager] Failed to launch server process. Reason: Unity was launched with the -noUpm command-line argument
[Package Manager] Unable to send message (not connected to server process).
[Package Manager] Cannot connect to Unity Package Manager local server
- Finished resetting the current domain, in  2.355 seconds
Domain Reload Profiling: 3816ms
	BeginReloadAssembly (367ms)
		ExecutionOrderSort (0ms)
		DisableScriptedObjects (22ms)
		BackupInstance (0ms)
		ReleaseScriptingObjects (0ms)
		CreateAndSetChildDomain (130ms)
	RebuildCommonClasses (32ms)
	RebuildNativeTypeToScriptingClass (12ms)
	initialDomainReloadingComplete (66ms)
	LoadAllAssembliesAndSetupDomain (984ms)
		LoadAssemblies (735ms)
		RebuildTransferFunctionScriptingTraits (0ms)
		AnalyzeDomain (360ms)
			TypeCache.Refresh (20ms)
				TypeCache.ScanAssembly (2ms)
			BuildScriptInfoCaches (321ms)
			ResolveRequiredComponents (12ms)
	FinalizeReload (2356ms)
		ReleaseScriptCaches (0ms)
		RebuildScriptCaches (0ms)
		SetupLoadedEditorAssemblies (2166ms)
			LogAssemblyErrors (0ms)
			InitializePlatformSupportModulesInManaged (8ms)
			SetLoadedEditorAssemblies (6ms)
			BeforeProcessingInitializeOnLoad (212ms)
			ProcessInitializeOnLoadAttributes (1689ms)
			ProcessInitializeOnLoadMethodAttributes (238ms)
			AfterProcessingInitializeOnLoad (12ms)
			EditorAssembliesLoaded (0ms)
		ExecutionOrderSort2 (0ms)
		AwakeInstancesAfterBackupRestoration (13ms)
Refreshing native plugins compatible for Editor in 16.67 ms, found 15 plugins.
Preloading 2 native plugins for Editor in 0.17 ms.
Unloading 59 Unused Serialized files (Serialized files now loaded: 0)
Unloading 11587 unused Assets / (22.1 MB). Loaded Objects now: 12388.
Memory consumption went from 295.5 MB to 273.5 MB.
Total: 17.112000 ms (FindLiveObjects: 0.729400 ms CreateObjectMapping: 0.497800 ms MarkObjects: 11.441200 ms  DeleteObjects: 4.442000 ms)

Prepare: number of updated asset objects reloaded= 0
