[Licensing::Module] Trying to connect to existing licensing client channel...
Built from '6000.3/staging' branch; Version is '6000.3.9f1 (7a9955a4f2fa) revision 8034645'; Using compiler version '194234433'; Build Type 'Release'
[Licensing::IpcConnector] Successfully connected to: "LicenseClient-沐" at "2026-03-23T08:41:16.8004642Z"
OS: 'Windows 11  (10.0.26200) CoreCountrySpecific' Language: 'zh' Physical Memory: 32475 MB
BatchMode: 1, IsHumanControllingUs: 0, StartBugReporterOnCrash: 0, Is64bit: 1
System  architecture: x64
Process architecture: x64
Date: 2026-03-23T08:41:16Z

COMMAND LINE ARGUMENTS:
D:\Unity Internnational\6000.3.9f1\Editor\Unity.exe
-adb2
-batchMode
-noUpm
-name
AssetImportWorker6
-projectPath
D:/unity/AssemblyRecorderDemo
-logFile
Logs/AssetImportWorker6.log
-srvPort
52947
-licensingIpc
LicenseClient-沐
-job-worker-count
13
-background-job-worker-count
8
-gc-helper-count
1
-name
AssetImport
Successfully changed project path to: D:/unity/AssemblyRecorderDemo
D:/unity/AssemblyRecorderDemo
[UnityMemory] Configuration Parameters - Can be set up in boot.config
    "memorysetup-temp-allocator-size-nav-mesh-worker=65536"
    "memorysetup-temp-allocator-size-audio-worker=65536"
    "memorysetup-temp-allocator-size-gfx=262144"
    "memorysetup-allocator-temp-initial-block-size-main=262144"
    "memorysetup-allocator-temp-initial-block-size-worker=262144"
    "memorysetup-temp-allocator-size-background-worker=32768"
    "memorysetup-temp-allocator-size-job-worker=262144"
    "memorysetup-temp-allocator-size-preload-manager=33554432"
    "memorysetup-temp-allocator-size-gi-baking-worker=262144"
    "memorysetup-temp-allocator-size-gi-baking-worker=262144"
    "memorysetup-temp-allocator-size-gi-baking-worker=262144"
    "memorysetup-temp-allocator-size-gi-baking-worker=262144"
    "memorysetup-temp-allocator-size-gi-baking-worker=262144"
    "memorysetup-bucket-allocator-granularity=16"
    "memorysetup-bucket-allocator-bucket-count=8"
    "memorysetup-bucket-allocator-block-size=33554432"
    "memorysetup-bucket-allocator-block-count=8"
    "memorysetup-main-allocator-block-size=16777216"
    "memorysetup-thread-allocator-block-size=16777216"
    "memorysetup-gfx-main-allocator-block-size=16777216"
    "memorysetup-gfx-thread-allocator-block-size=16777216"
    "memorysetup-cache-allocator-block-size=4194304"
    "memorysetup-typetree-allocator-block-size=2097152"
    "memorysetup-profiler-bucket-allocator-granularity=16"
    "memorysetup-profiler-bucket-allocator-bucket-count=8"
    "memorysetup-profiler-bucket-allocator-block-size=33554432"
    "memorysetup-profiler-bucket-allocator-block-count=8"
    "memorysetup-profiler-allocator-block-size=16777216"
    "memorysetup-profiler-editor-allocator-block-size=1048576"
    "memorysetup-temp-allocator-size-main=16777216"
    "memorysetup-job-temp-allocator-block-size=2097152"
    "memorysetup-job-temp-allocator-block-size-background=1048576"
    "memorysetup-job-temp-allocator-reduction-small-platforms=262144"
    "memorysetup-temp-allocator-size-cloud-worker=32768"
Player connection [35248]  Target information:

Player connection [35248]  * "[IP] 10.152.243.163 [Port] 0 [Flags] 2 [Guid] 826319133 [EditorId] 826319133 [Version] 1048832 [Id] WindowsEditor(7,LAPTOP) [Debug] 1 [PackageName] WindowsEditor [ProjectName] Editor" 

Player connection [35248]  * "[IP] 2.0.0.1 [Port] 0 [Flags] 2 [Guid] 826319133 [EditorId] 826319133 [Version] 1048832 [Id] WindowsEditor(7,LAPTOP) [Debug] 1 [PackageName] WindowsEditor [ProjectName] Editor" 

Player connection [35248]  * "[IP] 198.18.0.1 [Port] 0 [Flags] 2 [Guid] 826319133 [EditorId] 826319133 [Version] 1048832 [Id] WindowsEditor(7,LAPTOP) [Debug] 1 [PackageName] WindowsEditor [ProjectName] Editor" 

Player connection [35248] Host joined multi-casting on [225.0.0.222:54997]...
Player connection [35248] Host joined alternative multi-casting on [225.0.0.222:34997]...
JobSystem: Creating JobQueue using job-worker-count value 13
Input System module state changed to: Initialized.
[Physics::Module] Initialized fallback backend.
[Physics::Module] Id: 0xdecafbad
Library Redirect Path: Library/
[Physics::Module] Selected backend.
[Physics::Module] Name: PhysX
[Physics::Module] Id: 0xf2b8ea05
[Physics::Module] SDK Version: 4.1.2
[Physics::Module] Integration Version: 1.0.0
[Physics::Module] Threading Mode: Multi-Threaded
[Licensing::Module] Licensing is not yet initialized.
[Licensing::Client] Handshaking with LicensingClient:
  Version:                 1.17.4+4293ba1
  Session Id:              7f61daae62fe44f4adcb1fd3b20efb56
  Correlation Id:          d3a44d1cdaa170b9b3e0bf1b0a72647d
  External correlation Id: 223268087657461486
  Machine Id:              /K+uJUKyQ9AtqiujAhf/Di5Mf4g=
[Licensing::Module] Successfully connected to LicensingClient on channel: "LicenseClient-沐" (connect: 0.00s, validation: 0.00s, handshake: 1.55s)
[Licensing::IpcConnector] Successfully connected to: "LicenseClient-沐-notifications" at "2026-03-23T08:41:18.3491471Z"
[Licensing::Module] Licensing Background thread has ended after 1.55s
[Licensing::Module] Licensing is initialized (took 0.29s).
[Licensing::Client] Successfully resolved entitlement details
[Licensing::Module] License group:
  Id: F4-KSNM-8VVP-T5T8-2VBU-XXXX
  Product: Unity Personal
  Type: ULF
  Expiration: 2026-04-02T09:34:05Z
[Licensing::Module] License group:
  Id: ewogICJzdWJzR3JvdXAiIDogInVuaXR5IGVkaXRvciIsCiAgIm5hbWVzcGFjZSIgOiAidW5pdHlfZWRpdG9yIiwKICAidHlwZSIgOiAiRURJVE9SIiwKICAidGFnIiA6ICJVbml0eVBlcnNvbmFsXXXX
  Product: Unity Personal Version
  Type: Assigned
  Expiration: Unlimited
Refreshing native plugins compatible for Editor in 34.22 ms, found 14 plugins.
Preloading 2 native plugins for Editor in 2.23 ms.
Initialize engine version: 6000.3.9f1 (7a9955a4f2fa)
[Subsystems] Discovering subsystems at path D:/Unity Internnational/6000.3.9f1/Editor/Data/Resources/UnitySubsystems
[Subsystems] Discovering subsystems at path D:/unity/AssemblyRecorderDemo/Assets
GfxDevice: creating device client; kGfxThreadingModeNonThreaded
Direct3D:
    Version:  Direct3D 11.0 [level 11.1]
    Renderer: NVIDIA GeForce RTX 4070 Laptop GPU (ID=0x2860)
    Vendor:   NVIDIA
    VRAM:     7948 MB
    Driver:   32.0.15.8180
Initialize mono
Mono path[0] = 'D:/Unity Internnational/6000.3.9f1/Editor/Data/Managed'
Mono path[1] = 'D:/Unity Internnational/6000.3.9f1/Editor/Data/MonoBleedingEdge/lib/mono/unityjit-win32'
Mono config path = 'D:/Unity Internnational/6000.3.9f1/Editor/Data/MonoBleedingEdge/etc'
Using monoOptions --debugger-agent=transport=dt_socket,embedding=1,server=y,suspend=n,address=127.0.0.1:56436
Begin MonoManager ReloadAssembly
Registering precompiled unity dll's ...
Register platform support module: D:/Unity Internnational/6000.3.9f1/Editor/Data/PlaybackEngines/WindowsStandaloneSupport/UnityEditor.WindowsStandalone.Extensions.dll
Register platform support module: D:/Unity Internnational/6000.3.9f1/Editor/Data/PlaybackEngines/AndroidPlayer/UnityEditor.Android.Extensions.dll
Registered in 0.004416 seconds.
- Loaded All Assemblies, in  0.454 seconds
Native extension for Android target not found
Android Extension - Scanning For ADB Devices 373 ms
Native extension for WindowsStandalone target not found
ScheduleIndexationOnStartup MainProcess:False IndexOnStartup:True
Mono: successfully reloaded assembly
- Finished resetting the current domain, in  0.749 seconds
Domain Reload Profiling: 1192ms
	BeginReloadAssembly (185ms)
		ExecutionOrderSort (0ms)
		DisableScriptedObjects (0ms)
		BackupInstance (0ms)
		ReleaseScriptingObjects (0ms)
		CreateAndSetChildDomain (1ms)
	RebuildCommonClasses (33ms)
	RebuildNativeTypeToScriptingClass (9ms)
	initialDomainReloadingComplete (58ms)
	LoadAllAssembliesAndSetupDomain (158ms)
		LoadAssemblies (167ms)
		RebuildTransferFunctionScriptingTraits (0ms)
		AnalyzeDomain (154ms)
			TypeCache.Refresh (153ms)
				TypeCache.ScanAssembly (142ms)
			BuildScriptInfoCaches (0ms)
			ResolveRequiredComponents (0ms)
	FinalizeReload (749ms)
		ReleaseScriptCaches (0ms)
		RebuildScriptCaches (0ms)
		SetupLoadedEditorAssemblies (706ms)
			LogAssemblyErrors (0ms)
			InitializePlatformSupportModulesInManaged (450ms)
			SetLoadedEditorAssemblies (4ms)
			BeforeProcessingInitializeOnLoad (72ms)
			ProcessInitializeOnLoadAttributes (119ms)
			ProcessInitializeOnLoadMethodAttributes (60ms)
			AfterProcessingInitializeOnLoad (0ms)
			EditorAssembliesLoaded (0ms)
		ExecutionOrderSort2 (0ms)
		AwakeInstancesAfterBackupRestoration (0ms)
========================================================================
Worker process is ready to serve import requests
Import Worker Mode flag is 0x00
Begin MonoManager ReloadAssembly
[Licensing::Client] Successfully resolved entitlement details
[Licensing::Module] License group:
  Id: F4-KSNM-8VVP-T5T8-2VBU-XXXX
  Product: Unity Personal
  Type: ULF
  Expiration: 2026-04-02T09:34:05Z
[Licensing::Module] License group:
  Id: ewogICJzdWJzR3JvdXAiIDogInVuaXR5IGVkaXRvciIsCiAgIm5hbWVzcGFjZSIgOiAidW5pdHlfZWRpdG9yIiwKICAidHlwZSIgOiAiRURJVE9SIiwKICAidGFnIiA6ICJVbml0eVBlcnNvbmFsXXXX
  Product: Unity Personal Version
  Type: Assigned
  Expiration: Unlimited
Duplicate assembly 'System.Runtime.CompilerServices.Unsafe.dll' with different versions detected, using 'Packages/com.unity.ai.assistant/Plugins/Shared/System.Runtime.CompilerServices.Unsafe.dll, AssemblyName=System.Runtime.CompilerServices.Unsafe, Version=6.0.3.0, Culture=neutral, PublicKeyToken=b03f5f7f11d50a3a' and ignoring 'Packages/com.unity.collections/Unity.Collections.Tests/System.Runtime.CompilerServices.Unsafe/System.Runtime.CompilerServices.Unsafe.dll, AssemblyName=System.Runtime.CompilerServices.Unsafe, Version=6.0.0.0, Culture=neutral, PublicKeyToken=b03f5f7f11d50a3a'.Symbol file LoadedFromMemory is not a mono symbol file
Symbol file LoadedFromMemory is not a mono symbol file
Asset path could not be found for script compilation file '/Assets/Modern UI Pack/Scripts/Button/ButtonManager.cs'
Asset path could not be found for script compilation file '/Assets/Modern UI Pack/Scripts/Button/ButtonManagerEditor.cs'
Asset path could not be found for script compilation file '/Assets/Modern UI Pack/Scripts/Charts/PieChart.cs'
Asset path could not be found for script compilation file '/Assets/Modern UI Pack/Scripts/Charts/PieChartEditor.cs'
Asset path could not be found for script compilation file '/Assets/Modern UI Pack/Scripts/Context Menu/ContextMenuContent.cs'
Asset path could not be found for script compilation file '/Assets/Modern UI Pack/Scripts/Context Menu/ContextMenuContentEditor.cs'
Asset path could not be found for script compilation file '/Assets/Modern UI Pack/Scripts/Context Menu/ContextMenuContentMobile.cs'
Asset path could not be found for script compilation file '/Assets/Modern UI Pack/Scripts/Context Menu/ContextMenuManager.cs'
Asset path could not be found for script compilation file '/Assets/Modern UI Pack/Scripts/Context Menu/ContextMenuManagerEditor.cs'
Asset path could not be found for script compilation file '/Assets/Modern UI Pack/Scripts/Context Menu/ContextMenuSubMenu.cs'
Asset path could not be found for script compilation file '/Assets/Modern UI Pack/Scripts/Core/MUIPInternalTools.cs'
Asset path could not be found for script compilation file '/Assets/Modern UI Pack/Scripts/Demo/DemoElementSway.cs'
Asset path could not be found for script compilation file '/Assets/Modern UI Pack/Scripts/Demo/DemoElementSwayParent.cs'
Asset path could not be found for script compilation file '/Assets/Modern UI Pack/Scripts/Demo/DemoListShadow.cs'
Asset path could not be found for script compilation file '/Assets/Modern UI Pack/Scripts/Demo/InputSystemChecker.cs'
Asset path could not be found for script compilation file '/Assets/Modern UI Pack/Scripts/Demo/LaunchURL.cs'
Asset path could not be found for script compilation file '/Assets/Modern UI Pack/Scripts/Dropdown/CustomDropdown.cs'
Asset path could not be found for script compilation file '/Assets/Modern UI Pack/Scripts/Dropdown/CustomDropdownEditor.cs'
Asset path could not be found for script compilation file '/Assets/Modern UI Pack/Scripts/Dropdown/DropdownMultiSelect.cs'
Asset path could not be found for script compilation file '/Assets/Modern UI Pack/Scripts/Dropdown/DropdownMultiSelectEditor.cs'
Asset path could not be found for script compilation file '/Assets/Modern UI Pack/Scripts/Editor Handlers/MUIPEditorHandler.cs'
Asset path could not be found for script compilation file '/Assets/Modern UI Pack/Scripts/Horizontal Selector/HorizontalSelector.cs'
Asset path could not be found for script compilation file '/Assets/Modern UI Pack/Scripts/Horizontal Selector/HorizontalSelectorEditor.cs'
Asset path could not be found for script compilation file '/Assets/Modern UI Pack/Scripts/Icon/AnimatedIconHandler.cs'
Asset path could not be found for script compilation file '/Assets/Modern UI Pack/Scripts/Icon/IconLibrary.cs'
Asset path could not be found for script compilation file '/Assets/Modern UI Pack/Scripts/Icon/IconLibraryEditor.cs'
Asset path could not be found for script compilation file '/Assets/Modern UI Pack/Scripts/Icon/IconManager.cs'
Asset path could not be found for script compilation file '/Assets/Modern UI Pack/Scripts/Icon/IconManagerEditor.cs'
Asset path could not be found for script compilation file '/Assets/Modern UI Pack/Scripts/Input Field/CustomInputField.cs'
Asset path could not be found for script compilation file '/Assets/Modern UI Pack/Scripts/Layout Group/LayoutGroupFix.cs'
Asset path could not be found for script compilation file '/Assets/Modern UI Pack/Scripts/Layout Group/RadialLayoutGroup.cs'
Asset path could not be found for script compilation file '/Assets/Modern UI Pack/Scripts/Layout Group/RadialLayoutGroupEditor.cs'
Asset path could not be found for script compilation file '/Assets/Modern UI Pack/Scripts/ListView/ListView.cs'
Asset path could not be found for script compilation file '/Assets/Modern UI Pack/Scripts/ListView/ListViewEditor.cs'
Asset path could not be found for script compilation file '/Assets/Modern UI Pack/Scripts/ListView/ListViewItem.cs'
Asset path could not be found for script compilation file '/Assets/Modern UI Pack/Scripts/ListView/ListViewRow.cs'
Asset path could not be found for script compilation file '/Assets/Modern UI Pack/Scripts/Modal Window/ModalWindowManager.cs'
Asset path could not be found for script compilation file '/Assets/Modern UI Pack/Scripts/Modal Window/ModalWindowManagerEditor.cs'
Asset path could not be found for script compilation file '/Assets/Modern UI Pack/Scripts/Notification/NotificationManager.cs'
Asset path could not be found for script compilation file '/Assets/Modern UI Pack/Scripts/Notification/NotificationManagerEditor.cs'
Asset path could not be found for script compilation file '/Assets/Modern UI Pack/Scripts/Notification/NotificationStacking.cs'
Asset path could not be found for script compilation file '/Assets/Modern UI Pack/Scripts/Progress Bar/PBFilled.cs'
Asset path could not be found for script compilation file '/Assets/Modern UI Pack/Scripts/Progress Bar/ProgressBar.cs'
Asset path could not be found for script compilation file '/Assets/Modern UI Pack/Scripts/Progress Bar/ProgressBarEditor.cs'
Asset path could not be found for script compilation file '/Assets/Modern UI Pack/Scripts/Rendering/Ripple.cs'
Asset path could not be found for script compilation file '/Assets/Modern UI Pack/Scripts/Rendering/UIGradient.cs'
Asset path could not be found for script compilation file '/Assets/Modern UI Pack/Scripts/Rendering/UIGradientEditor.cs'
Asset path could not be found for script compilation file '/Assets/Modern UI Pack/Scripts/Slider/RadialSlider.cs'
Asset path could not be found for script compilation file '/Assets/Modern UI Pack/Scripts/Slider/RadialSliderEditor.cs'
Asset path could not be found for script compilation file '/Assets/Modern UI Pack/Scripts/Slider/RangeMaxSlider.cs'
Asset path could not be found for script compilation file '/Assets/Modern UI Pack/Scripts/Slider/RangeMinSlider.cs'
Asset path could not be found for script compilation file '/Assets/Modern UI Pack/Scripts/Slider/RangeSlider.cs'
Asset path could not be found for script compilation file '/Assets/Modern UI Pack/Scripts/Slider/SliderInput.cs'
Asset path could not be found for script compilation file '/Assets/Modern UI Pack/Scripts/Slider/SliderManager.cs'
Asset path could not be found for script compilation file '/Assets/Modern UI Pack/Scripts/Slider/SliderManagerEditor.cs'
Asset path could not be found for script compilation file '/Assets/Modern UI Pack/Scripts/Switch/SwitchManager.cs'
Asset path could not be found for script compilation file '/Assets/Modern UI Pack/Scripts/Switch/SwitchManagerEditor.cs'
Asset path could not be found for script compilation file '/Assets/Modern UI Pack/Scripts/Toggle/CustomToggle.cs'
Asset path could not be found for script compilation file '/Assets/Modern UI Pack/Scripts/Tooltip/TooltipContent.cs'
Asset path could not be found for script compilation file '/Assets/Modern UI Pack/Scripts/Tooltip/TooltipManager.cs'
Asset path could not be found for script compilation file '/Assets/Modern UI Pack/Scripts/Tooltip/TooltipManagerEditor.cs'
Asset path could not be found for script compilation file '/Assets/Modern UI Pack/Scripts/UI Manager/UIManager.cs'
Asset path could not be found for script compilation file '/Assets/Modern UI Pack/Scripts/UI Manager/UIManagerAnimatedIcon.cs'
Asset path could not be found for script compilation file '/Assets/Modern UI Pack/Scripts/UI Manager/UIManagerButton.cs'
Asset path could not be found for script compilation file '/Assets/Modern UI Pack/Scripts/UI Manager/UIManagerButtonEditor.cs'
Asset path could not be found for script compilation file '/Assets/Modern UI Pack/Scripts/UI Manager/UIManagerContextMenu.cs'
Asset path could not be found for script compilation file '/Assets/Modern UI Pack/Scripts/UI Manager/UIManagerCustom.cs'
Asset path could not be found for script compilation file '/Assets/Modern UI Pack/Scripts/UI Manager/UIManagerDropdown.cs'
Asset path could not be found for script compilation file '/Assets/Modern UI Pack/Scripts/UI Manager/UIManagerDropdownItem.cs'
Asset path could not be found for script compilation file '/Assets/Modern UI Pack/Scripts/UI Manager/UIManagerEditor.cs'
Asset path could not be found for script compilation file '/Assets/Modern UI Pack/Scripts/UI Manager/UIManagerHSelector.cs'
Asset path could not be found for script compilation file '/Assets/Modern UI Pack/Scripts/UI Manager/UIManagerInputField.cs'
Asset path could not be found for script compilation file '/Assets/Modern UI Pack/Scripts/UI Manager/UIManagerModalWindow.cs'
Asset path could not be found for script compilation file '/Assets/Modern UI Pack/Scripts/UI Manager/UIManagerNotification.cs'
Asset path could not be found for script compilation file '/Assets/Modern UI Pack/Scripts/UI Manager/UIManagerPieChart.cs'
Asset path could not be found for script compilation file '/Assets/Modern UI Pack/Scripts/UI Manager/UIManagerProgressBar.cs'
Asset path could not be found for script compilation file '/Assets/Modern UI Pack/Scripts/UI Manager/UIManagerProgressBarLoop.cs'
Asset path could not be found for script compilation file '/Assets/Modern UI Pack/Scripts/UI Manager/UIManagerProgressBarLoopEditor.cs'
Asset path could not be found for script compilation file '/Assets/Modern UI Pack/Scripts/UI Manager/UIManagerScrollbar.cs'
Asset path could not be found for script compilation file '/Assets/Modern UI Pack/Scripts/UI Manager/UIManagerSlider.cs'
Asset path could not be found for script compilation file '/Assets/Modern UI Pack/Scripts/UI Manager/UIManagerSliderEditor.cs'
Asset path could not be found for script compilation file '/Assets/Modern UI Pack/Scripts/UI Manager/UIManagerSwitch.cs'
Asset path could not be found for script compilation file '/Assets/Modern UI Pack/Scripts/UI Manager/UIManagerToggle.cs'
Asset path could not be found for script compilation file '/Assets/Modern UI Pack/Scripts/UI Manager/UIManagerTooltip.cs'
Asset path could not be found for script compilation file '/Assets/Modern UI Pack/Scripts/UI Manager/UIManagerWindowManager.cs'
Asset path could not be found for script compilation file '/Assets/Modern UI Pack/Scripts/Window/WindowDragger.cs'
Asset path could not be found for script compilation file '/Assets/Modern UI Pack/Scripts/Window/WindowManager.cs'
Asset path could not be found for script compilation file '/Assets/Modern UI Pack/Scripts/Window/WindowManagerButton.cs'
Asset path could not be found for script compilation file '/Assets/Modern UI Pack/Scripts/Window/WindowManagerEditor.cs'
Asset path could not be found for script compilation file '/Assets/Modern UI Pack/Editor/Scripts/ContextMenu.cs'
Asset path could not be found for script compilation file '/Assets/Modern UI Pack/Editor/Scripts/InitMUIP.cs'
- Loaded All Assemblies, in  1.465 seconds
Refreshing native plugins compatible for Editor in 23.29 ms, found 14 plugins.
Native extension for Android target not found
Native extension for WindowsStandalone target not found
Package Manager log level set to [2]
[Package Manager] Failed to launch server process. Reason: Unity was launched with the -noUpm command-line argument
[Package Manager] Unable to send message (not connected to server process).
[Package Manager] Cannot connect to Unity Package Manager local server
Duplicate assembly 'System.Runtime.CompilerServices.Unsafe.dll' with different versions detected, using 'Packages/com.unity.ai.assistant/Plugins/Shared/System.Runtime.CompilerServices.Unsafe.dll, AssemblyName=System.Runtime.CompilerServices.Unsafe, Version=6.0.3.0, Culture=neutral, PublicKeyToken=b03f5f7f11d50a3a' and ignoring 'Packages/com.unity.collections/Unity.Collections.Tests/System.Runtime.CompilerServices.Unsafe/System.Runtime.CompilerServices.Unsafe.dll, AssemblyName=System.Runtime.CompilerServices.Unsafe, Version=6.0.0.0, Culture=neutral, PublicKeyToken=b03f5f7f11d50a3a'.Refreshing native plugins compatible for Editor in 20.67 ms, found 14 plugins.
[Package Manager] Failed to launch server process. Reason: Unity was launched with the -noUpm command-line argument
[Package Manager] Unable to send message (not connected to server process).
[Package Manager] Cannot connect to Unity Package Manager local server
System.Reflection.TargetInvocationException: Exception has been thrown by the target of an invocation. ---> System.NullReferenceException: Object reference not set to an instance of an object
  at Unity.XR.Oculus.OculusLoader.AssetPathToAbsolutePath (System.String assetPath) [0x0003d] in .\Library\PackageCache\com.unity.xr.oculus@68ef97a4d91e\Runtime\OculusLoader.cs:312 
  at Unity.XR.Oculus.OculusLoader.EditorLoadOVRPlugin () [0x0008c] in .\Library\PackageCache\com.unity.xr.oculus@68ef97a4d91e\Runtime\OculusLoader.cs:297 
  at (wrapper managed-to-native) System.Reflection.RuntimeMethodInfo.InternalInvoke(System.Reflection.RuntimeMethodInfo,object,object[],System.Exception&)
  at System.Reflection.RuntimeMethodInfo.Invoke (System.Object obj, System.Reflection.BindingFlags invokeAttr, System.Reflection.Binder binder, System.Object[] parameters, System.Globalization.CultureInfo culture) [0x0006a] in <1eb9db207454431c84a47bcd81e79c37>:0 
   --- End of inner exception stack trace ---
  at System.Reflection.RuntimeMethodInfo.Invoke (System.Object obj, System.Reflection.BindingFlags invokeAttr, System.Reflection.Binder binder, System.Object[] parameters, System.Globalization.CultureInfo culture) [0x00083] in <1eb9db207454431c84a47bcd81e79c37>:0 
  at System.Reflection.MethodBase.Invoke (System.Object obj, System.Object[] parameters) [0x00000] in <1eb9db207454431c84a47bcd81e79c37>:0 
  at UnityEditor.EditorAssemblies.ProcessInitializeOnLoadMethodAttributes () [0x00087] in <5016c3a47c2a4a0cbfa8e12eb592279b>:0 
UnityEngine.Debug:ExtractStackTraceNoAlloc (byte*,int,string)
UnityEngine.StackTraceUtility:ExtractStackTrace ()
UnityEngine.DebugLogHandler:Internal_Log (UnityEngine.LogType,UnityEngine.LogOption,string,UnityEngine.Object)
UnityEngine.DebugLogHandler:LogFormat (UnityEngine.LogType,UnityEngine.Object,string,object[])
UnityEngine.Logger:Log (UnityEngine.LogType,object)
UnityEngine.Debug:LogError (object)
UnityEditor.EditorAssemblies:ProcessInitializeOnLoadMethodAttributes ()

ScheduleIndexationOnStartup MainProcess:False IndexOnStartup:True
Mono: successfully reloaded assembly
[Package Manager] Failed to launch server process. Reason: Unity was launched with the -noUpm command-line argument
[Package Manager] Unable to send message (not connected to server process).
[Package Manager] Cannot connect to Unity Package Manager local server
[Package Manager] Failed to launch server process. Reason: Unity was launched with the -noUpm command-line argument
[Package Manager] Unable to send message (not connected to server process).
[Package Manager] Cannot connect to Unity Package Manager local server
- Finished resetting the current domain, in  3.885 seconds
Domain Reload Profiling: 5319ms
	BeginReloadAssembly (222ms)
		ExecutionOrderSort (0ms)
		DisableScriptedObjects (4ms)
		BackupInstance (0ms)
		ReleaseScriptingObjects (0ms)
		CreateAndSetChildDomain (26ms)
	RebuildCommonClasses (38ms)
	RebuildNativeTypeToScriptingClass (10ms)
	initialDomainReloadingComplete (82ms)
	LoadAllAssembliesAndSetupDomain (1081ms)
		LoadAssemblies (750ms)
		RebuildTransferFunctionScriptingTraits (0ms)
		AnalyzeDomain (473ms)
			TypeCache.Refresh (369ms)
				TypeCache.ScanAssembly (345ms)
			BuildScriptInfoCaches (88ms)
			ResolveRequiredComponents (10ms)
	FinalizeReload (3885ms)
		ReleaseScriptCaches (0ms)
		RebuildScriptCaches (0ms)
		SetupLoadedEditorAssemblies (3622ms)
			LogAssemblyErrors (0ms)
			InitializePlatformSupportModulesInManaged (9ms)
			SetLoadedEditorAssemblies (4ms)
			BeforeProcessingInitializeOnLoad (232ms)
			ProcessInitializeOnLoadAttributes (2990ms)
			ProcessInitializeOnLoadMethodAttributes (369ms)
			AfterProcessingInitializeOnLoad (18ms)
			EditorAssembliesLoaded (0ms)
		ExecutionOrderSort2 (0ms)
		AwakeInstancesAfterBackupRestoration (7ms)
Launched and connected shader compiler UnityShaderCompiler.exe after 0.02 seconds
Refreshing native plugins compatible for Editor in 16.51 ms, found 14 plugins.
Preloading 2 native plugins for Editor in 0.18 ms.
Unloading 59 Unused Serialized files (Serialized files now loaded: 0)
Unloading 11352 unused Assets / (18.7 MB). Loaded Objects now: 12199.
Memory consumption went from 225.8 MB to 207.1 MB.
Total: 20.204400 ms (FindLiveObjects: 0.769700 ms CreateObjectMapping: 0.490600 ms MarkObjects: 14.759300 ms  DeleteObjects: 4.182900 ms)

========================================================================
Received Import Request.
  Time since last request: 3978.724312 seconds.
  path: Assets/Modern UI Pack/Prefabs/Button/Basic - Gradient/Night.prefab
  artifactKey: Guid(e5593e182ed176545b6eb3875b7f345c) Importer(2089858483,b0f066a214c2f5e87bad3c948f4d605d)
Start importing Assets/Modern UI Pack/Prefabs/Button/Basic - Gradient/Night.prefab using Guid(e5593e182ed176545b6eb3875b7f345c) Importer(2089858483,b0f066a214c2f5e87bad3c948f4d605d) (ScriptedImporter) -> (artifact id: 'e3b9f1b2fb3785b1093ad21809c7218a') in 0.0440674 seconds
Number of updated asset objects reloaded before import = 0Number of asset objects unloaded after import = 0

========================================================================
Received Import Request.
  Time since last request: 0.000012 seconds.
  path: Assets/Modern UI Pack/Textures/Icon/Communication & Social/Message.png
  artifactKey: Guid(f4bd70bd7d1d65a448438dc918ac4cec) Importer(2089858483,b0f066a214c2f5e87bad3c948f4d605d)
Start importing Assets/Modern UI Pack/Textures/Icon/Communication & Social/Message.png using Guid(f4bd70bd7d1d65a448438dc918ac4cec) Importer(2089858483,b0f066a214c2f5e87bad3c948f4d605d) (ScriptedImporter) -> (artifact id: '056f42bbcb460b5045e301f45b62390d') in 0.061195 seconds
Number of updated asset objects reloaded before import = 0Number of asset objects unloaded after import = 3

========================================================================
Received Import Request.
  Time since last request: 0.000013 seconds.
  path: Assets/Modern UI Pack/Prefabs/Button/Rounded - Outline Gradient/Night.prefab
  artifactKey: Guid(187f199b4e517e340b4e2e700e0e84ad) Importer(2089858483,b0f066a214c2f5e87bad3c948f4d605d)
Start importing Assets/Modern UI Pack/Prefabs/Button/Rounded - Outline Gradient/Night.prefab using Guid(187f199b4e517e340b4e2e700e0e84ad) Importer(2089858483,b0f066a214c2f5e87bad3c948f4d605d) (ScriptedImporter) -> (artifact id: '7873d75649a1eac780c8957d50daadf2') in 0.0063158 seconds
Number of updated asset objects reloaded before import = 0Number of asset objects unloaded after import = 0

========================================================================
Received Import Request.
  Time since last request: 0.000027 seconds.
  path: Assets/Modern UI Pack/Read Me.txt
  artifactKey: Guid(96b7ae355c0c67a40abb31b7312bba82) Importer(2089858483,b0f066a214c2f5e87bad3c948f4d605d)
Start importing Assets/Modern UI Pack/Read Me.txt using Guid(96b7ae355c0c67a40abb31b7312bba82) Importer(2089858483,b0f066a214c2f5e87bad3c948f4d605d) (ScriptedImporter) -> (artifact id: 'f39e4b35d2f4f503a20314e10dba227b') in 0.0044667 seconds
Number of updated asset objects reloaded before import = 0Number of asset objects unloaded after import = 1

========================================================================
Received Import Request.
  Time since last request: 0.000012 seconds.
  path: Assets/Modern UI Pack/Textures/Border/Radial/512px
  artifactKey: Guid(254650cb1414f0e4c8af03d42247601f) Importer(2089858483,b0f066a214c2f5e87bad3c948f4d605d)
Start importing Assets/Modern UI Pack/Textures/Border/Radial/512px using Guid(254650cb1414f0e4c8af03d42247601f) Importer(2089858483,b0f066a214c2f5e87bad3c948f4d605d) (ScriptedImporter) -> (artifact id: '8908e29e99533eaa9bc5012c7abba1c3') in 0.0033278 seconds
Number of updated asset objects reloaded before import = 0Number of asset objects unloaded after import = 1

========================================================================
Received Import Request.
  Time since last request: 0.000013 seconds.
  path: Assets/Modern UI Pack/Textures/Border/Rounded/256px
  artifactKey: Guid(e94e77d581a95c44c99dadbe3b94ff16) Importer(2089858483,b0f066a214c2f5e87bad3c948f4d605d)
Start importing Assets/Modern UI Pack/Textures/Border/Rounded/256px using Guid(e94e77d581a95c44c99dadbe3b94ff16) Importer(2089858483,b0f066a214c2f5e87bad3c948f4d605d) (ScriptedImporter) -> (artifact id: '1e5e5a0cf722390cdb1bf994a8fcad89') in 0.0037979 seconds
Number of updated asset objects reloaded before import = 0Number of asset objects unloaded after import = 1

========================================================================
Received Import Request.
  Time since last request: 0.000014 seconds.
  path: Assets/Modern UI Pack/Textures/Border/Others/Modal Tab Button.png
  artifactKey: Guid(def0b999bf90eaf48ad972dc8f98df24) Importer(2089858483,b0f066a214c2f5e87bad3c948f4d605d)
Start importing Assets/Modern UI Pack/Textures/Border/Others/Modal Tab Button.png using Guid(def0b999bf90eaf48ad972dc8f98df24) Importer(2089858483,b0f066a214c2f5e87bad3c948f4d605d) (ScriptedImporter) -> (artifact id: 'cce2a33845c68c3ae9b44e4bef8877bf') in 0.0111387 seconds
Number of updated asset objects reloaded before import = 0Number of asset objects unloaded after import = 3

========================================================================
Received Import Request.
  Time since last request: 0.000025 seconds.
  path: Assets/Modern UI Pack/Prefabs/Button/Rounded - Outline Gradient
  artifactKey: Guid(4c45f759ad39c0e4c9032ee52e05bea6) Importer(2089858483,b0f066a214c2f5e87bad3c948f4d605d)
Start importing Assets/Modern UI Pack/Prefabs/Button/Rounded - Outline Gradient using Guid(4c45f759ad39c0e4c9032ee52e05bea6) Importer(2089858483,b0f066a214c2f5e87bad3c948f4d605d) (ScriptedImporter) -> (artifact id: 'f118470b643273b26d1cae14b720ea24') in 0.0039712 seconds
Number of updated asset objects reloaded before import = 0Number of asset objects unloaded after import = 1

========================================================================
Received Import Request.
  Time since last request: 0.000011 seconds.
  path: Assets/Modern UI Pack/Textures/Icon/UI Elements/Progress Bar (Filled).png
  artifactKey: Guid(4f390e5c78ac1b648bcf79697f1c5d92) Importer(2089858483,b0f066a214c2f5e87bad3c948f4d605d)
Start importing Assets/Modern UI Pack/Textures/Icon/UI Elements/Progress Bar (Filled).png using Guid(4f390e5c78ac1b648bcf79697f1c5d92) Importer(2089858483,b0f066a214c2f5e87bad3c948f4d605d) (ScriptedImporter) -> (artifact id: '4dce570b92002e43cc43913dc0ea71ad') in 0.007898 seconds
Number of updated asset objects reloaded before import = 0Number of asset objects unloaded after import = 3

========================================================================
Received Import Request.
  Time since last request: 0.000012 seconds.
  path: Assets/Modern UI Pack/Textures/Icon/Media/Video Filled.png
  artifactKey: Guid(9dc58fb07aa97b1489201500cf80db2c) Importer(2089858483,b0f066a214c2f5e87bad3c948f4d605d)
Start importing Assets/Modern UI Pack/Textures/Icon/Media/Video Filled.png using Guid(9dc58fb07aa97b1489201500cf80db2c) Importer(2089858483,b0f066a214c2f5e87bad3c948f4d605d) (ScriptedImporter) -> (artifact id: 'b96e0f9c4a88d66468ba5b9a861ce758') in 0.0092309 seconds
Number of updated asset objects reloaded before import = 0Number of asset objects unloaded after import = 3

========================================================================
Received Import Request.
  Time since last request: 0.000022 seconds.
  path: Assets/Modern UI Pack/Prefabs/Context Menu/Context Menu.prefab
  artifactKey: Guid(4007afa0c6d7d34479420814328729a7) Importer(2089858483,b0f066a214c2f5e87bad3c948f4d605d)
Start importing Assets/Modern UI Pack/Prefabs/Context Menu/Context Menu.prefab using Guid(4007afa0c6d7d34479420814328729a7) Importer(2089858483,b0f066a214c2f5e87bad3c948f4d605d) (ScriptedImporter) -> (artifact id: 'c405bd5ff04aeacfed61fb54c88c1487') in 0.0045668 seconds
Number of updated asset objects reloaded before import = 0Number of asset objects unloaded after import = 0

========================================================================
Received Import Request.
  Time since last request: 0.000020 seconds.
  path: Assets/Modern UI Pack/Prefabs/Slider/Gradient/Slider - Gradient (Value).prefab
  artifactKey: Guid(1825bc935af2c1f4dbb479e6322cd22d) Importer(2089858483,b0f066a214c2f5e87bad3c948f4d605d)
Start importing Assets/Modern UI Pack/Prefabs/Slider/Gradient/Slider - Gradient (Value).prefab using Guid(1825bc935af2c1f4dbb479e6322cd22d) Importer(2089858483,b0f066a214c2f5e87bad3c948f4d605d) (ScriptedImporter) -> (artifact id: '7b690c1e0fc2dcdbebb78091eefb438a') in 0.0041164 seconds
Number of updated asset objects reloaded before import = 0Number of asset objects unloaded after import = 0

========================================================================
Received Import Request.
  Time since last request: 0.000010 seconds.
  path: Assets/Modern UI Pack/Animations/Progress Bar/Material Spinner.anim
  artifactKey: Guid(54a8e79224dd1ed41bffbaa316ed272d) Importer(2089858483,b0f066a214c2f5e87bad3c948f4d605d)
Start importing Assets/Modern UI Pack/Animations/Progress Bar/Material Spinner.anim using Guid(54a8e79224dd1ed41bffbaa316ed272d) Importer(2089858483,b0f066a214c2f5e87bad3c948f4d605d) (ScriptedImporter) -> (artifact id: 'd8a7bf3987ed16c27fe30f5e6afca371') in 0.0148366 seconds
Number of updated asset objects reloaded before import = 0Number of asset objects unloaded after import = 1

========================================================================
Received Import Request.
  Time since last request: 0.000012 seconds.
  path: Assets/Modern UI Pack/Textures/Border/Radial/512px/Radial Outline 512px - 10x.png
  artifactKey: Guid(459e46a077b8afa4d93425018fc7b3cc) Importer(2089858483,b0f066a214c2f5e87bad3c948f4d605d)
Start importing Assets/Modern UI Pack/Textures/Border/Radial/512px/Radial Outline 512px - 10x.png using Guid(459e46a077b8afa4d93425018fc7b3cc) Importer(2089858483,b0f066a214c2f5e87bad3c948f4d605d) (ScriptedImporter) -> (artifact id: '97b899c7a71bdcf167e540f05666e4ec') in 0.0157212 seconds
Number of updated asset objects reloaded before import = 0Number of asset objects unloaded after import = 3

========================================================================
Received Import Request.
  Time since last request: 0.000012 seconds.
  path: Assets/Modern UI Pack/Prefabs/Button/Basic - Outline Gradient
  artifactKey: Guid(8d01b34971fec1645945bb1f08ee3ed9) Importer(2089858483,b0f066a214c2f5e87bad3c948f4d605d)
Start importing Assets/Modern UI Pack/Prefabs/Button/Basic - Outline Gradient using Guid(8d01b34971fec1645945bb1f08ee3ed9) Importer(2089858483,b0f066a214c2f5e87bad3c948f4d605d) (ScriptedImporter) -> (artifact id: '1480bfdab1b4bfcdf26f8629e33ed597') in 0.0044249 seconds
Number of updated asset objects reloaded before import = 0Number of asset objects unloaded after import = 1

========================================================================
Received Import Request.
  Time since last request: 0.000021 seconds.
  path: Assets/Modern UI Pack/Prefabs/Button/Basic - Outline Gradient/Red.prefab
  artifactKey: Guid(b92332d04cb21b244b96090db93b2ae5) Importer(2089858483,b0f066a214c2f5e87bad3c948f4d605d)
Start importing Assets/Modern UI Pack/Prefabs/Button/Basic - Outline Gradient/Red.prefab using Guid(b92332d04cb21b244b96090db93b2ae5) Importer(2089858483,b0f066a214c2f5e87bad3c948f4d605d) (ScriptedImporter) -> (artifact id: '99869f6f59253fcc936a979c8c663da6') in 0.0046764 seconds
Number of updated asset objects reloaded before import = 0Number of asset objects unloaded after import = 0

========================================================================
Received Import Request.
  Time since last request: 0.000013 seconds.
  path: Assets/Modern UI Pack/Textures/Border/Rounded/32px/Rounded Outline 32px - 3x.png
  artifactKey: Guid(5c49ef3a1a4460b4ca3a969124efb7fa) Importer(2089858483,b0f066a214c2f5e87bad3c948f4d605d)
Start importing Assets/Modern UI Pack/Textures/Border/Rounded/32px/Rounded Outline 32px - 3x.png using Guid(5c49ef3a1a4460b4ca3a969124efb7fa) Importer(2089858483,b0f066a214c2f5e87bad3c948f4d605d) (ScriptedImporter) -> (artifact id: '5e9a3e7b1e391af234fa2f3aad11dc2a') in 0.0092176 seconds
Number of updated asset objects reloaded before import = 0Number of asset objects unloaded after import = 3

========================================================================
Received Import Request.
  Time since last request: 0.000027 seconds.
  path: Assets/Modern UI Pack/Animations/Progress Bar/Circle Trapez.anim
  artifactKey: Guid(5ee31532d79dcb746afd4e577003e54a) Importer(2089858483,b0f066a214c2f5e87bad3c948f4d605d)
Start importing Assets/Modern UI Pack/Animations/Progress Bar/Circle Trapez.anim using Guid(5ee31532d79dcb746afd4e577003e54a) Importer(2089858483,b0f066a214c2f5e87bad3c948f4d605d) (ScriptedImporter) -> (artifact id: '60bbafde4ef7878c427a87640fe7134e') in 0.0052038 seconds
Number of updated asset objects reloaded before import = 0Number of asset objects unloaded after import = 1

========================================================================
Received Import Request.
  Time since last request: 0.000013 seconds.
  path: Assets/Modern UI Pack/Textures/Icon/Common/Eye.png
  artifactKey: Guid(e07717fc47a510742ac0b11da205b050) Importer(2089858483,b0f066a214c2f5e87bad3c948f4d605d)
Start importing Assets/Modern UI Pack/Textures/Icon/Common/Eye.png using Guid(e07717fc47a510742ac0b11da205b050) Importer(2089858483,b0f066a214c2f5e87bad3c948f4d605d) (ScriptedImporter) -> (artifact id: '89f6aaa3d50ea887d7a9932ef04ff235') in 0.0079504 seconds
Number of updated asset objects reloaded before import = 0Number of asset objects unloaded after import = 3

========================================================================
Received Import Request.
  Time since last request: 0.000024 seconds.
  path: Assets/Modern UI Pack/Animations/Horizontal Selector/Standard H Selector.controller
  artifactKey: Guid(7d125980a632a6548bbcebd0e8adda7b) Importer(2089858483,b0f066a214c2f5e87bad3c948f4d605d)
Start importing Assets/Modern UI Pack/Animations/Horizontal Selector/Standard H Selector.controller using Guid(7d125980a632a6548bbcebd0e8adda7b) Importer(2089858483,b0f066a214c2f5e87bad3c948f4d605d) (ScriptedImporter) -> (artifact id: 'b43824fc8c65dcf041cf860bfee6366c') in 0.0071362 seconds
Number of updated asset objects reloaded before import = 0Number of asset objects unloaded after import = 8

========================================================================
Received Import Request.
  Time since last request: 0.000013 seconds.
  path: Assets/Modern UI Pack/Animations/Context Menu
  artifactKey: Guid(0a615324710a848449e5b921e8eb2aee) Importer(2089858483,b0f066a214c2f5e87bad3c948f4d605d)
Start importing Assets/Modern UI Pack/Animations/Context Menu using Guid(0a615324710a848449e5b921e8eb2aee) Importer(2089858483,b0f066a214c2f5e87bad3c948f4d605d) (ScriptedImporter) -> (artifact id: '4116ef5f43f5dd230b4dd948c9166e7e') in 0.0038509 seconds
Number of updated asset objects reloaded before import = 0Number of asset objects unloaded after import = 1

========================================================================
Received Import Request.
  Time since last request: 0.000015 seconds.
  path: Assets/Modern UI Pack/Textures/Border/Rounded/256px/Rounded Outline 256px - 2x.png
  artifactKey: Guid(82efc156cd7ddc444933a146a27f0052) Importer(2089858483,b0f066a214c2f5e87bad3c948f4d605d)
Start importing Assets/Modern UI Pack/Textures/Border/Rounded/256px/Rounded Outline 256px - 2x.png using Guid(82efc156cd7ddc444933a146a27f0052) Importer(2089858483,b0f066a214c2f5e87bad3c948f4d605d) (ScriptedImporter) -> (artifact id: 'b6dbb849c0f4aac635ecfaa6a47584fa') in 0.0099467 seconds
Number of updated asset objects reloaded before import = 0Number of asset objects unloaded after import = 3

========================================================================
Received Import Request.
  Time since last request: 0.000012 seconds.
  path: Assets/Modern UI Pack/Animations/Switch/Switch.controller
  artifactKey: Guid(6bb62cb4c18d9d64db0b1e04206d84de) Importer(2089858483,b0f066a214c2f5e87bad3c948f4d605d)
Start importing Assets/Modern UI Pack/Animations/Switch/Switch.controller using Guid(6bb62cb4c18d9d64db0b1e04206d84de) Importer(2089858483,b0f066a214c2f5e87bad3c948f4d605d) (ScriptedImporter) -> (artifact id: '2183be7d78bcca0d4ed58ab55e118f0e') in 0.008449 seconds
Number of updated asset objects reloaded before import = 0Number of asset objects unloaded after import = 10

========================================================================
Received Import Request.
  Time since last request: 0.000019 seconds.
  path: Assets/Modern UI Pack/Animations/Modal Window/Tab Panel Close.anim
  artifactKey: Guid(a0d8dfa6010149e408f5b8dac0e37121) Importer(2089858483,b0f066a214c2f5e87bad3c948f4d605d)
Start importing Assets/Modern UI Pack/Animations/Modal Window/Tab Panel Close.anim using Guid(a0d8dfa6010149e408f5b8dac0e37121) Importer(2089858483,b0f066a214c2f5e87bad3c948f4d605d) (ScriptedImporter) -> (artifact id: '546abd838dd67264d974d379a64dda89') in 0.0057714 seconds
Number of updated asset objects reloaded before import = 0Number of asset objects unloaded after import = 1

========================================================================
Received Import Request.
  Time since last request: 0.000010 seconds.
  path: Assets/Modern UI Pack/Textures/Icon/Navigation/Check.png
  artifactKey: Guid(1c1bef4b40e990c42aed6432ebd324ef) Importer(2089858483,b0f066a214c2f5e87bad3c948f4d605d)
Start importing Assets/Modern UI Pack/Textures/Icon/Navigation/Check.png using Guid(1c1bef4b40e990c42aed6432ebd324ef) Importer(2089858483,b0f066a214c2f5e87bad3c948f4d605d) (ScriptedImporter) -> (artifact id: '396a2f933183cbcc561719e22c24696d') in 0.0079974 seconds
Number of updated asset objects reloaded before import = 0Number of asset objects unloaded after import = 3

========================================================================
Received Import Request.
  Time since last request: 0.000011 seconds.
  path: Assets/Modern UI Pack/Prefabs/Charts
  artifactKey: Guid(5ecbcb0668f0dfa4496666d1f8c2b470) Importer(2089858483,b0f066a214c2f5e87bad3c948f4d605d)
Start importing Assets/Modern UI Pack/Prefabs/Charts using Guid(5ecbcb0668f0dfa4496666d1f8c2b470) Importer(2089858483,b0f066a214c2f5e87bad3c948f4d605d) (ScriptedImporter) -> (artifact id: '162d9a46073ea1bc234e1c7e0951d88c') in 0.0045239 seconds
Number of updated asset objects reloaded before import = 0Number of asset objects unloaded after import = 1

========================================================================
Received Import Request.
  Time since last request: 0.000012 seconds.
  path: Assets/Modern UI Pack/Textures/Border/Radial/1024px/Radial Outline 1024px - 4x.png
  artifactKey: Guid(af5f231d6f8be724b99517825d4e8fff) Importer(2089858483,b0f066a214c2f5e87bad3c948f4d605d)
Start importing Assets/Modern UI Pack/Textures/Border/Radial/1024px/Radial Outline 1024px - 4x.png using Guid(af5f231d6f8be724b99517825d4e8fff) Importer(2089858483,b0f066a214c2f5e87bad3c948f4d605d) (ScriptedImporter) -> (artifact id: 'cfdaf1f6931f2a740b060f2c65b9cb2f') in 0.0145366 seconds
Number of updated asset objects reloaded before import = 0Number of asset objects unloaded after import = 3

========================================================================
Received Import Request.
  Time since last request: 0.000029 seconds.
  path: Assets/Modern UI Pack/Textures/Icon/Others/Expand.png
  artifactKey: Guid(8dcd5f373cd25944eb819fc6795f9dfa) Importer(2089858483,b0f066a214c2f5e87bad3c948f4d605d)
Start importing Assets/Modern UI Pack/Textures/Icon/Others/Expand.png using Guid(8dcd5f373cd25944eb819fc6795f9dfa) Importer(2089858483,b0f066a214c2f5e87bad3c948f4d605d) (ScriptedImporter) -> (artifact id: 'a783781db10998c842b9c142479d6651') in 0.0110246 seconds
Number of updated asset objects reloaded before import = 0Number of asset objects unloaded after import = 3

========================================================================
Received Import Request.
  Time since last request: 0.000015 seconds.
  path: Assets/Modern UI Pack/Animations/Animated Icon/Lock Open.anim
  artifactKey: Guid(8ea8e236f8a2ea7468b35818efd105dd) Importer(2089858483,b0f066a214c2f5e87bad3c948f4d605d)
Start importing Assets/Modern UI Pack/Animations/Animated Icon/Lock Open.anim using Guid(8ea8e236f8a2ea7468b35818efd105dd) Importer(2089858483,b0f066a214c2f5e87bad3c948f4d605d) (ScriptedImporter) -> (artifact id: '62e516f397d5c6800074586bb313f461') in 0.0053489 seconds
Number of updated asset objects reloaded before import = 0Number of asset objects unloaded after import = 1

========================================================================
Received Import Request.
  Time since last request: 0.000012 seconds.
  path: Assets/Modern UI Pack/Textures/Border/Radial/256px/Radial Outline 256px - 10x.png
  artifactKey: Guid(a09d9ea1d290ec148a3ec65492d3b299) Importer(2089858483,b0f066a214c2f5e87bad3c948f4d605d)
Start importing Assets/Modern UI Pack/Textures/Border/Radial/256px/Radial Outline 256px - 10x.png using Guid(a09d9ea1d290ec148a3ec65492d3b299) Importer(2089858483,b0f066a214c2f5e87bad3c948f4d605d) (ScriptedImporter) -> (artifact id: '7f39a47a2e8f51cef5accf380d03fad8') in 0.0075355 seconds
Number of updated asset objects reloaded before import = 0Number of asset objects unloaded after import = 3

========================================================================
Received Import Request.
  Time since last request: 0.000021 seconds.
  path: Assets/Modern UI Pack/Textures/Icon/Navigation/Arrow Simple Right.png
  artifactKey: Guid(0db74eaedc5768049b3b62b9e6149b09) Importer(2089858483,b0f066a214c2f5e87bad3c948f4d605d)
Start importing Assets/Modern UI Pack/Textures/Icon/Navigation/Arrow Simple Right.png using Guid(0db74eaedc5768049b3b62b9e6149b09) Importer(2089858483,b0f066a214c2f5e87bad3c948f4d605d) (ScriptedImporter) -> (artifact id: '9688c1cdb1a4fddef8338af812d56926') in 0.0119799 seconds
Number of updated asset objects reloaded before import = 0Number of asset objects unloaded after import = 3

========================================================================
Received Import Request.
  Time since last request: 0.000030 seconds.
  path: Assets/Modern UI Pack/Textures/Icon/Others/Animation Icon Stuff/Sand Clock.png
  artifactKey: Guid(39974175474397949a97cc2bec110ca7) Importer(2089858483,b0f066a214c2f5e87bad3c948f4d605d)
Start importing Assets/Modern UI Pack/Textures/Icon/Others/Animation Icon Stuff/Sand Clock.png using Guid(39974175474397949a97cc2bec110ca7) Importer(2089858483,b0f066a214c2f5e87bad3c948f4d605d) (ScriptedImporter) -> (artifact id: '50f7a767533d44aa71d28989013cc2fb') in 0.0093328 seconds
Number of updated asset objects reloaded before import = 0Number of asset objects unloaded after import = 3

========================================================================
Received Import Request.
  Time since last request: 0.000013 seconds.
  path: Assets/Modern UI Pack/Textures/Border/Radial/64px
  artifactKey: Guid(785849876580a414fb22d689946810b4) Importer(2089858483,b0f066a214c2f5e87bad3c948f4d605d)
Start importing Assets/Modern UI Pack/Textures/Border/Radial/64px using Guid(785849876580a414fb22d689946810b4) Importer(2089858483,b0f066a214c2f5e87bad3c948f4d605d) (ScriptedImporter) -> (artifact id: '0f98663dd8a66073e040141c35cd7640') in 0.0041563 seconds
Number of updated asset objects reloaded before import = 0Number of asset objects unloaded after import = 1

========================================================================
Received Import Request.
  Time since last request: 0.000011 seconds.
  path: Assets/Modern UI Pack/Textures/Icon/Business & Commerce/Money Filled.png
  artifactKey: Guid(a934e30ca800d4e4b8e377b5e5ba7f04) Importer(2089858483,b0f066a214c2f5e87bad3c948f4d605d)
Start importing Assets/Modern UI Pack/Textures/Icon/Business & Commerce/Money Filled.png using Guid(a934e30ca800d4e4b8e377b5e5ba7f04) Importer(2089858483,b0f066a214c2f5e87bad3c948f4d605d) (ScriptedImporter) -> (artifact id: 'a4ffd4750d011091f9795b5dfa8a6596') in 0.0092794 seconds
Number of updated asset objects reloaded before import = 0Number of asset objects unloaded after import = 3

========================================================================
Received Import Request.
  Time since last request: 0.000020 seconds.
  path: Assets/Modern UI Pack/Textures/Icon/Map/World Filled.png
  artifactKey: Guid(2bd23db3dacc44f4eac341588cd1891d) Importer(2089858483,b0f066a214c2f5e87bad3c948f4d605d)
Start importing Assets/Modern UI Pack/Textures/Icon/Map/World Filled.png using Guid(2bd23db3dacc44f4eac341588cd1891d) Importer(2089858483,b0f066a214c2f5e87bad3c948f4d605d) (ScriptedImporter) -> (artifact id: 'd91835c14e84d60ec22e39cae121005e') in 0.0074254 seconds
Number of updated asset objects reloaded before import = 0Number of asset objects unloaded after import = 3

========================================================================
Received Import Request.
  Time since last request: 0.000021 seconds.
  path: Assets/Modern UI Pack/Prefabs/Button
  artifactKey: Guid(fd3f616fff1366b4390f5b23aed7c9ac) Importer(2089858483,b0f066a214c2f5e87bad3c948f4d605d)
Start importing Assets/Modern UI Pack/Prefabs/Button using Guid(fd3f616fff1366b4390f5b23aed7c9ac) Importer(2089858483,b0f066a214c2f5e87bad3c948f4d605d) (ScriptedImporter) -> (artifact id: '78f1d07336e0947f0ed1dc5c7e456111') in 0.0041181 seconds
Number of updated asset objects reloaded before import = 0Number of asset objects unloaded after import = 1

========================================================================
Received Import Request.
  Time since last request: 0.000019 seconds.
  path: Assets/Modern UI Pack/Textures/Icon/Communication & Social/Github (Filled).png
  artifactKey: Guid(21b64335db12190479894eb88ed5e9f6) Importer(2089858483,b0f066a214c2f5e87bad3c948f4d605d)
Start importing Assets/Modern UI Pack/Textures/Icon/Communication & Social/Github (Filled).png using Guid(21b64335db12190479894eb88ed5e9f6) Importer(2089858483,b0f066a214c2f5e87bad3c948f4d605d) (ScriptedImporter) -> (artifact id: '750a3a7cef477d85b089c5cd4daa1991') in 0.0085897 seconds
Number of updated asset objects reloaded before import = 0Number of asset objects unloaded after import = 3

========================================================================
Received Import Request.
  Time since last request: 0.000016 seconds.
  path: Assets/Modern UI Pack/Textures/Border/Rounded
  artifactKey: Guid(69968d7d567feb249bb350f706907d2b) Importer(2089858483,b0f066a214c2f5e87bad3c948f4d605d)
Start importing Assets/Modern UI Pack/Textures/Border/Rounded using Guid(69968d7d567feb249bb350f706907d2b) Importer(2089858483,b0f066a214c2f5e87bad3c948f4d605d) (ScriptedImporter) -> (artifact id: 'ba9bdc2de747d3f905ecb72a49abc653') in 0.0033302 seconds
Number of updated asset objects reloaded before import = 0Number of asset objects unloaded after import = 1

========================================================================
Received Import Request.
  Time since last request: 0.000011 seconds.
  path: Assets/Modern UI Pack/Prefabs/Button/Rounded - Outline Gradient/Orange.prefab
  artifactKey: Guid(7a651bd57df0aac4c97d7e7e1446e914) Importer(2089858483,b0f066a214c2f5e87bad3c948f4d605d)
Start importing Assets/Modern UI Pack/Prefabs/Button/Rounded - Outline Gradient/Orange.prefab using Guid(7a651bd57df0aac4c97d7e7e1446e914) Importer(2089858483,b0f066a214c2f5e87bad3c948f4d605d) (ScriptedImporter) -> (artifact id: '07afd7f7d845cc3c0519f751962973af') in 0.0050148 seconds
Number of updated asset objects reloaded before import = 0Number of asset objects unloaded after import = 0

========================================================================
Received Import Request.
  Time since last request: 0.000015 seconds.
  path: Assets/Modern UI Pack/Textures/Border/Radial/64px/Radial Outline 64px - 3x.png
  artifactKey: Guid(173c0db4c08d8c747a77001f52ccb95c) Importer(2089858483,b0f066a214c2f5e87bad3c948f4d605d)
Start importing Assets/Modern UI Pack/Textures/Border/Radial/64px/Radial Outline 64px - 3x.png using Guid(173c0db4c08d8c747a77001f52ccb95c) Importer(2089858483,b0f066a214c2f5e87bad3c948f4d605d) (ScriptedImporter) -> (artifact id: 'ca8bdad5763b1ef9b6e2b9eb46f54961') in 0.0108034 seconds
Number of updated asset objects reloaded before import = 0Number of asset objects unloaded after import = 3

========================================================================
Received Import Request.
  Time since last request: 0.000024 seconds.
  path: Assets/Modern UI Pack/Textures/Icon/Common/Heart.png
  artifactKey: Guid(bd190f341a63ae7449752d80a3a8ef73) Importer(2089858483,b0f066a214c2f5e87bad3c948f4d605d)
Start importing Assets/Modern UI Pack/Textures/Icon/Common/Heart.png using Guid(bd190f341a63ae7449752d80a3a8ef73) Importer(2089858483,b0f066a214c2f5e87bad3c948f4d605d) (ScriptedImporter) -> (artifact id: 'b0f706961ecafae3702524a18834ef59') in 0.008268 seconds
Number of updated asset objects reloaded before import = 0Number of asset objects unloaded after import = 3

========================================================================
Received Import Request.
  Time since last request: 0.000012 seconds.
  path: Assets/Modern UI Pack/Textures/Icon/UI Elements/Dropdown.png
  artifactKey: Guid(d5da7e971c583dd4493fab864dcb84ef) Importer(2089858483,b0f066a214c2f5e87bad3c948f4d605d)
Start importing Assets/Modern UI Pack/Textures/Icon/UI Elements/Dropdown.png using Guid(d5da7e971c583dd4493fab864dcb84ef) Importer(2089858483,b0f066a214c2f5e87bad3c948f4d605d) (ScriptedImporter) -> (artifact id: '560b23c6125128b92a318da66e41e88f') in 0.0079981 seconds
Number of updated asset objects reloaded before import = 0Number of asset objects unloaded after import = 3

========================================================================
Received Import Request.
  Time since last request: 0.000012 seconds.
  path: Assets/Modern UI Pack/Prefabs/Input Field/Input Field - Standard (Middle).prefab
  artifactKey: Guid(f6d82199af7ca3743b7a21cc4398ba50) Importer(2089858483,b0f066a214c2f5e87bad3c948f4d605d)
Start importing Assets/Modern UI Pack/Prefabs/Input Field/Input Field - Standard (Middle).prefab using Guid(f6d82199af7ca3743b7a21cc4398ba50) Importer(2089858483,b0f066a214c2f5e87bad3c948f4d605d) (ScriptedImporter) -> (artifact id: 'a9e972a7fdba53b9f9b2dd62cf709f23') in 0.0046762 seconds
Number of updated asset objects reloaded before import = 0Number of asset objects unloaded after import = 0

========================================================================
Received Import Request.
  Time since last request: 0.000014 seconds.
  path: Assets/Modern UI Pack/Textures/Icon/UI Elements/Button (Filled).png
  artifactKey: Guid(6fe3a26b9c8c4a24e9e8c3ec61cd5cc6) Importer(2089858483,b0f066a214c2f5e87bad3c948f4d605d)
Start importing Assets/Modern UI Pack/Textures/Icon/UI Elements/Button (Filled).png using Guid(6fe3a26b9c8c4a24e9e8c3ec61cd5cc6) Importer(2089858483,b0f066a214c2f5e87bad3c948f4d605d) (ScriptedImporter) -> (artifact id: '7451ec768b0362a22e4adeaa2e80fd55') in 0.0084023 seconds
Number of updated asset objects reloaded before import = 0Number of asset objects unloaded after import = 3

========================================================================
Received Import Request.
  Time since last request: 0.000021 seconds.
  path: Assets/Modern UI Pack/Prefabs/Button/Rounded - Outline
  artifactKey: Guid(fee745512957f5442acebe1a666718bf) Importer(2089858483,b0f066a214c2f5e87bad3c948f4d605d)
Start importing Assets/Modern UI Pack/Prefabs/Button/Rounded - Outline using Guid(fee745512957f5442acebe1a666718bf) Importer(2089858483,b0f066a214c2f5e87bad3c948f4d605d) (ScriptedImporter) -> (artifact id: '9e4a4901bb24d2e7f5229f7e21c951a7') in 0.0040185 seconds
Number of updated asset objects reloaded before import = 0Number of asset objects unloaded after import = 1

========================================================================
Received Import Request.
  Time since last request: 0.000017 seconds.
  path: Assets/Modern UI Pack/Resources/UI Manager Presets/Default.preset
  artifactKey: Guid(f4aef7328af695b499c3c4e07387404e) Importer(2089858483,b0f066a214c2f5e87bad3c948f4d605d)
Start importing Assets/Modern UI Pack/Resources/UI Manager Presets/Default.preset using Guid(f4aef7328af695b499c3c4e07387404e) Importer(2089858483,b0f066a214c2f5e87bad3c948f4d605d) (ScriptedImporter) -> (artifact id: '61d0ad1ac2264c6460df116c3aad2765') in 0.0092948 seconds
Number of updated asset objects reloaded before import = 0Number of asset objects unloaded after import = 1

========================================================================
Received Import Request.
  Time since last request: 0.000013 seconds.
  path: Assets/Modern UI Pack/Prefabs/Button/Basic - Outline/Pink.prefab
  artifactKey: Guid(7769066200adf2142a9c81de3c718bb9) Importer(2089858483,b0f066a214c2f5e87bad3c948f4d605d)
Start importing Assets/Modern UI Pack/Prefabs/Button/Basic - Outline/Pink.prefab using Guid(7769066200adf2142a9c81de3c718bb9) Importer(2089858483,b0f066a214c2f5e87bad3c948f4d605d) (ScriptedImporter) -> (artifact id: 'ac246bd64990ff5fd8521dd85ae46e53') in 0.0046199 seconds
Number of updated asset objects reloaded before import = 0Number of asset objects unloaded after import = 0

========================================================================
Received Import Request.
  Time since last request: 0.000015 seconds.
  path: Assets/Modern UI Pack/Prefabs/Dropdown/Dropdown - Multi Select.prefab
  artifactKey: Guid(8824483cce8b8314f83f933a59d1483c) Importer(2089858483,b0f066a214c2f5e87bad3c948f4d605d)
Start importing Assets/Modern UI Pack/Prefabs/Dropdown/Dropdown - Multi Select.prefab using Guid(8824483cce8b8314f83f933a59d1483c) Importer(2089858483,b0f066a214c2f5e87bad3c948f4d605d) (ScriptedImporter) -> (artifact id: '598f7cbcad98c63bed13770b510c2a40') in 0.0054861 seconds
Number of updated asset objects reloaded before import = 0Number of asset objects unloaded after import = 0

========================================================================
Received Import Request.
  Time since last request: 0.000028 seconds.
  path: Assets/Modern UI Pack/Animations/Input Field
  artifactKey: Guid(03668b68188066a4891aa806d5808ad4) Importer(2089858483,b0f066a214c2f5e87bad3c948f4d605d)
Start importing Assets/Modern UI Pack/Animations/Input Field using Guid(03668b68188066a4891aa806d5808ad4) Importer(2089858483,b0f066a214c2f5e87bad3c948f4d605d) (ScriptedImporter) -> (artifact id: '612809d9d99c73d813eb630e0c6c04ba') in 0.0041585 seconds
Number of updated asset objects reloaded before import = 0Number of asset objects unloaded after import = 1

========================================================================
Received Import Request.
  Time since last request: 0.000013 seconds.
  path: Assets/Modern UI Pack/Prefabs/Button/Basic - Outline/White.prefab
  artifactKey: Guid(69a688479fbdc954491fe244abdaf6fd) Importer(2089858483,b0f066a214c2f5e87bad3c948f4d605d)
Start importing Assets/Modern UI Pack/Prefabs/Button/Basic - Outline/White.prefab using Guid(69a688479fbdc954491fe244abdaf6fd) Importer(2089858483,b0f066a214c2f5e87bad3c948f4d605d) (ScriptedImporter) -> (artifact id: '77adbb3500af0db6bbabb1d61a2b7cc1') in 0.0044769 seconds
Number of updated asset objects reloaded before import = 0Number of asset objects unloaded after import = 0

========================================================================
Received Import Request.
  Time since last request: 0.000012 seconds.
  path: Assets/Modern UI Pack/Textures/Icon/Media/Microphone.png
  artifactKey: Guid(66bf9157a68771e4a82bdfe968f08212) Importer(2089858483,b0f066a214c2f5e87bad3c948f4d605d)
Start importing Assets/Modern UI Pack/Textures/Icon/Media/Microphone.png using Guid(66bf9157a68771e4a82bdfe968f08212) Importer(2089858483,b0f066a214c2f5e87bad3c948f4d605d) (ScriptedImporter) -> (artifact id: '1b1a92c0a95576c30287050bb65fdd1e') in 0.012777 seconds
Number of updated asset objects reloaded before import = 0Number of asset objects unloaded after import = 3

========================================================================
Received Import Request.
  Time since last request: 0.000017 seconds.
  path: Assets/Modern UI Pack/Textures/Border/Rounded/32px/Rounded Outline 32px - 4x.png
  artifactKey: Guid(4859a9b48155b404492c5e59833bdea8) Importer(2089858483,b0f066a214c2f5e87bad3c948f4d605d)
Start importing Assets/Modern UI Pack/Textures/Border/Rounded/32px/Rounded Outline 32px - 4x.png using Guid(4859a9b48155b404492c5e59833bdea8) Importer(2089858483,b0f066a214c2f5e87bad3c948f4d605d) (ScriptedImporter) -> (artifact id: 'ee1ebeebe48745fa2d54e7788a435f2d') in 0.0114046 seconds
Number of updated asset objects reloaded before import = 0Number of asset objects unloaded after import = 3

========================================================================
Received Import Request.
  Time since last request: 0.000018 seconds.
  path: Assets/Modern UI Pack/Textures/Icon/Communication & Social/User.png
  artifactKey: Guid(54480c8535d545149b22ee8bfcaad6c2) Importer(2089858483,b0f066a214c2f5e87bad3c948f4d605d)
Start importing Assets/Modern UI Pack/Textures/Icon/Communication & Social/User.png using Guid(54480c8535d545149b22ee8bfcaad6c2) Importer(2089858483,b0f066a214c2f5e87bad3c948f4d605d) (ScriptedImporter) -> (artifact id: 'a04cb357e4be8a55bb55aa4188fd11cf') in 0.0109954 seconds
Number of updated asset objects reloaded before import = 0Number of asset objects unloaded after import = 3

========================================================================
Received Import Request.
  Time since last request: 0.000012 seconds.
  path: Assets/Modern UI Pack/Textures/Border/Rounded/32px/Rounded Outline 32px - 2x.png
  artifactKey: Guid(b0b2e82f84dad884f986de1deb5331a3) Importer(2089858483,b0f066a214c2f5e87bad3c948f4d605d)
Start importing Assets/Modern UI Pack/Textures/Border/Rounded/32px/Rounded Outline 32px - 2x.png using Guid(b0b2e82f84dad884f986de1deb5331a3) Importer(2089858483,b0f066a214c2f5e87bad3c948f4d605d) (ScriptedImporter) -> (artifact id: 'b85f1573f846fc10480ad9a8cca8a12a') in 0.0142899 seconds
Number of updated asset objects reloaded before import = 0Number of asset objects unloaded after import = 3

========================================================================
Received Import Request.
  Time since last request: 0.000016 seconds.
  path: Assets/Modern UI Pack/Textures/Icon/System/Lock.png
  artifactKey: Guid(cacaf83c4f5642244a1e47f13500c4a0) Importer(2089858483,b0f066a214c2f5e87bad3c948f4d605d)
Start importing Assets/Modern UI Pack/Textures/Icon/System/Lock.png using Guid(cacaf83c4f5642244a1e47f13500c4a0) Importer(2089858483,b0f066a214c2f5e87bad3c948f4d605d) (ScriptedImporter) -> (artifact id: '48f27d8d86bb0559d520d02ce1431c73') in 0.0094615 seconds
Number of updated asset objects reloaded before import = 0Number of asset objects unloaded after import = 3

========================================================================
Received Import Request.
  Time since last request: 0.000013 seconds.
  path: Assets/Modern UI Pack/Animations/Toggle/Toggle On.anim
  artifactKey: Guid(d181c27d20b33f6488179efae8f586fb) Importer(2089858483,b0f066a214c2f5e87bad3c948f4d605d)
Start importing Assets/Modern UI Pack/Animations/Toggle/Toggle On.anim using Guid(d181c27d20b33f6488179efae8f586fb) Importer(2089858483,b0f066a214c2f5e87bad3c948f4d605d) (ScriptedImporter) -> (artifact id: 'dfbc0d607ea8c53a12193be0035e603e') in 0.0075179 seconds
Number of updated asset objects reloaded before import = 0Number of asset objects unloaded after import = 1

========================================================================
Received Import Request.
  Time since last request: 0.000022 seconds.
  path: Assets/Modern UI Pack/Prefabs/Window Manager/Window Manager Button.prefab
  artifactKey: Guid(cdbe8ccefdf356c4db51654de58b7139) Importer(2089858483,b0f066a214c2f5e87bad3c948f4d605d)
Start importing Assets/Modern UI Pack/Prefabs/Window Manager/Window Manager Button.prefab using Guid(cdbe8ccefdf356c4db51654de58b7139) Importer(2089858483,b0f066a214c2f5e87bad3c948f4d605d) (ScriptedImporter) -> (artifact id: 'c0d5d198e10bb65546e67ab8ec69b7a4') in 0.0043446 seconds
Number of updated asset objects reloaded before import = 0Number of asset objects unloaded after import = 0

========================================================================
Received Import Request.
  Time since last request: 0.000012 seconds.
  path: Assets/Modern UI Pack/Textures/Icon/Navigation/Arrow Right.png
  artifactKey: Guid(395800a7c7a30f448b61fb690556100f) Importer(2089858483,b0f066a214c2f5e87bad3c948f4d605d)
Start importing Assets/Modern UI Pack/Textures/Icon/Navigation/Arrow Right.png using Guid(395800a7c7a30f448b61fb690556100f) Importer(2089858483,b0f066a214c2f5e87bad3c948f4d605d) (ScriptedImporter) -> (artifact id: '5c13e2f66edc223f17756c8e9504b36e') in 0.0108306 seconds
Number of updated asset objects reloaded before import = 0Number of asset objects unloaded after import = 3

========================================================================
Received Import Request.
  Time since last request: 0.000012 seconds.
  path: Assets/Modern UI Pack/Textures/Icon/Navigation/Add.png
  artifactKey: Guid(66995b6b61aed864daa956ae255d7fee) Importer(2089858483,b0f066a214c2f5e87bad3c948f4d605d)
Start importing Assets/Modern UI Pack/Textures/Icon/Navigation/Add.png using Guid(66995b6b61aed864daa956ae255d7fee) Importer(2089858483,b0f066a214c2f5e87bad3c948f4d605d) (ScriptedImporter) -> (artifact id: 'a55a5d390aa09bb90cbb247249aab48f') in 0.0095881 seconds
Number of updated asset objects reloaded before import = 0Number of asset objects unloaded after import = 3

========================================================================
Received Prepare
Begin MonoManager ReloadAssembly
Duplicate assembly 'System.Runtime.CompilerServices.Unsafe.dll' with different versions detected, using 'Packages/com.unity.ai.assistant/Plugins/Shared/System.Runtime.CompilerServices.Unsafe.dll, AssemblyName=System.Runtime.CompilerServices.Unsafe, Version=6.0.3.0, Culture=neutral, PublicKeyToken=b03f5f7f11d50a3a' and ignoring 'Packages/com.unity.collections/Unity.Collections.Tests/System.Runtime.CompilerServices.Unsafe/System.Runtime.CompilerServices.Unsafe.dll, AssemblyName=System.Runtime.CompilerServices.Unsafe, Version=6.0.0.0, Culture=neutral, PublicKeyToken=b03f5f7f11d50a3a'.Symbol file LoadedFromMemory is not a mono symbol file
Symbol file LoadedFromMemory is not a mono symbol file
- Loaded All Assemblies, in  1.360 seconds
Refreshing native plugins compatible for Editor in 18.11 ms, found 14 plugins.
Native extension for Android target not found
Native extension for WindowsStandalone target not found
[Package Manager] Failed to launch server process. Reason: Unity was launched with the -noUpm command-line argument
[Package Manager] Unable to send message (not connected to server process).
[Package Manager] Cannot connect to Unity Package Manager local server
Duplicate assembly 'System.Runtime.CompilerServices.Unsafe.dll' with different versions detected, using 'Packages/com.unity.ai.assistant/Plugins/Shared/System.Runtime.CompilerServices.Unsafe.dll, AssemblyName=System.Runtime.CompilerServices.Unsafe, Version=6.0.3.0, Culture=neutral, PublicKeyToken=b03f5f7f11d50a3a' and ignoring 'Packages/com.unity.collections/Unity.Collections.Tests/System.Runtime.CompilerServices.Unsafe/System.Runtime.CompilerServices.Unsafe.dll, AssemblyName=System.Runtime.CompilerServices.Unsafe, Version=6.0.0.0, Culture=neutral, PublicKeyToken=b03f5f7f11d50a3a'.Refreshing native plugins compatible for Editor in 17.82 ms, found 14 plugins.
[Package Manager] Failed to launch server process. Reason: Unity was launched with the -noUpm command-line argument
[Package Manager] Unable to send message (not connected to server process).
[Package Manager] Cannot connect to Unity Package Manager local server
System.Reflection.TargetInvocationException: Exception has been thrown by the target of an invocation. ---> System.NullReferenceException: Object reference not set to an instance of an object
  at Unity.XR.Oculus.OculusLoader.AssetPathToAbsolutePath (System.String assetPath) [0x0003d] in .\Library\PackageCache\com.unity.xr.oculus@68ef97a4d91e\Runtime\OculusLoader.cs:312 
  at Unity.XR.Oculus.OculusLoader.EditorLoadOVRPlugin () [0x0008c] in .\Library\PackageCache\com.unity.xr.oculus@68ef97a4d91e\Runtime\OculusLoader.cs:297 
  at (wrapper managed-to-native) System.Reflection.RuntimeMethodInfo.InternalInvoke(System.Reflection.RuntimeMethodInfo,object,object[],System.Exception&)
  at System.Reflection.RuntimeMethodInfo.Invoke (System.Object obj, System.Reflection.BindingFlags invokeAttr, System.Reflection.Binder binder, System.Object[] parameters, System.Globalization.CultureInfo culture) [0x0006a] in <1eb9db207454431c84a47bcd81e79c37>:0 
   --- End of inner exception stack trace ---
  at System.Reflection.RuntimeMethodInfo.Invoke (System.Object obj, System.Reflection.BindingFlags invokeAttr, System.Reflection.Binder binder, System.Object[] parameters, System.Globalization.CultureInfo culture) [0x00083] in <1eb9db207454431c84a47bcd81e79c37>:0 
  at System.Reflection.MethodBase.Invoke (System.Object obj, System.Object[] parameters) [0x00000] in <1eb9db207454431c84a47bcd81e79c37>:0 
  at UnityEditor.EditorAssemblies.ProcessInitializeOnLoadMethodAttributes () [0x00087] in <5016c3a47c2a4a0cbfa8e12eb592279b>:0 
UnityEngine.Debug:ExtractStackTraceNoAlloc (byte*,int,string)
UnityEngine.StackTraceUtility:ExtractStackTrace ()
UnityEngine.DebugLogHandler:Internal_Log (UnityEngine.LogType,UnityEngine.LogOption,string,UnityEngine.Object)
UnityEngine.DebugLogHandler:LogFormat (UnityEngine.LogType,UnityEngine.Object,string,object[])
UnityEngine.Logger:Log (UnityEngine.LogType,object)
UnityEngine.Debug:LogError (object)
UnityEditor.EditorAssemblies:ProcessInitializeOnLoadMethodAttributes ()

ScheduleIndexationOnStartup MainProcess:False IndexOnStartup:True
Mono: successfully reloaded assembly
[Package Manager] Failed to launch server process. Reason: Unity was launched with the -noUpm command-line argument
[Package Manager] Unable to send message (not connected to server process).
[Package Manager] Cannot connect to Unity Package Manager local server
- Finished resetting the current domain, in  4.680 seconds
Domain Reload Profiling: 6025ms
	BeginReloadAssembly (339ms)
		ExecutionOrderSort (0ms)
		DisableScriptedObjects (4ms)
		BackupInstance (0ms)
		ReleaseScriptingObjects (0ms)
		CreateAndSetChildDomain (82ms)
	RebuildCommonClasses (30ms)
	RebuildNativeTypeToScriptingClass (11ms)
	initialDomainReloadingComplete (66ms)
	LoadAllAssembliesAndSetupDomain (899ms)
		LoadAssemblies (745ms)
		RebuildTransferFunctionScriptingTraits (0ms)
		AnalyzeDomain (322ms)
			TypeCache.Refresh (9ms)
				TypeCache.ScanAssembly (0ms)
			BuildScriptInfoCaches (297ms)
			ResolveRequiredComponents (10ms)
	FinalizeReload (4681ms)
		ReleaseScriptCaches (0ms)
		RebuildScriptCaches (0ms)
		SetupLoadedEditorAssemblies (4460ms)
			LogAssemblyErrors (0ms)
			InitializePlatformSupportModulesInManaged (11ms)
			SetLoadedEditorAssemblies (6ms)
			BeforeProcessingInitializeOnLoad (253ms)
			ProcessInitializeOnLoadAttributes (3832ms)
			ProcessInitializeOnLoadMethodAttributes (347ms)
			AfterProcessingInitializeOnLoad (11ms)
			EditorAssembliesLoaded (0ms)
		ExecutionOrderSort2 (0ms)
		AwakeInstancesAfterBackupRestoration (13ms)
Refreshing native plugins compatible for Editor in 14.65 ms, found 14 plugins.
Preloading 2 native plugins for Editor in 0.17 ms.
Unloading 59 Unused Serialized files (Serialized files now loaded: 0)
Unloading 11576 unused Assets / (22.5 MB). Loaded Objects now: 12308.
Memory consumption went from 274.4 MB to 251.9 MB.
Total: 18.068900 ms (FindLiveObjects: 0.796500 ms CreateObjectMapping: 0.534600 ms MarkObjects: 12.158700 ms  DeleteObjects: 4.578100 ms)

Prepare: number of updated asset objects reloaded= 0
Editor requested this worker to shutdown with reason: Scaling down because of idle timeout
AssetImportWorker is now disconnected from the server
Process exiting
Exiting without the bug reporter. Application will terminate with return code 0